<?xml version="1.0" encoding="UTF-8"?>
<testsuite xmlns:xsi="http://www.w3.org/2001/XMLSchema-instance" xsi:noNamespaceSchemaLocation="https://maven.apache.org/surefire/maven-surefire-plugin/xsd/surefire-test-report-3.0.xsd" version="3.0" name="com.nova.link.channel.PrivateChannelClientIsolationPropertyTest" time="0.263" tests="6" errors="0" skipped="0" failures="0">
  <properties>
[...]
</properties>
  <testcase name="playersFromSameClientShouldBeDeniedAccessWithWrongPassword" classname="com.nova.link.channel.PrivateChannelClientIsolationPropertyTest" time="0.048">
    <system-out><![CDATA[12:29:58.210 [main] INFO  c.nova.link.channel.ChannelManager - Created channel: NC-3358 (scope=PRIVATE, client=̻訾뭥稚ᶁྭ檇)
12:29:58.210 [main] INFO  c.n.l.channel.PrivateChannelManager - Created private channel: NC-3358 (owner=a223f9f2-b398-47bf-953c-3aadd1bc8d56, client=̻訾뭥稚ᶁྭ檇, passwordGenerated=false)
12:29:58.211 [main] DEBUG c.n.l.channel.PrivateChannelManager - Access denied to channel NC-3358: incorrect password
12:29:58.212 [main] INFO  c.nova.link.channel.ChannelManager - Created channel: NC-A0BF (scope=PRIVATE, client=鰞㛢캿佀諙겥㝤⒓⹛)
12:29:58.212 [main] INFO  c.n.l.channel.PrivateChannelManager - Created private channel: NC-A0BF (owner=d2155d8e-1de8-4106-b742-62cdd5b7370d, client=鰞㛢캿佀諙겥㝤⒓⹛, passwordGenerated=false)
12:29:58.212 [main] DEBUG c.n.l.channel.PrivateChannelManager - Access denied to channel NC-A0BF: incorrect password
12:29:58.213 [main] INFO  c.nova.link.channel.ChannelManager - Created channel: NC-69B6 (scope=PRIVATE, client=湯蟧䯺쿲粺)
12:29:58.213 [main] INFO  c.n.l.channel.PrivateChannelManager - Created private channel: NC-69B6 (owner=be1d48e8-1ed4-472a-a8d8-e5ecec8ee9c4, client=湯蟧䯺쿲粺, passwordGenerated=false)
12:29:58.213 [main] DEBUG c.n.l.channel.PrivateChannelManager - Access denied to channel NC-69B6: incorrect password
12:29:58.213 [main] INFO  c.nova.link.channel.ChannelManager - Created channel: NC-5678 (scope=PRIVATE, client=܂ꉩ蘵↋읓౜뛎Ēȴ)
12:29:58.213 [main] INFO  c.n.l.channel.PrivateChannelManager - Created private channel: NC-5678 (owner=a21db844-f8ae-4c7a-85ff-a26e4bbb72ad, client=܂ꉩ蘵↋읓౜뛎Ēȴ, passwordGenerated=false)
12:29:58.213 [main] DEBUG c.n.l.channel.PrivateChannelManager - Access denied to channel NC-5678: incorrect password
12:29:58.213 [main] INFO  c.nova.link.channel.ChannelManager - Created channel: NC-327D (scope=PRIVATE, client=츝)
12:29:58.213 [main] INFO  c.n.l.channel.PrivateChannelManager - Created private channel: NC-327D (owner=b5dcb32b-8867-448a-817f-9668ec264cd3, client=츝, passwordGenerated=false)
12:29:58.213 [main] DEBUG c.n.l.channel.PrivateChannelManager - Access denied to channel NC-327D: incorrect password
12:29:58.213 [main] INFO  c.nova.link.channel.ChannelManager - Created channel: NC-18B8 (scope=PRIVATE, client=諐탠飊䯬듑梧맗⬈仡龆)
12:29:58.213 [main] INFO  c.n.l.channel.PrivateChannelManager - Created private channel: NC-18B8 (owner=b6913b1d-e0b6-4cce-8dff-e92132d3db1f, client=諐탠飊䯬듑梧맗⬈仡龆, passwordGenerated=false)
12:29:58.213 [main] DEBUG c.n.l.channel.PrivateChannelManager - Access denied to channel NC-18B8: incorrect password
12:29:58.213 [main] INFO  c.nova.link.channel.ChannelManager - Created channel: NC-7758 (scope=PRIVATE, client=셇⒟ۄᛗ魱᳜ₛﭪ삝)
12:29:58.213 [main] INFO  c.n.l.channel.PrivateChannelManager - Created private channel: NC-7758 (owner=b674cc94-0c0c-46ab-8c71-d8444b5bff95, client=셇⒟ۄᛗ魱᳜ₛﭪ삝, passwordGenerated=false)
12:29:58.213 [main] DEBUG c.n.l.channel.PrivateChannelManager - Access denied to channel NC-7758: incorrect password
12:29:58.213 [main] INFO  c.nova.link.channel.ChannelManager - Created channel: NC-264F (scope=PRIVATE, client=额꿛뒚䘀霸쾺ᵙ⒠槪诹ا迟)
12:29:58.213 [main] INFO  c.n.l.channel.PrivateChannelManager - Created private channel: NC-264F (owner=95ef7783-f707-433c-837c-c6ce730daad1, client=额꿛뒚䘀霸쾺ᵙ⒠槪诹ا迟, passwordGenerated=false)
12:29:58.213 [main] DEBUG c.n.l.channel.PrivateChannelManager - Access denied to channel NC-264F: incorrect password
12:29:58.213 [main] INFO  c.nova.link.channel.ChannelManager - Created channel: NC-3730 (scope=PRIVATE, client=㠸護䠁眒茆鶲㺨̑忢拿嗲㸇瓘㹡잷盌툈酴)
12:29:58.213 [main] INFO  c.n.l.channel.PrivateChannelManager - Created private channel: NC-3730 (owner=f38c6f45-5e65-4244-9a0a-cefaf78298c1, client=㠸護䠁眒茆鶲㺨̑忢拿嗲㸇瓘㹡잷盌툈酴, passwordGenerated=false)
12:29:58.213 [main] DEBUG c.n.l.channel.PrivateChannelManager - Access denied to channel NC-3730: incorrect password
12:29:58.213 [main] INFO  c.nova.link.channel.ChannelManager - Created channel: NC-83AB (scope=PRIVATE, client=琰ⅈ)
12:29:58.213 [main] INFO  c.n.l.channel.PrivateChannelManager - Created private channel: NC-83AB (owner=f17268f3-c9a9-4273-b04a-ba89aa09af24, client=琰ⅈ, passwordGenerated=false)
12:29:58.213 [main] DEBUG c.n.l.channel.PrivateChannelManager - Access denied to channel NC-83AB: incorrect password
12:29:58.213 [main] INFO  c.nova.link.channel.ChannelManager - Created channel: NC-1F70 (scope=PRIVATE, client=봼覣▌ꇀ菟䃁쩧)
12:29:58.213 [main] INFO  c.n.l.channel.PrivateChannelManager - Created private channel: NC-1F70 (owner=25aa8317-0be2-4882-bde7-01dc0257cd74, client=봼覣▌ꇀ菟䃁쩧, passwordGenerated=false)
12:29:58.213 [main] DEBUG c.n.l.channel.PrivateChannelManager - Access denied to channel NC-1F70: incorrect password
12:29:58.214 [main] INFO  c.nova.link.channel.ChannelManager - Created channel: NC-F581 (scope=PRIVATE, client=悔棲鷳刼)
12:29:58.214 [main] INFO  c.n.l.channel.PrivateChannelManager - Created private channel: NC-F581 (owner=f2d33c0b-6878-408d-8f75-76f2dfb52ad3, client=悔棲鷳刼, passwordGenerated=false)
12:29:58.214 [main] DEBUG c.n.l.channel.PrivateChannelManager - Access denied to channel NC-F581: incorrect password
12:29:58.214 [main] INFO  c.nova.link.channel.ChannelManager - Created channel: NC-4616 (scope=PRIVATE, client=㣕탈兇䁇傑)
12:29:58.214 [main] INFO  c.n.l.channel.PrivateChannelManager - Created private channel: NC-4616 (owner=c29dba90-95be-45df-aabb-110b545803fa, client=㣕탈兇䁇傑, passwordGenerated=false)
12:29:58.214 [main] DEBUG c.n.l.channel.PrivateChannelManager - Access denied to channel NC-4616: incorrect password
12:29:58.214 [main] INFO  c.nova.link.channel.ChannelManager - Created channel: NC-A372 (scope=PRIVATE, client=⍲轨뢔肦⃋닚皝袗훰⍭㚿硴괹ℽ㽇묍쬡ﰯ︛﨓)
12:29:58.214 [main] INFO  c.n.l.channel.PrivateChannelManager - Created private channel: NC-A372 (owner=fb505c47-a61d-4abb-a3a8-f26a6cddd338, client=⍲轨뢔肦⃋닚皝袗훰⍭㚿硴괹ℽ㽇묍쬡ﰯ︛﨓, passwordGenerated=false)
12:29:58.214 [main] DEBUG c.n.l.channel.PrivateChannelManager - Access denied to channel NC-A372: incorrect password
12:29:58.214 [main] INFO  c.nova.link.channel.ChannelManager - Created channel: NC-1C12 (scope=PRIVATE, client=았摸콞䑚䁒唻匿仭)
12:29:58.214 [main] INFO  c.n.l.channel.PrivateChannelManager - Created private channel: NC-1C12 (owner=6afeef78-8708-475c-ab5e-37dbcd256ce9, client=았摸콞䑚䁒唻匿仭, passwordGenerated=false)
12:29:58.214 [main] DEBUG c.n.l.channel.PrivateChannelManager - Access denied to channel NC-1C12: incorrect password
12:29:58.215 [main] INFO  c.nova.link.channel.ChannelManager - Created channel: NC-6117 (scope=PRIVATE, client=翈긱)
12:29:58.215 [main] INFO  c.n.l.channel.PrivateChannelManager - Created private channel: NC-6117 (owner=2f40a0e0-1d3b-44c7-8cd8-0d5e9f51cbfd, client=翈긱, passwordGenerated=false)
12:29:58.215 [main] DEBUG c.n.l.channel.PrivateChannelManager - Access denied to channel NC-6117: incorrect password
12:29:58.215 [main] INFO  c.nova.link.channel.ChannelManager - Created channel: NC-F736 (scope=PRIVATE, client=ꫤ뫂䅦ౣ狤澻)
12:29:58.215 [main] INFO  c.n.l.channel.PrivateChannelManager - Created private channel: NC-F736 (owner=b25d6b82-55dd-4dc1-ae3a-99c32f5dfd7b, client=ꫤ뫂䅦ౣ狤澻, passwordGenerated=false)
12:29:58.215 [main] DEBUG c.n.l.channel.PrivateChannelManager - Access denied to channel NC-F736: incorrect password
12:29:58.215 [main] INFO  c.nova.link.channel.ChannelManager - Created channel: NC-C87F (scope=PRIVATE, client=籵틃葿䄣)
12:29:58.215 [main] INFO  c.n.l.channel.PrivateChannelManager - Created private channel: NC-C87F (owner=b201ff6c-1520-4145-86f8-d18edc8cec80, client=籵틃葿䄣, passwordGenerated=false)
12:29:58.215 [main] DEBUG c.n.l.channel.PrivateChannelManager - Access denied to channel NC-C87F: incorrect password
12:29:58.215 [main] INFO  c.nova.link.channel.ChannelManager - Created channel: NC-998E (scope=PRIVATE, client=툤ၻ냚嶰㸁绖뽆襎辷᭯)
12:29:58.215 [main] INFO  c.n.l.channel.PrivateChannelManager - Created private channel: NC-998E (owner=08f8f357-0642-45b6-9f14-2167e1a45de8, client=툤ၻ냚嶰㸁绖뽆襎辷᭯, passwordGenerated=false)
12:29:58.215 [main] DEBUG c.n.l.channel.PrivateChannelManager - Access denied to channel NC-998E: incorrect password
12:29:58.215 [main] INFO  c.nova.link.channel.ChannelManager - Created channel: NC-B0DF (scope=PRIVATE, client=佟펷)
12:29:58.215 [main] INFO  c.n.l.channel.PrivateChannelManager - Created private channel: NC-B0DF (owner=274f178e-0124-481b-b84b-7d8cc0df3c54, client=佟펷, passwordGenerated=false)
12:29:58.215 [main] DEBUG c.n.l.channel.PrivateChannelManager - Access denied to channel NC-B0DF: incorrect password
12:29:58.215 [main] INFO  c.nova.link.channel.ChannelManager - Created channel: NC-F389 (scope=PRIVATE, client=㫸䰀禐)
12:29:58.215 [main] INFO  c.n.l.channel.PrivateChannelManager - Created private channel: NC-F389 (owner=89b6e92d-1959-43af-9e94-3536b578b5a8, client=㫸䰀禐, passwordGenerated=false)
12:29:58.215 [main] DEBUG c.n.l.channel.PrivateChannelManager - Access denied to channel NC-F389: incorrect password
12:29:58.216 [main] INFO  c.nova.link.channel.ChannelManager - Created channel: NC-1072 (scope=PRIVATE, client=፲㥦ɖ䩸또馃齃㧱쓉퇀挡)
12:29:58.216 [main] INFO  c.n.l.channel.PrivateChannelManager - Created private channel: NC-1072 (owner=405bc071-c350-45ed-a58b-b97e6fbfc6ab, client=፲㥦ɖ䩸또馃齃㧱쓉퇀挡, passwordGenerated=false)
12:29:58.216 [main] DEBUG c.n.l.channel.PrivateChannelManager - Access denied to channel NC-1072: incorrect password
12:29:58.216 [main] INFO  c.nova.link.channel.ChannelManager - Created channel: NC-FF30 (scope=PRIVATE, client=Ἇ飐֥蝧遒)
12:29:58.216 [main] INFO  c.n.l.channel.PrivateChannelManager - Created private channel: NC-FF30 (owner=10362cef-8ad2-440a-b05e-4d8dc0e6744a, client=Ἇ飐֥蝧遒, passwordGenerated=false)
12:29:58.216 [main] DEBUG c.n.l.channel.PrivateChannelManager - Access denied to channel NC-FF30: incorrect password
12:29:58.216 [main] INFO  c.nova.link.channel.ChannelManager - Created channel: NC-3352 (scope=PRIVATE, client=껖弝呉㮘﹊Ⴗ첈᫤)
12:29:58.216 [main] INFO  c.n.l.channel.PrivateChannelManager - Created private channel: NC-3352 (owner=b6a3ba2f-611f-4d14-bfe1-d9269f5e8049, client=껖弝呉㮘﹊Ⴗ첈᫤, passwordGenerated=false)
12:29:58.216 [main] DEBUG c.n.l.channel.PrivateChannelManager - Access denied to channel NC-3352: incorrect password
12:29:58.216 [main] INFO  c.nova.link.channel.ChannelManager - Created channel: NC-4019 (scope=PRIVATE, client=ᮬᑵ渓)
12:29:58.216 [main] INFO  c.n.l.channel.PrivateChannelManager - Created private channel: NC-4019 (owner=b20ff135-401d-4d5c-8106-181e6096e087, client=ᮬᑵ渓, passwordGenerated=false)
12:29:58.216 [main] DEBUG c.n.l.channel.PrivateChannelManager - Access denied to channel NC-4019: incorrect password
12:29:58.217 [main] INFO  c.nova.link.channel.ChannelManager - Created channel: NC-A8D0 (scope=PRIVATE, client=☏⦜슴쬿㕐깈⅙)
12:29:58.217 [main] INFO  c.n.l.channel.PrivateChannelManager - Created private channel: NC-A8D0 (owner=e1951819-ed3d-4521-a872-070d81b9eef8, client=☏⦜슴쬿㕐깈⅙, passwordGenerated=false)
12:29:58.217 [main] DEBUG c.n.l.channel.PrivateChannelManager - Access denied to channel NC-A8D0: incorrect password
12:29:58.217 [main] INFO  c.nova.link.channel.ChannelManager - Created channel: NC-3969 (scope=PRIVATE, client=朼蛗Ȅﻈ匦鼠읐賑⸵饟얁ḹ)
12:29:58.217 [main] INFO  c.n.l.channel.PrivateChannelManager - Created private channel: NC-3969 (owner=cc8b0671-ef9a-433a-9b72-6f913abca5ff, client=朼蛗Ȅﻈ匦鼠읐賑⸵饟얁ḹ, passwordGenerated=false)
12:29:58.217 [main] DEBUG c.n.l.channel.PrivateChannelManager - Access denied to channel NC-3969: incorrect password
12:29:58.218 [main] INFO  c.nova.link.channel.ChannelManager - Created channel: NC-87F5 (scope=PRIVATE, client=⻙껞)
12:29:58.218 [main] INFO  c.n.l.channel.PrivateChannelManager - Created private channel: NC-87F5 (owner=0187e917-eb30-49d7-8da4-03400c7e7621, client=⻙껞, passwordGenerated=false)
12:29:58.218 [main] DEBUG c.n.l.channel.PrivateChannelManager - Access denied to channel NC-87F5: incorrect password
12:29:58.218 [main] INFO  c.nova.link.channel.ChannelManager - Created channel: NC-C4F2 (scope=PRIVATE, client=뫁꽳쑦)
12:29:58.218 [main] INFO  c.n.l.channel.PrivateChannelManager - Created private channel: NC-C4F2 (owner=86efc024-5ba4-46bf-9d23-6591434d674b, client=뫁꽳쑦, passwordGenerated=false)
12:29:58.218 [main] DEBUG c.n.l.channel.PrivateChannelManager - Access denied to channel NC-C4F2: incorrect password
12:29:58.218 [main] INFO  c.nova.link.channel.ChannelManager - Created channel: NC-1D79 (scope=PRIVATE, client=콳盉退)
12:29:58.218 [main] INFO  c.n.l.channel.PrivateChannelManager - Created private channel: NC-1D79 (owner=5ba274a2-23e5-4002-9e9b-e356acba11a1, client=콳盉退, passwordGenerated=false)
12:29:58.218 [main] DEBUG c.n.l.channel.PrivateChannelManager - Access denied to channel NC-1D79: incorrect password
12:29:58.218 [main] INFO  c.nova.link.channel.ChannelManager - Created channel: NC-E6E7 (scope=PRIVATE, client=놎旅À)
12:29:58.218 [main] INFO  c.n.l.channel.PrivateChannelManager - Created private channel: NC-E6E7 (owner=1959b3ca-acc5-4510-898a-9769760eeb0d, client=놎旅À, passwordGenerated=false)
12:29:58.218 [main] DEBUG c.n.l.channel.PrivateChannelManager - Access denied to channel NC-E6E7: incorrect password
12:29:58.218 [main] INFO  c.nova.link.channel.ChannelManager - Created channel: NC-6445 (scope=PRIVATE, client=塚-팜)
12:29:58.218 [main] INFO  c.n.l.channel.PrivateChannelManager - Created private channel: NC-6445 (owner=a5e22799-c517-4998-86c7-57ccdfc7d743, client=塚-팜, passwordGenerated=false)
12:29:58.218 [main] DEBUG c.n.l.channel.PrivateChannelManager - Access denied to channel NC-6445: incorrect password
12:29:58.218 [main] INFO  c.nova.link.channel.ChannelManager - Created channel: NC-A9A7 (scope=PRIVATE, client=鬌꿤췭蘿㪨셀퓂黾⦇)
12:29:58.218 [main] INFO  c.n.l.channel.PrivateChannelManager - Created private channel: NC-A9A7 (owner=e3a7d198-ae96-4166-82e0-496334b9f2d0, client=鬌꿤췭蘿㪨셀퓂黾⦇, passwordGenerated=false)
12:29:58.218 [main] DEBUG c.n.l.channel.PrivateChannelManager - Access denied to channel NC-A9A7: incorrect password
12:29:58.218 [main] INFO  c.nova.link.channel.ChannelManager - Created channel: NC-B007 (scope=PRIVATE, client=ꪻၵٸ攭쫹䯀⏡鋁再붜)
12:29:58.218 [main] INFO  c.n.l.channel.PrivateChannelManager - Created private channel: NC-B007 (owner=4191257f-52ca-4ed5-a6a3-e05d3d769cf2, client=ꪻၵٸ攭쫹䯀⏡鋁再붜, passwordGenerated=false)
12:29:58.218 [main] DEBUG c.n.l.channel.PrivateChannelManager - Access denied to channel NC-B007: incorrect password
12:29:58.218 [main] INFO  c.nova.link.channel.ChannelManager - Created channel: NC-0A80 (scope=PRIVATE, client=遼粒瑸頋⮭)
12:29:58.219 [main] INFO  c.n.l.channel.PrivateChannelManager - Created private channel: NC-0A80 (owner=5222fb5a-3033-4313-a5f9-ab1d95c32520, client=遼粒瑸頋⮭, passwordGenerated=false)
12:29:58.219 [main] DEBUG c.n.l.channel.PrivateChannelManager - Access denied to channel NC-0A80: incorrect password
12:29:58.219 [main] INFO  c.nova.link.channel.ChannelManager - Created channel: NC-5654 (scope=PRIVATE, client=궼ᗯ냟冣)
12:29:58.219 [main] INFO  c.n.l.channel.PrivateChannelManager - Created private channel: NC-5654 (owner=a397d20f-5152-404c-9938-9e89207ab3c0, client=궼ᗯ냟冣, passwordGenerated=false)
12:29:58.219 [main] DEBUG c.n.l.channel.PrivateChannelManager - Access denied to channel NC-5654: incorrect password
12:29:58.220 [main] INFO  c.nova.link.channel.ChannelManager - Created channel: NC-8DAE (scope=PRIVATE, client=唦컾㒃)
12:29:58.220 [main] INFO  c.n.l.channel.PrivateChannelManager - Created private channel: NC-8DAE (owner=f076777e-bbd9-4ff6-bfcd-37aa7827425d, client=唦컾㒃, passwordGenerated=false)
12:29:58.220 [main] DEBUG c.n.l.channel.PrivateChannelManager - Access denied to channel NC-8DAE: incorrect password
12:29:58.220 [main] INFO  c.nova.link.channel.ChannelManager - Created channel: NC-9361 (scope=PRIVATE, client=⼨뚍溱跗噼犆侧槦)
12:29:58.220 [main] INFO  c.n.l.channel.PrivateChannelManager - Created private channel: NC-9361 (owner=e7b2e139-5e36-46c2-b44b-7db907338d4d, client=⼨뚍溱跗噼犆侧槦, passwordGenerated=false)
12:29:58.220 [main] DEBUG c.n.l.channel.PrivateChannelManager - Access denied to channel NC-9361: incorrect password
12:29:58.221 [main] INFO  c.nova.link.channel.ChannelManager - Created channel: NC-5CA8 (scope=PRIVATE, client=턔녮㧥힍㚗팅셨更될ꅳ蒶ᖃ퍸⾅毷镨Ꭴﱏ悻v)
12:29:58.221 [main] INFO  c.n.l.channel.PrivateChannelManager - Created private channel: NC-5CA8 (owner=8ca286e5-6be2-4afd-882a-27725beb4c4d, client=턔녮㧥힍㚗팅셨更될ꅳ蒶ᖃ퍸⾅毷镨Ꭴﱏ悻v, passwordGenerated=false)
12:29:58.221 [main] DEBUG c.n.l.channel.PrivateChannelManager - Access denied to channel NC-5CA8: incorrect password
12:29:58.221 [main] INFO  c.nova.link.channel.ChannelManager - Created channel: NC-B154 (scope=PRIVATE, client=륫)
12:29:58.221 [main] INFO  c.n.l.channel.PrivateChannelManager - Created private channel: NC-B154 (owner=c06a2f18-1730-42e2-aa58-c45f7c1b78f3, client=륫, passwordGenerated=false)
12:29:58.221 [main] DEBUG c.n.l.channel.PrivateChannelManager - Access denied to channel NC-B154: incorrect password
12:29:58.223 [main] INFO  c.nova.link.channel.ChannelManager - Created channel: NC-AB90 (scope=PRIVATE, client=豌馅䋵᳤낀豮翂楧婨ꮤ开֦ጛ搀ሲᠲ褏빰᳋㠮)
12:29:58.223 [main] INFO  c.n.l.channel.PrivateChannelManager - Created private channel: NC-AB90 (owner=57187e3a-4e44-4e8e-96cf-05fcfb29d620, client=豌馅䋵᳤낀豮翂楧婨ꮤ开֦ጛ搀ሲᠲ褏빰᳋㠮, passwordGenerated=false)
12:29:58.224 [main] DEBUG c.n.l.channel.PrivateChannelManager - Access denied to channel NC-AB90: incorrect password
12:29:58.224 [main] INFO  c.nova.link.channel.ChannelManager - Created channel: NC-DC9A (scope=PRIVATE, client=㏊ۼ)
12:29:58.224 [main] INFO  c.n.l.channel.PrivateChannelManager - Created private channel: NC-DC9A (owner=9e087f2e-0d53-436f-bdb9-3f57dd0ee5f6, client=㏊ۼ, passwordGenerated=false)
12:29:58.224 [main] DEBUG c.n.l.channel.PrivateChannelManager - Access denied to channel NC-DC9A: incorrect password
12:29:58.224 [main] INFO  c.nova.link.channel.ChannelManager - Created channel: NC-1F98 (scope=PRIVATE, client=훿돱ო)
12:29:58.224 [main] INFO  c.n.l.channel.PrivateChannelManager - Created private channel: NC-1F98 (owner=afcdc95e-882f-4db5-8226-2e91c847dc65, client=훿돱ო, passwordGenerated=false)
12:29:58.224 [main] DEBUG c.n.l.channel.PrivateChannelManager - Access denied to channel NC-1F98: incorrect password
12:29:58.224 [main] INFO  c.nova.link.channel.ChannelManager - Created channel: NC-4373 (scope=PRIVATE, client=ƕཚ)
12:29:58.224 [main] INFO  c.n.l.channel.PrivateChannelManager - Created private channel: NC-4373 (owner=ba16cf30-7b75-4a40-ab40-f37f5e90820a, client=ƕཚ, passwordGenerated=false)
12:29:58.224 [main] DEBUG c.n.l.channel.PrivateChannelManager - Access denied to channel NC-4373: incorrect password
12:29:58.225 [main] INFO  c.nova.link.channel.ChannelManager - Created channel: NC-888A (scope=PRIVATE, client=銹킌ดꩅꊀ쫮牼喎닦貄浙櫊尰)
12:29:58.225 [main] INFO  c.n.l.channel.PrivateChannelManager - Created private channel: NC-888A (owner=b84906a1-868f-48db-bc6c-079c18ad98c6, client=銹킌ดꩅꊀ쫮牼喎닦貄浙櫊尰, passwordGenerated=false)
12:29:58.225 [main] DEBUG c.n.l.channel.PrivateChannelManager - Access denied to channel NC-888A: incorrect password
12:29:58.226 [main] INFO  c.nova.link.channel.ChannelManager - Created channel: NC-C50F (scope=PRIVATE, client=㲋왷䌀)
12:29:58.226 [main] INFO  c.n.l.channel.PrivateChannelManager - Created private channel: NC-C50F (owner=5e5a31ff-6d0a-49f5-9cae-9f3b95faadfa, client=㲋왷䌀, passwordGenerated=false)
12:29:58.226 [main] DEBUG c.n.l.channel.PrivateChannelManager - Access denied to channel NC-C50F: incorrect password
12:29:58.226 [main] INFO  c.nova.link.channel.ChannelManager - Created channel: NC-86DA (scope=PRIVATE, client=岱⺀ꕥන)
12:29:58.226 [main] INFO  c.n.l.channel.PrivateChannelManager - Created private channel: NC-86DA (owner=db016ed0-8f27-455e-8cff-3e6b3449f048, client=岱⺀ꕥන, passwordGenerated=false)
12:29:58.226 [main] DEBUG c.n.l.channel.PrivateChannelManager - Access denied to channel NC-86DA: incorrect password
12:29:58.226 [main] INFO  c.nova.link.channel.ChannelManager - Created channel: NC-0AE1 (scope=PRIVATE, client=誀ꑋ)
12:29:58.226 [main] INFO  c.n.l.channel.PrivateChannelManager - Created private channel: NC-0AE1 (owner=8fdb5bf8-e0a3-4af1-8572-506a0227b0f8, client=誀ꑋ, passwordGenerated=false)
12:29:58.226 [main] DEBUG c.n.l.channel.PrivateChannelManager - Access denied to channel NC-0AE1: incorrect password
12:29:58.226 [main] INFO  c.nova.link.channel.ChannelManager - Created channel: NC-A01E (scope=PRIVATE, client=漪鼉秓簿)
12:29:58.226 [main] INFO  c.n.l.channel.PrivateChannelManager - Created private channel: NC-A01E (owner=25c24def-f334-4187-9611-24ef482689de, client=漪鼉秓簿, passwordGenerated=false)
12:29:58.226 [main] DEBUG c.n.l.channel.PrivateChannelManager - Access denied to channel NC-A01E: incorrect password
12:29:58.226 [main] INFO  c.nova.link.channel.ChannelManager - Created channel: NC-FA01 (scope=PRIVATE, client=뒾➗)
12:29:58.226 [main] INFO  c.n.l.channel.PrivateChannelManager - Created private channel: NC-FA01 (owner=2d6c26a1-3d9d-4c5f-8837-620f49cb0364, client=뒾➗, passwordGenerated=false)
12:29:58.226 [main] DEBUG c.n.l.channel.PrivateChannelManager - Access denied to channel NC-FA01: incorrect password
12:29:58.227 [main] INFO  c.nova.link.channel.ChannelManager - Created channel: NC-1BEF (scope=PRIVATE, client=萨䫻立ⶳ郾꫚觩䙩)
12:29:58.227 [main] INFO  c.n.l.channel.PrivateChannelManager - Created private channel: NC-1BEF (owner=73250d46-fe3c-442f-9f21-8a4e2a51685d, client=萨䫻立ⶳ郾꫚觩䙩, passwordGenerated=false)
12:29:58.227 [main] DEBUG c.n.l.channel.PrivateChannelManager - Access denied to channel NC-1BEF: incorrect password
12:29:58.227 [main] INFO  c.nova.link.channel.ChannelManager - Created channel: NC-D71A (scope=PRIVATE, client=橞鞡鸉槉ࠤ㭂啵)
12:29:58.227 [main] INFO  c.n.l.channel.PrivateChannelManager - Created private channel: NC-D71A (owner=95aeb911-6a05-4fef-b1ae-62259b6d7e85, client=橞鞡鸉槉ࠤ㭂啵, passwordGenerated=false)
12:29:58.227 [main] DEBUG c.n.l.channel.PrivateChannelManager - Access denied to channel NC-D71A: incorrect password
12:29:58.228 [main] INFO  c.nova.link.channel.ChannelManager - Created channel: NC-2563 (scope=PRIVATE, client=ﰋ)
12:29:58.228 [main] INFO  c.n.l.channel.PrivateChannelManager - Created private channel: NC-2563 (owner=e5b74247-5256-4792-b994-c45218c98153, client=ﰋ, passwordGenerated=false)
12:29:58.228 [main] DEBUG c.n.l.channel.PrivateChannelManager - Access denied to channel NC-2563: incorrect password
12:29:58.228 [main] INFO  c.nova.link.channel.ChannelManager - Created channel: NC-A3FD (scope=PRIVATE, client=ﻻ諉鳇햵)
12:29:58.228 [main] INFO  c.n.l.channel.PrivateChannelManager - Created private channel: NC-A3FD (owner=87e3fc63-e20e-4614-8015-5b96d7be71c6, client=ﻻ諉鳇햵, passwordGenerated=false)
12:29:58.228 [main] DEBUG c.n.l.channel.PrivateChannelManager - Access denied to channel NC-A3FD: incorrect password
12:29:58.229 [main] INFO  c.nova.link.channel.ChannelManager - Created channel: NC-C964 (scope=PRIVATE, client=攐䒖規盝亂콑ᴏ菧뺝)
12:29:58.229 [main] INFO  c.n.l.channel.PrivateChannelManager - Created private channel: NC-C964 (owner=638c4d60-7f00-42a2-909a-29486f5b9183, client=攐䒖規盝亂콑ᴏ菧뺝, passwordGenerated=false)
12:29:58.229 [main] DEBUG c.n.l.channel.PrivateChannelManager - Access denied to channel NC-C964: incorrect password
12:29:58.229 [main] INFO  c.nova.link.channel.ChannelManager - Created channel: NC-A3D5 (scope=PRIVATE, client=設돂료릳ꥒ灇)
12:29:58.230 [main] INFO  c.n.l.channel.PrivateChannelManager - Created private channel: NC-A3D5 (owner=5942a133-f8dc-45fb-9367-569e13713a8e, client=設돂료릳ꥒ灇, passwordGenerated=false)
12:29:58.230 [main] DEBUG c.n.l.channel.PrivateChannelManager - Access denied to channel NC-A3D5: incorrect password
12:29:58.230 [main] INFO  c.nova.link.channel.ChannelManager - Created channel: NC-2A0E (scope=PRIVATE, client=ભ붝ꃎኾ⽥箇嵤ꞙ埄甿텊⌠ſ涽)
12:29:58.230 [main] INFO  c.n.l.channel.PrivateChannelManager - Created private channel: NC-2A0E (owner=974b7ad7-184e-46be-842d-f1f1b3c46c81, client=ભ붝ꃎኾ⽥箇嵤ꞙ埄甿텊⌠ſ涽, passwordGenerated=false)
12:29:58.230 [main] DEBUG c.n.l.channel.PrivateChannelManager - Access denied to channel NC-2A0E: incorrect password
12:29:58.231 [main] INFO  c.nova.link.channel.ChannelManager - Created channel: NC-A5A9 (scope=PRIVATE, client=ⶓ)
12:29:58.231 [main] INFO  c.n.l.channel.PrivateChannelManager - Created private channel: NC-A5A9 (owner=3dec9ed9-1db2-451f-b897-0a4b9f48472d, client=ⶓ, passwordGenerated=false)
12:29:58.231 [main] DEBUG c.n.l.channel.PrivateChannelManager - Access denied to channel NC-A5A9: incorrect password
12:29:58.231 [main] INFO  c.nova.link.channel.ChannelManager - Created channel: NC-BC1D (scope=PRIVATE, client=⧟ﴽ䁲氫‷뮋軉쐃逜ਸ਼鯃)
12:29:58.231 [main] INFO  c.n.l.channel.PrivateChannelManager - Created private channel: NC-BC1D (owner=4aaa920c-0df8-4e7e-a29e-9576d5a9f84a, client=⧟ﴽ䁲氫‷뮋軉쐃逜ਸ਼鯃, passwordGenerated=false)
12:29:58.231 [main] DEBUG c.n.l.channel.PrivateChannelManager - Access denied to channel NC-BC1D: incorrect password
12:29:58.231 [main] INFO  c.nova.link.channel.ChannelManager - Created channel: NC-1FD5 (scope=PRIVATE, client=磱旷劤䙐즹)
12:29:58.231 [main] INFO  c.n.l.channel.PrivateChannelManager - Created private channel: NC-1FD5 (owner=d8467898-b45b-4b3d-85a6-705489473d1d, client=磱旷劤䙐즹, passwordGenerated=false)
12:29:58.231 [main] DEBUG c.n.l.channel.PrivateChannelManager - Access denied to channel NC-1FD5: incorrect password
12:29:58.232 [main] INFO  c.nova.link.channel.ChannelManager - Created channel: NC-318F (scope=PRIVATE, client=遫煤䐼鴫)
12:29:58.232 [main] INFO  c.n.l.channel.PrivateChannelManager - Created private channel: NC-318F (owner=600a3eb3-07d2-4767-8161-2e0c44666847, client=遫煤䐼鴫, passwordGenerated=false)
12:29:58.232 [main] DEBUG c.n.l.channel.PrivateChannelManager - Access denied to channel NC-318F: incorrect password
12:29:58.232 [main] INFO  c.nova.link.channel.ChannelManager - Created channel: NC-B4BE (scope=PRIVATE, client=ꖇ⺴놊)
12:29:58.232 [main] INFO  c.n.l.channel.PrivateChannelManager - Created private channel: NC-B4BE (owner=39a3e6e3-fa03-41a3-b434-2581e384a372, client=ꖇ⺴놊, passwordGenerated=false)
12:29:58.232 [main] DEBUG c.n.l.channel.PrivateChannelManager - Access denied to channel NC-B4BE: incorrect password
12:29:58.233 [main] INFO  c.nova.link.channel.ChannelManager - Created channel: NC-2C13 (scope=PRIVATE, client=ᷙ)
12:29:58.233 [main] INFO  c.n.l.channel.PrivateChannelManager - Created private channel: NC-2C13 (owner=3000929a-9ff2-402e-837d-b35aff629d91, client=ᷙ, passwordGenerated=false)
12:29:58.233 [main] DEBUG c.n.l.channel.PrivateChannelManager - Access denied to channel NC-2C13: incorrect password
12:29:58.233 [main] INFO  c.nova.link.channel.ChannelManager - Created channel: NC-E10A (scope=PRIVATE, client=蓏⪤힩緁覯톄퍊ꠓ)
12:29:58.233 [main] INFO  c.n.l.channel.PrivateChannelManager - Created private channel: NC-E10A (owner=4ff8c9e2-0d54-4be9-bd05-7b31e9a1fdb8, client=蓏⪤힩緁覯톄퍊ꠓ, passwordGenerated=false)
12:29:58.233 [main] DEBUG c.n.l.channel.PrivateChannelManager - Access denied to channel NC-E10A: incorrect password
12:29:58.233 [main] INFO  c.nova.link.channel.ChannelManager - Created channel: NC-4EE4 (scope=PRIVATE, client=쟳聴⦍)
12:29:58.233 [main] INFO  c.n.l.channel.PrivateChannelManager - Created private channel: NC-4EE4 (owner=fa106f34-64c2-49f6-a544-156dec5096ef, client=쟳聴⦍, passwordGenerated=false)
12:29:58.233 [main] DEBUG c.n.l.channel.PrivateChannelManager - Access denied to channel NC-4EE4: incorrect password
12:29:58.233 [main] INFO  c.nova.link.channel.ChannelManager - Created channel: NC-A25B (scope=PRIVATE, client=⥙鵥⋕ﯻ⚳儂Ᏻ멣ቒ鹰)
12:29:58.233 [main] INFO  c.n.l.channel.PrivateChannelManager - Created private channel: NC-A25B (owner=372add6a-027a-4677-89b6-1f0f456cfd4a, client=⥙鵥⋕ﯻ⚳儂Ᏻ멣ቒ鹰, passwordGenerated=false)
12:29:58.233 [main] DEBUG c.n.l.channel.PrivateChannelManager - Access denied to channel NC-A25B: incorrect password
12:29:58.233 [main] INFO  c.nova.link.channel.ChannelManager - Created channel: NC-CF2C (scope=PRIVATE, client=棪튽폩)
12:29:58.233 [main] INFO  c.n.l.channel.PrivateChannelManager - Created private channel: NC-CF2C (owner=5381b61d-c7c1-4a86-95da-05aa80ca514c, client=棪튽폩, passwordGenerated=false)
12:29:58.233 [main] DEBUG c.n.l.channel.PrivateChannelManager - Access denied to channel NC-CF2C: incorrect password
12:29:58.234 [main] INFO  c.nova.link.channel.ChannelManager - Created channel: NC-8CE9 (scope=PRIVATE, client=촮ᆱ)
12:29:58.234 [main] INFO  c.n.l.channel.PrivateChannelManager - Created private channel: NC-8CE9 (owner=5cc3ecf1-17cb-46fd-ae3c-2a4c692fa462, client=촮ᆱ, passwordGenerated=false)
12:29:58.234 [main] DEBUG c.n.l.channel.PrivateChannelManager - Access denied to channel NC-8CE9: incorrect password
12:29:58.235 [main] INFO  c.nova.link.channel.ChannelManager - Created channel: NC-15AE (scope=PRIVATE, client=喦ⓜ箄芮ꌹ溍ఞㅲ)
12:29:58.235 [main] INFO  c.n.l.channel.PrivateChannelManager - Created private channel: NC-15AE (owner=241b009e-f53a-496d-9bdd-8a6ee93ba122, client=喦ⓜ箄芮ꌹ溍ఞㅲ, passwordGenerated=false)
12:29:58.235 [main] DEBUG c.n.l.channel.PrivateChannelManager - Access denied to channel NC-15AE: incorrect password
12:29:58.236 [main] INFO  c.nova.link.channel.ChannelManager - Created channel: NC-B5E6 (scope=PRIVATE, client=豻뢶)
12:29:58.236 [main] INFO  c.n.l.channel.PrivateChannelManager - Created private channel: NC-B5E6 (owner=aa74e0b9-437d-470b-8b37-79962faf3751, client=豻뢶, passwordGenerated=false)
12:29:58.236 [main] DEBUG c.n.l.channel.PrivateChannelManager - Access denied to channel NC-B5E6: incorrect password
12:29:58.236 [main] INFO  c.nova.link.channel.ChannelManager - Created channel: NC-2C60 (scope=PRIVATE, client=爗錖沱꫗힞)
12:29:58.236 [main] INFO  c.n.l.channel.PrivateChannelManager - Created private channel: NC-2C60 (owner=66d0957a-7ac7-4d38-89fe-9b6d0820a7a2, client=爗錖沱꫗힞, passwordGenerated=false)
12:29:58.236 [main] DEBUG c.n.l.channel.PrivateChannelManager - Access denied to channel NC-2C60: incorrect password
]]></system-out>
  </testcase>
  <testcase name="joinPrivateChannelShouldEnforceBothClientAndPasswordChecks" classname="com.nova.link.channel.PrivateChannelClientIsolationPropertyTest" time="0.043">
    <system-out><![CDATA[12:29:58.251 [main] INFO  c.nova.link.channel.ChannelManager - Created channel: NC-25E8 (scope=PRIVATE, client=ࡇ౐ᐷ⍾)
12:29:58.251 [main] INFO  c.n.l.channel.PrivateChannelManager - Created private channel: NC-25E8 (owner=d132664d-b39f-4153-817a-0ac37d35cee8, client=ࡇ౐ᐷ⍾, passwordGenerated=false)
12:29:58.251 [main] DEBUG c.n.l.channel.PrivateChannelManager - Access denied to channel NC-25E8: player client ⣶亘멩ᧅ晅稉辭턷㯠濠ᩁ˂厥串 does not match channel client ࡇ౐ᐷ⍾
12:29:58.251 [main] INFO  c.nova.link.channel.ChannelManager - Created channel: NC-71D3 (scope=PRIVATE, client=≘㭑呞ẵ๩㍋⺊芌Ꜿꄀ)
12:29:58.251 [main] INFO  c.n.l.channel.PrivateChannelManager - Created private channel: NC-71D3 (owner=4ea378f9-58ab-4171-b839-38fed7ba2648, client=≘㭑呞ẵ๩㍋⺊芌Ꜿꄀ, passwordGenerated=false)
12:29:58.251 [main] DEBUG c.n.l.channel.PrivateChannelManager - Access denied to channel NC-71D3: player client 빞崬憦狤텈㾟븶 does not match channel client ≘㭑呞ẵ๩㍋⺊芌Ꜿꄀ
12:29:58.251 [main] INFO  c.nova.link.channel.ChannelManager - Created channel: NC-D684 (scope=PRIVATE, client=㉭羪발꺟)
12:29:58.251 [main] INFO  c.n.l.channel.PrivateChannelManager - Created private channel: NC-D684 (owner=6d1554d4-cd74-4fb4-8271-67cceac73657, client=㉭羪발꺟, passwordGenerated=false)
12:29:58.251 [main] DEBUG c.n.l.channel.PrivateChannelManager - Access denied to channel NC-D684: player client ᖔ✒莔榰䆄⸻䊂뚄 does not match channel client ㉭羪발꺟
12:29:58.252 [main] INFO  c.nova.link.channel.ChannelManager - Created channel: NC-689E (scope=PRIVATE, client=퉞獵ℳ쯜)
12:29:58.252 [main] INFO  c.n.l.channel.PrivateChannelManager - Created private channel: NC-689E (owner=adc15c40-2996-4316-97c4-41b1b994c6fb, client=퉞獵ℳ쯜, passwordGenerated=false)
12:29:58.252 [main] DEBUG c.n.l.channel.PrivateChannelManager - Access denied to channel NC-689E: player client 뾤쌪 does not match channel client 퉞獵ℳ쯜
12:29:58.252 [main] INFO  c.nova.link.channel.ChannelManager - Created channel: NC-52E7 (scope=PRIVATE, client=崡㘎Ḣ)
12:29:58.252 [main] INFO  c.n.l.channel.PrivateChannelManager - Created private channel: NC-52E7 (owner=8e8271b2-7322-4c8a-a3f0-261a7aa5ec33, client=崡㘎Ḣ, passwordGenerated=false)
12:29:58.252 [main] DEBUG c.n.l.channel.PrivateChannelManager - Access denied to channel NC-52E7: player client ຮ羵箔託⤞烖᰼ does not match channel client 崡㘎Ḣ
12:29:58.268 [main] INFO  c.nova.link.channel.ChannelManager - Created channel: NC-D298 (scope=PRIVATE, client=葫᝺↮巣싗ɍ啨춴鈴矁ቤ蚺꘏㽏櫂ꠍ⃀샯酐዁)
12:29:58.268 [main] INFO  c.n.l.channel.PrivateChannelManager - Created private channel: NC-D298 (owner=72cf0393-f41f-4012-8954-85afdafb5688, client=葫᝺↮巣싗ɍ啨춴鈴矁ቤ蚺꘏㽏櫂ꠍ⃀샯酐዁, passwordGenerated=false)
12:29:58.268 [main] DEBUG c.n.l.channel.PrivateChannelManager - Access denied to channel NC-D298: player client 퐉嗕璁ꐒ does not match channel client 葫᝺↮巣싗ɍ啨춴鈴矁ቤ蚺꘏㽏櫂ꠍ⃀샯酐዁
12:29:58.268 [main] INFO  c.nova.link.channel.ChannelManager - Created channel: NC-91A0 (scope=PRIVATE, client=懇ꓚ﮹ꘟ᨜⣏♌芜㴝ᛖ)
12:29:58.268 [main] INFO  c.n.l.channel.PrivateChannelManager - Created private channel: NC-91A0 (owner=da379c05-ce46-40de-9de7-30cac4b90ceb, client=懇ꓚ﮹ꘟ᨜⣏♌芜㴝ᛖ, passwordGenerated=false)
12:29:58.268 [main] DEBUG c.n.l.channel.PrivateChannelManager - Access denied to channel NC-91A0: player client 菼囆꿀燪 does not match channel client 懇ꓚ﮹ꘟ᨜⣏♌芜㴝ᛖ
12:29:58.268 [main] INFO  c.nova.link.channel.ChannelManager - Created channel: NC-9793 (scope=PRIVATE, client=寴̑蛹镸톾ꑲ裠띈廓螪ꭊ)
12:29:58.268 [main] INFO  c.n.l.channel.PrivateChannelManager - Created private channel: NC-9793 (owner=1f7f0d9c-31cf-4f82-8966-00dfa54ad9e8, client=寴̑蛹镸톾ꑲ裠띈廓螪ꭊ, passwordGenerated=false)
12:29:58.268 [main] DEBUG c.n.l.channel.PrivateChannelManager - Access denied to channel NC-9793: player client 둢׻๻ꀗ洫Δ乐腒 does not match channel client 寴̑蛹镸톾ꑲ裠띈廓螪ꭊ
12:29:58.268 [main] INFO  c.nova.link.channel.ChannelManager - Created channel: NC-0E55 (scope=PRIVATE, client=坎뇑⑈㼈煳서㨳ၫ斮볜퐶ᐮ늸䔎⸔ᦖ뮬誌ᆉ㊙)
12:29:58.268 [main] INFO  c.n.l.channel.PrivateChannelManager - Created private channel: NC-0E55 (owner=6b7da1e5-862e-4c9c-b616-f04b01c944de, client=坎뇑⑈㼈煳서㨳ၫ斮볜퐶ᐮ늸䔎⸔ᦖ뮬誌ᆉ㊙, passwordGenerated=false)
12:29:58.268 [main] DEBUG c.n.l.channel.PrivateChannelManager - Access denied to channel NC-0E55: player client 牌ꕧ㫕뽓ऐ撝渣 does not match channel client 坎뇑⑈㼈煳서㨳ၫ斮볜퐶ᐮ늸䔎⸔ᦖ뮬誌ᆉ㊙
12:29:58.268 [main] INFO  c.nova.link.channel.ChannelManager - Created channel: NC-96C7 (scope=PRIVATE, client=띱魸䋠쪗瘗濉)
12:29:58.268 [main] INFO  c.n.l.channel.PrivateChannelManager - Created private channel: NC-96C7 (owner=6a9a376f-82c7-45a7-a62e-caadad8e57d1, client=띱魸䋠쪗瘗濉, passwordGenerated=false)
12:29:58.268 [main] DEBUG c.n.l.channel.PrivateChannelManager - Access denied to channel NC-96C7: player client 귀쌨鹩 does not match channel client 띱魸䋠쪗瘗濉
12:29:58.268 [main] INFO  c.nova.link.channel.ChannelManager - Created channel: NC-4184 (scope=PRIVATE, client=谍 㐈횙櫞᜘䝛Ꝩ⽍ጟ䙀)
12:29:58.268 [main] INFO  c.n.l.channel.PrivateChannelManager - Created private channel: NC-4184 (owner=668e62fe-73f5-4ffd-9ffd-9ea7705b244f, client=谍 㐈횙櫞᜘䝛Ꝩ⽍ጟ䙀, passwordGenerated=false)
12:29:58.268 [main] DEBUG c.n.l.channel.PrivateChannelManager - Access denied to channel NC-4184: player client ﹷ갼뼩೚⁇䱅ġ樈亞❒娈 does not match channel client 谍 㐈횙櫞᜘䝛Ꝩ⽍ጟ䙀
12:29:58.268 [main] INFO  c.nova.link.channel.ChannelManager - Created channel: NC-2836 (scope=PRIVATE, client=꬐靟飽鲦ᬕ룵)
12:29:58.268 [main] INFO  c.n.l.channel.PrivateChannelManager - Created private channel: NC-2836 (owner=90f32b82-42b9-445a-96ef-d20c4b93d86f, client=꬐靟飽鲦ᬕ룵, passwordGenerated=false)
12:29:58.268 [main] DEBUG c.n.l.channel.PrivateChannelManager - Access denied to channel NC-2836: player client ≶琘ᵀ啷 does not match channel client ꬐靟飽鲦ᬕ룵
12:29:58.268 [main] INFO  c.nova.link.channel.ChannelManager - Created channel: NC-50B8 (scope=PRIVATE, client=蒐✻䭇纵罡匫)
12:29:58.268 [main] INFO  c.n.l.channel.PrivateChannelManager - Created private channel: NC-50B8 (owner=755924dd-4903-4556-8d96-a56bd51f4091, client=蒐✻䭇纵罡匫, passwordGenerated=false)
12:29:58.268 [main] DEBUG c.n.l.channel.PrivateChannelManager - Access denied to channel NC-50B8: player client ᝓ䂉悖铴ඨ does not match channel client 蒐✻䭇纵罡匫
12:29:58.268 [main] INFO  c.nova.link.channel.ChannelManager - Created channel: NC-7325 (scope=PRIVATE, client=灈쿴햐ꅥ)
12:29:58.268 [main] INFO  c.n.l.channel.PrivateChannelManager - Created private channel: NC-7325 (owner=a2e0c32c-07b4-465c-b16f-9dc017535793, client=灈쿴햐ꅥ, passwordGenerated=false)
12:29:58.268 [main] DEBUG c.n.l.channel.PrivateChannelManager - Access denied to channel NC-7325: player client 誃౏〗⏫䖋醍 does not match channel client 灈쿴햐ꅥ
12:29:58.268 [main] INFO  c.nova.link.channel.ChannelManager - Created channel: NC-B6D8 (scope=PRIVATE, client=픫겖⿗猃)
12:29:58.268 [main] INFO  c.n.l.channel.PrivateChannelManager - Created private channel: NC-B6D8 (owner=6bdc84e3-e508-4d4a-a455-5a9b8914b8ac, client=픫겖⿗猃, passwordGenerated=false)
12:29:58.268 [main] DEBUG c.n.l.channel.PrivateChannelManager - Access denied to channel NC-B6D8: player client 埥璂ⷙ栅ꊌ鮗琬鏔칀⦄ॾ does not match channel client 픫겖⿗猃
12:29:58.268 [main] INFO  c.nova.link.channel.ChannelManager - Created channel: NC-137E (scope=PRIVATE, client=딦虔畍⸐呑龷䐔祤삸⌅)
12:29:58.268 [main] INFO  c.n.l.channel.PrivateChannelManager - Created private channel: NC-137E (owner=8dd2af59-2833-42ae-a009-5a72e4a9e315, client=딦虔畍⸐呑龷䐔祤삸⌅, passwordGenerated=false)
12:29:58.268 [main] DEBUG c.n.l.channel.PrivateChannelManager - Access denied to channel NC-137E: player client 숊焙珃嗑瀬䳏 does not match channel client 딦虔畍⸐呑龷䐔祤삸⌅
12:29:58.272 [main] INFO  c.nova.link.channel.ChannelManager - Created channel: NC-5EB4 (scope=PRIVATE, client=︄㏅戏)
12:29:58.272 [main] INFO  c.n.l.channel.PrivateChannelManager - Created private channel: NC-5EB4 (owner=6333ad8e-58fa-44e4-a6b9-38bada995bb0, client=︄㏅戏, passwordGenerated=false)
12:29:58.272 [main] DEBUG c.n.l.channel.PrivateChannelManager - Access denied to channel NC-5EB4: player client 䕖핍 does not match channel client ︄㏅戏
12:29:58.272 [main] INFO  c.nova.link.channel.ChannelManager - Created channel: NC-5D1E (scope=PRIVATE, client=觵푝澡駵悻㐔蘻쓋⾍ཎ䥵)
12:29:58.272 [main] INFO  c.n.l.channel.PrivateChannelManager - Created private channel: NC-5D1E (owner=24491e6b-a563-493d-b347-90b6a8475bcb, client=觵푝澡駵悻㐔蘻쓋⾍ཎ䥵, passwordGenerated=false)
12:29:58.272 [main] DEBUG c.n.l.channel.PrivateChannelManager - Access denied to channel NC-5D1E: player client 譹脼㪲蚌鋑಻ᐕ୧떯皉첊 does not match channel client 觵푝澡駵悻㐔蘻쓋⾍ཎ䥵
12:29:58.273 [main] INFO  c.nova.link.channel.ChannelManager - Created channel: NC-9091 (scope=PRIVATE, client=펕쉂灸)
12:29:58.273 [main] INFO  c.n.l.channel.PrivateChannelManager - Created private channel: NC-9091 (owner=6cfa273b-f380-4dee-aad0-04d13fb00d17, client=펕쉂灸, passwordGenerated=false)
12:29:58.273 [main] DEBUG c.n.l.channel.PrivateChannelManager - Access denied to channel NC-9091: player client 夼粘꣇⠞⸎块 does not match channel client 펕쉂灸
12:29:58.273 [main] INFO  c.nova.link.channel.ChannelManager - Created channel: NC-6109 (scope=PRIVATE, client=ⴼ鹒)
12:29:58.273 [main] INFO  c.n.l.channel.PrivateChannelManager - Created private channel: NC-6109 (owner=0437d899-7009-4b27-9fde-71b65781bb72, client=ⴼ鹒, passwordGenerated=false)
12:29:58.273 [main] DEBUG c.n.l.channel.PrivateChannelManager - Access denied to channel NC-6109: player client 霹믾Ṹ䂋쨥껓 does not match channel client ⴼ鹒
12:29:58.273 [main] INFO  c.nova.link.channel.ChannelManager - Created channel: NC-1C6C (scope=PRIVATE, client=ᣆ᧮ご⸍楀珓翿騇巆끪靊)
12:29:58.273 [main] INFO  c.n.l.channel.PrivateChannelManager - Created private channel: NC-1C6C (owner=12f38b6f-ca7f-4d82-a492-bb6eb871f93a, client=ᣆ᧮ご⸍楀珓翿騇巆끪靊, passwordGenerated=false)
12:29:58.273 [main] DEBUG c.n.l.channel.PrivateChannelManager - Access denied to channel NC-1C6C: player client 幜ꝿ◶㛇ࡼ䉏㗇瀞 does not match channel client ᣆ᧮ご⸍楀珓翿騇巆끪靊
12:29:58.273 [main] INFO  c.nova.link.channel.ChannelManager - Created channel: NC-E2AD (scope=PRIVATE, client=畵⣓ꁴ셝몺鏔辖൸)
12:29:58.273 [main] INFO  c.n.l.channel.PrivateChannelManager - Created private channel: NC-E2AD (owner=907db32e-04b5-4ecf-b768-902f4e92ae9a, client=畵⣓ꁴ셝몺鏔辖൸, passwordGenerated=false)
12:29:58.273 [main] DEBUG c.n.l.channel.PrivateChannelManager - Access denied to channel NC-E2AD: player client ň䵬꠭ does not match channel client 畵⣓ꁴ셝몺鏔辖൸
12:29:58.273 [main] INFO  c.nova.link.channel.ChannelManager - Created channel: NC-3EE7 (scope=PRIVATE, client=氊⁎㉂쎄嘘３珅繉䊨휇诳ⲅ憧儘黸攧漮朽㵍ᖶ)
12:29:58.273 [main] INFO  c.n.l.channel.PrivateChannelManager - Created private channel: NC-3EE7 (owner=67cc8d7c-6871-4109-ae6a-6b3332a48880, client=氊⁎㉂쎄嘘３珅繉䊨휇诳ⲅ憧儘黸攧漮朽㵍ᖶ, passwordGenerated=false)
12:29:58.273 [main] DEBUG c.n.l.channel.PrivateChannelManager - Access denied to channel NC-3EE7: player client 栾둭⸈ⴅ애튲딌튒룈 does not match channel client 氊⁎㉂쎄嘘３珅繉䊨휇诳ⲅ憧儘黸攧漮朽㵍ᖶ
12:29:58.273 [main] INFO  c.nova.link.channel.ChannelManager - Created channel: NC-BABF (scope=PRIVATE, client=䤡틽杗蠄鵾)
12:29:58.273 [main] INFO  c.n.l.channel.PrivateChannelManager - Created private channel: NC-BABF (owner=a34f36a0-4656-424e-915a-4899ca7f51ca, client=䤡틽杗蠄鵾, passwordGenerated=false)
12:29:58.273 [main] DEBUG c.n.l.channel.PrivateChannelManager - Access denied to channel NC-BABF: player client 蘆讝饡 does not match channel client 䤡틽杗蠄鵾
12:29:58.273 [main] INFO  c.nova.link.channel.ChannelManager - Created channel: NC-9AE5 (scope=PRIVATE, client=蒉䴪嵟컄艈똭젶붉뗯鐻ᶾ祐ﾹጳᤐ섏陘⸇﨏剩)
12:29:58.273 [main] INFO  c.n.l.channel.PrivateChannelManager - Created private channel: NC-9AE5 (owner=3b130dff-f58d-49e4-a6df-1575ea306c9e, client=蒉䴪嵟컄艈똭젶붉뗯鐻ᶾ祐ﾹጳᤐ섏陘⸇﨏剩, passwordGenerated=false)
12:29:58.273 [main] DEBUG c.n.l.channel.PrivateChannelManager - Access denied to channel NC-9AE5: player client 䑖莯ꏂඖ瀟괶୿豶C does not match channel client 蒉䴪嵟컄艈똭젶붉뗯鐻ᶾ祐ﾹጳᤐ섏陘⸇﨏剩
12:29:58.273 [main] INFO  c.nova.link.channel.ChannelManager - Created channel: NC-FC44 (scope=PRIVATE, client=ᅗ酐蘙犑龁鑕檣බ⢭䛅班䋨▹)
12:29:58.273 [main] INFO  c.n.l.channel.PrivateChannelManager - Created private channel: NC-FC44 (owner=80e0dc36-df1f-4102-89a9-380aafaa3ea7, client=ᅗ酐蘙犑龁鑕檣බ⢭䛅班䋨▹, passwordGenerated=false)
12:29:58.273 [main] DEBUG c.n.l.channel.PrivateChannelManager - Access denied to channel NC-FC44: player client 牶좝䱡ꉥ차ᕭфℏ㡌 does not match channel client ᅗ酐蘙犑龁鑕檣බ⢭䛅班䋨▹
12:29:58.274 [main] INFO  c.nova.link.channel.ChannelManager - Created channel: NC-E9DD (scope=PRIVATE, client=顼或㞞Ͷ)
12:29:58.274 [main] INFO  c.n.l.channel.PrivateChannelManager - Created private channel: NC-E9DD (owner=26725153-2c2f-4552-9337-a383fddd4fb8, client=顼或㞞Ͷ, passwordGenerated=false)
12:29:58.274 [main] DEBUG c.n.l.channel.PrivateChannelManager - Access denied to channel NC-E9DD: player client 킉Ͱ䉆 does not match channel client 顼或㞞Ͷ
12:29:58.274 [main] INFO  c.nova.link.channel.ChannelManager - Created channel: NC-F011 (scope=PRIVATE, client=䦥┖)
12:29:58.274 [main] INFO  c.n.l.channel.PrivateChannelManager - Created private channel: NC-F011 (owner=7f6c63e6-b70c-4713-bf48-83a221e4eb06, client=䦥┖, passwordGenerated=false)
12:29:58.274 [main] DEBUG c.n.l.channel.PrivateChannelManager - Access denied to channel NC-F011: player client 赥Ꙏ즆譛茺䯨ޘᣱ朜 does not match channel client 䦥┖
12:29:58.274 [main] INFO  c.nova.link.channel.ChannelManager - Created channel: NC-8527 (scope=PRIVATE, client=ꬎ톤뜙관∙퓏)
12:29:58.274 [main] INFO  c.n.l.channel.PrivateChannelManager - Created private channel: NC-8527 (owner=75f9efa1-a165-40b6-b37c-13e6f0d2c205, client=ꬎ톤뜙관∙퓏, passwordGenerated=false)
12:29:58.274 [main] DEBUG c.n.l.channel.PrivateChannelManager - Access denied to channel NC-8527: player client 淌 does not match channel client ꬎ톤뜙관∙퓏
12:29:58.274 [main] INFO  c.nova.link.channel.ChannelManager - Created channel: NC-065D (scope=PRIVATE, client=涮轚⯜ᑊ臔ചᅒࣈ郃⍱)
12:29:58.274 [main] INFO  c.n.l.channel.PrivateChannelManager - Created private channel: NC-065D (owner=4d7625f1-561d-4867-a3f6-e64c17f31287, client=涮轚⯜ᑊ臔ചᅒࣈ郃⍱, passwordGenerated=false)
12:29:58.274 [main] DEBUG c.n.l.channel.PrivateChannelManager - Access denied to channel NC-065D: player client カᐖ廕蕖쳺ᱬ癟ᤓ鞏飔 does not match channel client 涮轚⯜ᑊ臔ചᅒࣈ郃⍱
12:29:58.274 [main] INFO  c.nova.link.channel.ChannelManager - Created channel: NC-BBA0 (scope=PRIVATE, client=呂䈁앲젓㢖⽪첸橕쌪ꇤ)
12:29:58.274 [main] INFO  c.n.l.channel.PrivateChannelManager - Created private channel: NC-BBA0 (owner=f52fe61b-cf64-4d0d-abd6-04e0eff49016, client=呂䈁앲젓㢖⽪첸橕쌪ꇤ, passwordGenerated=false)
12:29:58.274 [main] DEBUG c.n.l.channel.PrivateChannelManager - Access denied to channel NC-BBA0: player client 쎘ࣕꆍ囥ⱘ⵼䊟칆 does not match channel client 呂䈁앲젓㢖⽪첸橕쌪ꇤ
12:29:58.274 [main] INFO  c.nova.link.channel.ChannelManager - Created channel: NC-7F41 (scope=PRIVATE, client=뽅멩饖䟍굫忀픻)
12:29:58.274 [main] INFO  c.n.l.channel.PrivateChannelManager - Created private channel: NC-7F41 (owner=17aca271-36dc-45ba-b82a-98855167eefb, client=뽅멩饖䟍굫忀픻, passwordGenerated=false)
12:29:58.274 [main] DEBUG c.n.l.channel.PrivateChannelManager - Access denied to channel NC-7F41: player client ꃻ笈０⸗鉏邚+⬸ does not match channel client 뽅멩饖䟍굫忀픻
12:29:58.274 [main] INFO  c.nova.link.channel.ChannelManager - Created channel: NC-016A (scope=PRIVATE, client=꛸᳎)
12:29:58.274 [main] INFO  c.n.l.channel.PrivateChannelManager - Created private channel: NC-016A (owner=880b6982-4ee7-40a4-8461-c34017fc8ead, client=꛸᳎, passwordGenerated=false)
12:29:58.274 [main] DEBUG c.n.l.channel.PrivateChannelManager - Access denied to channel NC-016A: player client 櫹붌媉唔ປ提鴊⡱롃㰓 does not match channel client ꛸᳎
12:29:58.275 [main] INFO  c.nova.link.channel.ChannelManager - Created channel: NC-E5BF (scope=PRIVATE, client=㜟뫦➩뇴䔕菴ꦧణ᥿欴䒱㷣籧苌ሰ긲)
12:29:58.275 [main] INFO  c.n.l.channel.PrivateChannelManager - Created private channel: NC-E5BF (owner=58aa998c-fb99-4e0b-b40b-ff6bf99df9c3, client=㜟뫦➩뇴䔕菴ꦧణ᥿欴䒱㷣籧苌ሰ긲, passwordGenerated=false)
12:29:58.275 [main] DEBUG c.n.l.channel.PrivateChannelManager - Access denied to channel NC-E5BF: player client ȷ does not match channel client 㜟뫦➩뇴䔕菴ꦧణ᥿欴䒱㷣籧苌ሰ긲
12:29:58.275 [main] INFO  c.nova.link.channel.ChannelManager - Created channel: NC-1970 (scope=PRIVATE, client=壕㊏텓럡皻⻑랯먕)
12:29:58.275 [main] INFO  c.n.l.channel.PrivateChannelManager - Created private channel: NC-1970 (owner=3e8686ce-d362-450d-9eae-1f81d84e6744, client=壕㊏텓럡皻⻑랯먕, passwordGenerated=false)
12:29:58.275 [main] DEBUG c.n.l.channel.PrivateChannelManager - Access denied to channel NC-1970: player client 葱䪉䏢뙴࿞⵵迅ᐷ捖欷쨡⤶鵐谦斱넼 does not match channel client 壕㊏텓럡皻⻑랯먕
12:29:58.276 [main] INFO  c.nova.link.channel.ChannelManager - Created channel: NC-FE10 (scope=PRIVATE, client=⺀쩨⇫폜⎙)
12:29:58.276 [main] INFO  c.n.l.channel.PrivateChannelManager - Created private channel: NC-FE10 (owner=837d9dbb-f864-4d1e-9629-e1c665ef7789, client=⺀쩨⇫폜⎙, passwordGenerated=false)
12:29:58.276 [main] DEBUG c.n.l.channel.PrivateChannelManager - Access denied to channel NC-FE10: player client 腾쨧嗶薉靚 does not match channel client ⺀쩨⇫폜⎙
12:29:58.276 [main] INFO  c.nova.link.channel.ChannelManager - Created channel: NC-6460 (scope=PRIVATE, client=릎夂餴鄙)
12:29:58.276 [main] INFO  c.n.l.channel.PrivateChannelManager - Created private channel: NC-6460 (owner=cb59ff09-4021-40e7-87f2-95200b4cf4e3, client=릎夂餴鄙, passwordGenerated=false)
12:29:58.276 [main] DEBUG c.n.l.channel.PrivateChannelManager - Access denied to channel NC-6460: player client 갸௒ꜵ does not match channel client 릎夂餴鄙
12:29:58.276 [main] INFO  c.nova.link.channel.ChannelManager - Created channel: NC-3CAA (scope=PRIVATE, client=翸䃞㫽㻻䲝넁́뇿)
12:29:58.276 [main] INFO  c.n.l.channel.PrivateChannelManager - Created private channel: NC-3CAA (owner=65f7c172-ae61-4995-a055-81cd1973d921, client=翸䃞㫽㻻䲝넁́뇿, passwordGenerated=false)
12:29:58.276 [main] DEBUG c.n.l.channel.PrivateChannelManager - Access denied to channel NC-3CAA: player client 便ㄝ嵻쓟 does not match channel client 翸䃞㫽㻻䲝넁́뇿
12:29:58.276 [main] INFO  c.nova.link.channel.ChannelManager - Created channel: NC-C22A (scope=PRIVATE, client=藊)
12:29:58.276 [main] INFO  c.n.l.channel.PrivateChannelManager - Created private channel: NC-C22A (owner=c3440729-1998-47f1-b59c-656ae5a38eac, client=藊, passwordGenerated=false)
12:29:58.276 [main] DEBUG c.n.l.channel.PrivateChannelManager - Access denied to channel NC-C22A: player client 筯⏑ຐ퀽玑䔮菵덏酱ﶒ does not match channel client 藊
12:29:58.276 [main] INFO  c.nova.link.channel.ChannelManager - Created channel: NC-475E (scope=PRIVATE, client=溋)
12:29:58.276 [main] INFO  c.n.l.channel.PrivateChannelManager - Created private channel: NC-475E (owner=919c4818-8af1-4604-bd3c-9dd56703e16b, client=溋, passwordGenerated=false)
12:29:58.276 [main] DEBUG c.n.l.channel.PrivateChannelManager - Access denied to channel NC-475E: player client 퉏묈 does not match channel client 溋
12:29:58.276 [main] INFO  c.nova.link.channel.ChannelManager - Created channel: NC-3D18 (scope=PRIVATE, client=蜅닕웂庍쫮蹐ퟪ灰ㄟꓫ斏曼)
12:29:58.276 [main] INFO  c.n.l.channel.PrivateChannelManager - Created private channel: NC-3D18 (owner=790c3499-4a8c-4e0d-9070-9500b3c07697, client=蜅닕웂庍쫮蹐ퟪ灰ㄟꓫ斏曼, passwordGenerated=false)
12:29:58.276 [main] DEBUG c.n.l.channel.PrivateChannelManager - Access denied to channel NC-3D18: player client 핤扖刾귊形몕灥襤ቌ϶릘莶頉ﭧﳓ괺䫊棨哓网 does not match channel client 蜅닕웂庍쫮蹐ퟪ灰ㄟꓫ斏曼
12:29:58.277 [main] INFO  c.nova.link.channel.ChannelManager - Created channel: NC-F352 (scope=PRIVATE, client=룴抵獫䍃승茚)
12:29:58.277 [main] INFO  c.n.l.channel.PrivateChannelManager - Created private channel: NC-F352 (owner=02ecf856-524f-4117-b601-0babd4a3cf39, client=룴抵獫䍃승茚, passwordGenerated=false)
12:29:58.277 [main] DEBUG c.n.l.channel.PrivateChannelManager - Access denied to channel NC-F352: player client 槡噫␳⹪ does not match channel client 룴抵獫䍃승茚
12:29:58.277 [main] INFO  c.nova.link.channel.ChannelManager - Created channel: NC-9BF3 (scope=PRIVATE, client=荏댽䱽촓홭秔취讒ᣎ縏友븙⁍⁗)
12:29:58.277 [main] INFO  c.n.l.channel.PrivateChannelManager - Created private channel: NC-9BF3 (owner=1664d9cb-7e89-4219-9fd6-1821f50c54ff, client=荏댽䱽촓홭秔취讒ᣎ縏友븙⁍⁗, passwordGenerated=false)
12:29:58.277 [main] DEBUG c.n.l.channel.PrivateChannelManager - Access denied to channel NC-9BF3: player client 兽 does not match channel client 荏댽䱽촓홭秔취讒ᣎ縏友븙⁍⁗
12:29:58.277 [main] INFO  c.nova.link.channel.ChannelManager - Created channel: NC-8F62 (scope=PRIVATE, client=仂絫җ⊽腻㨐砼驚)
12:29:58.277 [main] INFO  c.n.l.channel.PrivateChannelManager - Created private channel: NC-8F62 (owner=44e0d1d1-e46e-4e59-8c8b-c18afd4b96f8, client=仂絫җ⊽腻㨐砼驚, passwordGenerated=false)
12:29:58.277 [main] DEBUG c.n.l.channel.PrivateChannelManager - Access denied to channel NC-8F62: player client 鄸㕽鹍 does not match channel client 仂絫җ⊽腻㨐砼驚
12:29:58.277 [main] INFO  c.nova.link.channel.ChannelManager - Created channel: NC-7CD4 (scope=PRIVATE, client=鱶㏱먎ẝ鿲௕)
12:29:58.277 [main] INFO  c.n.l.channel.PrivateChannelManager - Created private channel: NC-7CD4 (owner=db0869e7-9a9d-40dc-80bf-250c54cca5c2, client=鱶㏱먎ẝ鿲௕, passwordGenerated=false)
12:29:58.277 [main] DEBUG c.n.l.channel.PrivateChannelManager - Access denied to channel NC-7CD4: player client 璩垁皈ᓗ䤵 does not match channel client 鱶㏱먎ẝ鿲௕
12:29:58.277 [main] INFO  c.nova.link.channel.ChannelManager - Created channel: NC-E81C (scope=PRIVATE, client=눧ၵ⚸)
12:29:58.277 [main] INFO  c.n.l.channel.PrivateChannelManager - Created private channel: NC-E81C (owner=c30112b5-e24a-4079-a4f2-d4427696e00a, client=눧ၵ⚸, passwordGenerated=false)
12:29:58.277 [main] DEBUG c.n.l.channel.PrivateChannelManager - Access denied to channel NC-E81C: player client 蝯乺ᮻ࡮닅⎨廙ᆺ奎 does not match channel client 눧ၵ⚸
12:29:58.277 [main] INFO  c.nova.link.channel.ChannelManager - Created channel: NC-123D (scope=PRIVATE, client=䊺躃ะ珄홵ퟙ漀)
12:29:58.277 [main] INFO  c.n.l.channel.PrivateChannelManager - Created private channel: NC-123D (owner=ebff0327-a028-4820-9aae-ff85faff9361, client=䊺躃ะ珄홵ퟙ漀, passwordGenerated=false)
12:29:58.277 [main] DEBUG c.n.l.channel.PrivateChannelManager - Access denied to channel NC-123D: player client 핑⭀긙膥답쇐襨Ẹ does not match channel client 䊺躃ะ珄홵ퟙ漀
12:29:58.277 [main] INFO  c.nova.link.channel.ChannelManager - Created channel: NC-AD13 (scope=PRIVATE, client=ﴳ뭶嗙䯗숰唴䚂邜୔)
12:29:58.277 [main] INFO  c.n.l.channel.PrivateChannelManager - Created private channel: NC-AD13 (owner=030ee510-7ab9-4d78-bf49-a40a1b6327eb, client=ﴳ뭶嗙䯗숰唴䚂邜୔, passwordGenerated=false)
12:29:58.277 [main] DEBUG c.n.l.channel.PrivateChannelManager - Access denied to channel NC-AD13: player client ᾲ庢㊓௾燎꼡ꭽ does not match channel client ﴳ뭶嗙䯗숰唴䚂邜୔
12:29:58.277 [main] INFO  c.nova.link.channel.ChannelManager - Created channel: NC-F08B (scope=PRIVATE, client=抧챬쌁ꆊ庩혻勯)
12:29:58.278 [main] INFO  c.n.l.channel.PrivateChannelManager - Created private channel: NC-F08B (owner=02d2d5be-5bdc-4d78-9d72-27ec6dfd2b2a, client=抧챬쌁ꆊ庩혻勯, passwordGenerated=false)
12:29:58.278 [main] DEBUG c.n.l.channel.PrivateChannelManager - Access denied to channel NC-F08B: player client 䴠壏ⵌ룁⺷ￚ덋ح逖 does not match channel client 抧챬쌁ꆊ庩혻勯
12:29:58.278 [main] INFO  c.nova.link.channel.ChannelManager - Created channel: NC-0824 (scope=PRIVATE, client=㸧)
12:29:58.278 [main] INFO  c.n.l.channel.PrivateChannelManager - Created private channel: NC-0824 (owner=0b9a87d9-bcf4-4cbe-b8f6-718ebe87e7c0, client=㸧, passwordGenerated=false)
12:29:58.278 [main] DEBUG c.n.l.channel.PrivateChannelManager - Access denied to channel NC-0824: player client Ი꘍ does not match channel client 㸧
12:29:58.278 [main] INFO  c.nova.link.channel.ChannelManager - Created channel: NC-EE04 (scope=PRIVATE, client=㈌덇崙듺謯樂륵⤧쾽)
12:29:58.278 [main] INFO  c.n.l.channel.PrivateChannelManager - Created private channel: NC-EE04 (owner=caf96223-c963-4992-9395-fe7315252ad0, client=㈌덇崙듺謯樂륵⤧쾽, passwordGenerated=false)
12:29:58.278 [main] DEBUG c.n.l.channel.PrivateChannelManager - Access denied to channel NC-EE04: player client 푄敚玐㊾㍒≛諴ꆓ퓶 does not match channel client ㈌덇崙듺謯樂륵⤧쾽
12:29:58.278 [main] INFO  c.nova.link.channel.ChannelManager - Created channel: NC-D360 (scope=PRIVATE, client=浯ꎉ풩ꬭ锂뭄翇⎣⿿)
12:29:58.278 [main] INFO  c.n.l.channel.PrivateChannelManager - Created private channel: NC-D360 (owner=6aba2f19-81bd-4169-9a65-8955778a8305, client=浯ꎉ풩ꬭ锂뭄翇⎣⿿, passwordGenerated=false)
12:29:58.278 [main] DEBUG c.n.l.channel.PrivateChannelManager - Access denied to channel NC-D360: player client 㨣圻ⷃ does not match channel client 浯ꎉ풩ꬭ锂뭄翇⎣⿿
12:29:58.278 [main] INFO  c.nova.link.channel.ChannelManager - Created channel: NC-5EA2 (scope=PRIVATE, client=ᔹ)
12:29:58.278 [main] INFO  c.n.l.channel.PrivateChannelManager - Created private channel: NC-5EA2 (owner=f3ca8c15-597b-4d9e-9f5e-922276aad54e, client=ᔹ, passwordGenerated=false)
12:29:58.278 [main] DEBUG c.n.l.channel.PrivateChannelManager - Access denied to channel NC-5EA2: player client 堆ໂꅐ䲽⁥ does not match channel client ᔹ
12:29:58.278 [main] INFO  c.nova.link.channel.ChannelManager - Created channel: NC-E9DE (scope=PRIVATE, client=퐸)
12:29:58.278 [main] INFO  c.n.l.channel.PrivateChannelManager - Created private channel: NC-E9DE (owner=3c95c309-1431-450c-a1c6-dd29a5d050d7, client=퐸, passwordGenerated=false)
12:29:58.278 [main] DEBUG c.n.l.channel.PrivateChannelManager - Access denied to channel NC-E9DE: player client 靉鐮蔃쌙 does not match channel client 퐸
12:29:58.279 [main] INFO  c.nova.link.channel.ChannelManager - Created channel: NC-516D (scope=PRIVATE, client=䡼ഌ쐌憾⹞井寏퀆걊韅쳰ꌢ䑌೑)
12:29:58.279 [main] INFO  c.n.l.channel.PrivateChannelManager - Created private channel: NC-516D (owner=9c4f26d5-6ce0-4558-8dc1-ab5b4afd7211, client=䡼ഌ쐌憾⹞井寏퀆걊韅쳰ꌢ䑌೑, passwordGenerated=false)
12:29:58.279 [main] DEBUG c.n.l.channel.PrivateChannelManager - Access denied to channel NC-516D: player client 鷀孅Ԧ榁暓領 does not match channel client 䡼ഌ쐌憾⹞井寏퀆걊韅쳰ꌢ䑌೑
12:29:58.280 [main] INFO  c.nova.link.channel.ChannelManager - Created channel: NC-023D (scope=PRIVATE, client=땹ຢ澤딳킞볨ᧃ俚ꔊ稨誚ᤘʠ嗄㴞༙얽뻒)
12:29:58.280 [main] INFO  c.n.l.channel.PrivateChannelManager - Created private channel: NC-023D (owner=5d796997-09a0-46f1-ae78-617772906699, client=땹ຢ澤딳킞볨ᧃ俚ꔊ稨誚ᤘʠ嗄㴞༙얽뻒, passwordGenerated=false)
12:29:58.280 [main] DEBUG c.n.l.channel.PrivateChannelManager - Access denied to channel NC-023D: player client 㣝罱褗▘젪䓞 does not match channel client 땹ຢ澤딳킞볨ᧃ俚ꔊ稨誚ᤘʠ嗄㴞༙얽뻒
12:29:58.280 [main] INFO  c.nova.link.channel.ChannelManager - Created channel: NC-7CB8 (scope=PRIVATE, client=䔹ﭧ柾㒖䁒鶠翏굫)
12:29:58.280 [main] INFO  c.n.l.channel.PrivateChannelManager - Created private channel: NC-7CB8 (owner=68c15f3d-1c1b-4a4b-b07a-4ed0cbf7748a, client=䔹ﭧ柾㒖䁒鶠翏굫, passwordGenerated=false)
12:29:58.280 [main] DEBUG c.n.l.channel.PrivateChannelManager - Access denied to channel NC-7CB8: player client ﲳո贔勇⛪㽋医㞸≩읰 does not match channel client 䔹ﭧ柾㒖䁒鶠翏굫
12:29:58.280 [main] INFO  c.nova.link.channel.ChannelManager - Created channel: NC-FFE7 (scope=PRIVATE, client=返뎴闓鄒躙᜛)
12:29:58.280 [main] INFO  c.n.l.channel.PrivateChannelManager - Created private channel: NC-FFE7 (owner=d6354c58-9867-47ba-b6c2-9619bd779749, client=返뎴闓鄒躙᜛, passwordGenerated=false)
12:29:58.280 [main] DEBUG c.n.l.channel.PrivateChannelManager - Access denied to channel NC-FFE7: player client 鴽ᰫ묅ᚭﴗ曏좙蔙ᇵ does not match channel client 返뎴闓鄒躙᜛
12:29:58.280 [main] INFO  c.nova.link.channel.ChannelManager - Created channel: NC-73A8 (scope=PRIVATE, client=є뼂玎ᓀ帯迩)
12:29:58.280 [main] INFO  c.n.l.channel.PrivateChannelManager - Created private channel: NC-73A8 (owner=49b87f9a-d92a-4ba3-8d9c-52961fbd385e, client=є뼂玎ᓀ帯迩, passwordGenerated=false)
12:29:58.280 [main] DEBUG c.n.l.channel.PrivateChannelManager - Access denied to channel NC-73A8: player client 岈Ἠ⑚⼝䖎 does not match channel client є뼂玎ᓀ帯迩
12:29:58.280 [main] INFO  c.nova.link.channel.ChannelManager - Created channel: NC-E731 (scope=PRIVATE, client=ꁯ)
12:29:58.280 [main] INFO  c.n.l.channel.PrivateChannelManager - Created private channel: NC-E731 (owner=d9747698-35eb-4efc-a944-b57b613c2800, client=ꁯ, passwordGenerated=false)
12:29:58.280 [main] DEBUG c.n.l.channel.PrivateChannelManager - Access denied to channel NC-E731: player client ̳╽틚宩 does not match channel client ꁯ
12:29:58.281 [main] INFO  c.nova.link.channel.ChannelManager - Created channel: NC-356F (scope=PRIVATE, client=캷䒢쎑뙮漧鏢㪅)
12:29:58.281 [main] INFO  c.n.l.channel.PrivateChannelManager - Created private channel: NC-356F (owner=58658132-aea4-4c1f-9c81-98c5923da6bb, client=캷䒢쎑뙮漧鏢㪅, passwordGenerated=false)
12:29:58.281 [main] DEBUG c.n.l.channel.PrivateChannelManager - Access denied to channel NC-356F: player client 㷦⃊狄 does not match channel client 캷䒢쎑뙮漧鏢㪅
12:29:58.281 [main] INFO  c.nova.link.channel.ChannelManager - Created channel: NC-3A08 (scope=PRIVATE, client=⁩鈽梥)
12:29:58.281 [main] INFO  c.n.l.channel.PrivateChannelManager - Created private channel: NC-3A08 (owner=1ec45eb5-830b-4f33-950a-9a1a284a4f78, client=⁩鈽梥, passwordGenerated=false)
12:29:58.281 [main] DEBUG c.n.l.channel.PrivateChannelManager - Access denied to channel NC-3A08: player client Ⴗ쀗쵽䏊쬻鶈 does not match channel client ⁩鈽梥
12:29:58.281 [main] INFO  c.nova.link.channel.ChannelManager - Created channel: NC-A3E2 (scope=PRIVATE, client=㧹⻏⚮㓱)
12:29:58.281 [main] INFO  c.n.l.channel.PrivateChannelManager - Created private channel: NC-A3E2 (owner=13171288-cb62-4801-9260-d5a3e0fccdc5, client=㧹⻏⚮㓱, passwordGenerated=false)
12:29:58.281 [main] DEBUG c.n.l.channel.PrivateChannelManager - Access denied to channel NC-A3E2: player client 煊탒첽侜읕࢚ᇉ掙햏왐㩒⎉ does not match channel client 㧹⻏⚮㓱
12:29:58.281 [main] INFO  c.nova.link.channel.ChannelManager - Created channel: NC-6F81 (scope=PRIVATE, client=뇎㺷❘)
12:29:58.281 [main] INFO  c.n.l.channel.PrivateChannelManager - Created private channel: NC-6F81 (owner=4c92e0a4-0f1d-4688-bae6-42a1b495fc33, client=뇎㺷❘, passwordGenerated=false)
12:29:58.281 [main] DEBUG c.n.l.channel.PrivateChannelManager - Access denied to channel NC-6F81: player client ቻ괩⚝쵟뜀婉闪 does not match channel client 뇎㺷❘
12:29:58.281 [main] INFO  c.nova.link.channel.ChannelManager - Created channel: NC-AAF4 (scope=PRIVATE, client=瑜匨ꪏ奛ᡚ캂ꈒⷘ)
12:29:58.281 [main] INFO  c.n.l.channel.PrivateChannelManager - Created private channel: NC-AAF4 (owner=f4cd4827-96fd-46a1-b3ef-bc6ad75acc37, client=瑜匨ꪏ奛ᡚ캂ꈒⷘ, passwordGenerated=false)
12:29:58.281 [main] DEBUG c.n.l.channel.PrivateChannelManager - Access denied to channel NC-AAF4: player client 刓ደ辜뀥 does not match channel client 瑜匨ꪏ奛ᡚ캂ꈒⷘ
12:29:58.281 [main] INFO  c.nova.link.channel.ChannelManager - Created channel: NC-0D8A (scope=PRIVATE, client=럕쌐ꇘꮍ幻户붨ㄉⶹ燰閞下ꦥ⡖)
12:29:58.281 [main] INFO  c.n.l.channel.PrivateChannelManager - Created private channel: NC-0D8A (owner=821609a1-db28-48ad-94dc-a88bdb92fb63, client=럕쌐ꇘꮍ幻户붨ㄉⶹ燰閞下ꦥ⡖, passwordGenerated=false)
12:29:58.281 [main] DEBUG c.n.l.channel.PrivateChannelManager - Access denied to channel NC-0D8A: player client 䳪頻 does not match channel client 럕쌐ꇘꮍ幻户붨ㄉⶹ燰閞下ꦥ⡖
12:29:58.281 [main] INFO  c.nova.link.channel.ChannelManager - Created channel: NC-01E9 (scope=PRIVATE, client=䏂⪕⹥䠉웡)
12:29:58.281 [main] INFO  c.n.l.channel.PrivateChannelManager - Created private channel: NC-01E9 (owner=80a407da-9148-40cd-9cad-8c3afeabf993, client=䏂⪕⹥䠉웡, passwordGenerated=false)
12:29:58.281 [main] DEBUG c.n.l.channel.PrivateChannelManager - Access denied to channel NC-01E9: player client 騄촗塸⃻኱鋔ɜ梽傻ㆎ㝀 does not match channel client 䏂⪕⹥䠉웡
12:29:58.282 [main] INFO  c.nova.link.channel.ChannelManager - Created channel: NC-FDD6 (scope=PRIVATE, client=缥硚跫⾷띻ࣀ훕䌰￷瘤ⅻ)
12:29:58.282 [main] INFO  c.n.l.channel.PrivateChannelManager - Created private channel: NC-FDD6 (owner=a0d9a99d-c56f-42e4-a73a-5c0073c1face, client=缥硚跫⾷띻ࣀ훕䌰￷瘤ⅻ, passwordGenerated=false)
12:29:58.282 [main] DEBUG c.n.l.channel.PrivateChannelManager - Access denied to channel NC-FDD6: player client ձ枢⻩懻섫喀揊ೕ騴 does not match channel client 缥硚跫⾷띻ࣀ훕䌰￷瘤ⅻ
]]></system-out>
  </testcase>
  <testcase name="playersFromDifferentClientsShouldBeDeniedAccess" classname="com.nova.link.channel.PrivateChannelClientIsolationPropertyTest" time="0.034">
    <system-out><![CDATA[12:29:58.306 [main] INFO  c.nova.link.channel.ChannelManager - Created channel: NC-B490 (scope=PRIVATE, client=ꍵꔈ㠶쒼ҍ⨫)
12:29:58.306 [main] INFO  c.n.l.channel.PrivateChannelManager - Created private channel: NC-B490 (owner=2e142494-ca73-4622-8f6e-4893c9e9528b, client=ꍵꔈ㠶쒼ҍ⨫, passwordGenerated=false)
12:29:58.306 [main] DEBUG c.n.l.channel.PrivateChannelManager - Access denied to channel NC-B490: player client 渱蓜㉫揋ꘐꎑ掬虑 does not match channel client ꍵꔈ㠶쒼ҍ⨫
12:29:58.306 [main] INFO  c.nova.link.channel.ChannelManager - Created channel: NC-CA68 (scope=PRIVATE, client=眆뉑埚༭蓍ᛢ웛)
12:29:58.307 [main] INFO  c.n.l.channel.PrivateChannelManager - Created private channel: NC-CA68 (owner=f0700366-3b83-483a-b485-607ffcb4f3e0, client=眆뉑埚༭蓍ᛢ웛, passwordGenerated=false)
12:29:58.307 [main] DEBUG c.n.l.channel.PrivateChannelManager - Access denied to channel NC-CA68: player client ໌啑袑䘆碧Ƕ镯ꟍ겜瘣 does not match channel client 眆뉑埚༭蓍ᛢ웛
12:29:58.307 [main] INFO  c.nova.link.channel.ChannelManager - Created channel: NC-4FC1 (scope=PRIVATE, client=퓰嵛궆穘瓾踦᧼)
12:29:58.307 [main] INFO  c.n.l.channel.PrivateChannelManager - Created private channel: NC-4FC1 (owner=314e56a5-e0bd-45c9-b4b8-db163541b5b2, client=퓰嵛궆穘瓾踦᧼, passwordGenerated=false)
12:29:58.307 [main] DEBUG c.n.l.channel.PrivateChannelManager - Access denied to channel NC-4FC1: player client ⺔࿣ does not match channel client 퓰嵛궆穘瓾踦᧼
12:29:58.307 [main] INFO  c.nova.link.channel.ChannelManager - Created channel: NC-C2F0 (scope=PRIVATE, client=颈Ή六)
12:29:58.307 [main] INFO  c.n.l.channel.PrivateChannelManager - Created private channel: NC-C2F0 (owner=bc337145-6edc-4baa-8f78-c108c9d1252b, client=颈Ή六, passwordGenerated=false)
12:29:58.307 [main] DEBUG c.n.l.channel.PrivateChannelManager - Access denied to channel NC-C2F0: player client 坶툗禆쀡竊ӆ does not match channel client 颈Ή六
12:29:58.307 [main] INFO  c.nova.link.channel.ChannelManager - Created channel: NC-B8A0 (scope=PRIVATE, client=≥鱖ଉ寢괙෩㧡፨)
12:29:58.307 [main] INFO  c.n.l.channel.PrivateChannelManager - Created private channel: NC-B8A0 (owner=c9cfdbc4-0eec-412b-b945-2b79b9cd6ba7, client=≥鱖ଉ寢괙෩㧡፨, passwordGenerated=false)
12:29:58.307 [main] DEBUG c.n.l.channel.PrivateChannelManager - Access denied to channel NC-B8A0: player client 囧꫆䃎捼錥ヾႸ does not match channel client ≥鱖ଉ寢괙෩㧡፨
12:29:58.307 [main] INFO  c.nova.link.channel.ChannelManager - Created channel: NC-52CF (scope=PRIVATE, client=준ℽ鷥)
12:29:58.307 [main] INFO  c.n.l.channel.PrivateChannelManager - Created private channel: NC-52CF (owner=621fdf64-6e6d-444a-940b-f738ec011635, client=준ℽ鷥, passwordGenerated=false)
12:29:58.307 [main] DEBUG c.n.l.channel.PrivateChannelManager - Access denied to channel NC-52CF: player client 셍꾍椡壊롌Ⰹ斅삠㹥 does not match channel client 준ℽ鷥
12:29:58.307 [main] INFO  c.nova.link.channel.ChannelManager - Created channel: NC-D4FB (scope=PRIVATE, client=剢)
12:29:58.307 [main] INFO  c.n.l.channel.PrivateChannelManager - Created private channel: NC-D4FB (owner=83febd15-be4b-4c39-9c5e-52f810cf0c44, client=剢, passwordGenerated=false)
12:29:58.307 [main] DEBUG c.n.l.channel.PrivateChannelManager - Access denied to channel NC-D4FB: player client 緢왨秢Я걶렘톡脱ﰱ does not match channel client 剢
12:29:58.307 [main] INFO  c.nova.link.channel.ChannelManager - Created channel: NC-A0F0 (scope=PRIVATE, client=姧䞈鬫쁤Ⰽ﹍ༀ)
12:29:58.307 [main] INFO  c.n.l.channel.PrivateChannelManager - Created private channel: NC-A0F0 (owner=bcf7dc91-2a71-480f-990d-728fad6fe02d, client=姧䞈鬫쁤Ⰽ﹍ༀ, passwordGenerated=false)
12:29:58.307 [main] DEBUG c.n.l.channel.PrivateChannelManager - Access denied to channel NC-A0F0: player client ᴯꂲ怑炚뤃檷盝⾐퓆 does not match channel client 姧䞈鬫쁤Ⰽ﹍ༀ
12:29:58.307 [main] INFO  c.nova.link.channel.ChannelManager - Created channel: NC-867B (scope=PRIVATE, client=䞀惫铵苙尤䳌媹䪱횾펧쾏踽け㘗ḗⳓ)
12:29:58.307 [main] INFO  c.n.l.channel.PrivateChannelManager - Created private channel: NC-867B (owner=4707f6fd-8eda-4d9e-b778-3691d810b504, client=䞀惫铵苙尤䳌媹䪱횾펧쾏踽け㘗ḗⳓ, passwordGenerated=false)
12:29:58.307 [main] DEBUG c.n.l.channel.PrivateChannelManager - Access denied to channel NC-867B: player client ꍉ㦚쎀뤀榆娄ᓜ雖 does not match channel client 䞀惫铵苙尤䳌媹䪱횾펧쾏踽け㘗ḗⳓ
12:29:58.308 [main] INFO  c.nova.link.channel.ChannelManager - Created channel: NC-8E17 (scope=PRIVATE, client=ổ﫺霈㉂㘗㖡惵᳍爻䭭磌)
12:29:58.308 [main] INFO  c.n.l.channel.PrivateChannelManager - Created private channel: NC-8E17 (owner=0c8189e6-d471-4999-b0c1-753838ad0ce8, client=ổ﫺霈㉂㘗㖡惵᳍爻䭭磌, passwordGenerated=false)
12:29:58.308 [main] DEBUG c.n.l.channel.PrivateChannelManager - Access denied to channel NC-8E17: player client 힩脱 does not match channel client ổ﫺霈㉂㘗㖡惵᳍爻䭭磌
12:29:58.308 [main] INFO  c.nova.link.channel.ChannelManager - Created channel: NC-1449 (scope=PRIVATE, client=馝➠渀㋭앍枯똇䩓)
12:29:58.308 [main] INFO  c.n.l.channel.PrivateChannelManager - Created private channel: NC-1449 (owner=d7d1c510-f036-47f7-83f1-c58e9b25c3d0, client=馝➠渀㋭앍枯똇䩓, passwordGenerated=false)
12:29:58.308 [main] DEBUG c.n.l.channel.PrivateChannelManager - Access denied to channel NC-1449: player client ꋪ๡㴂⠌⇩ꥐ岿⽧ does not match channel client 馝➠渀㋭앍枯똇䩓
12:29:58.308 [main] INFO  c.nova.link.channel.ChannelManager - Created channel: NC-5E19 (scope=PRIVATE, client=榟턦ᲆ잻㄂⥫糧)
12:29:58.308 [main] INFO  c.n.l.channel.PrivateChannelManager - Created private channel: NC-5E19 (owner=80342c87-a93a-4cfb-a7cd-e7ff4e34183e, client=榟턦ᲆ잻㄂⥫糧, passwordGenerated=false)
12:29:58.308 [main] DEBUG c.n.l.channel.PrivateChannelManager - Access denied to channel NC-5E19: player client ﶋꍭꪺ㽆 does not match channel client 榟턦ᲆ잻㄂⥫糧
12:29:58.308 [main] INFO  c.nova.link.channel.ChannelManager - Created channel: NC-4F92 (scope=PRIVATE, client=앰䂡堐죢毕䡨蘦ᴂꠔᑈ컃똥뿚䖵굪謓4)
12:29:58.308 [main] INFO  c.n.l.channel.PrivateChannelManager - Created private channel: NC-4F92 (owner=1606b6d5-37ee-46d4-9f30-7e1cc7b94b67, client=앰䂡堐죢毕䡨蘦ᴂꠔᑈ컃똥뿚䖵굪謓4, passwordGenerated=false)
12:29:58.308 [main] DEBUG c.n.l.channel.PrivateChannelManager - Access denied to channel NC-4F92: player client 䂭夋ꭣ큂ꬋ does not match channel client 앰䂡堐죢毕䡨蘦ᴂꠔᑈ컃똥뿚䖵굪謓4
12:29:58.308 [main] INFO  c.nova.link.channel.ChannelManager - Created channel: NC-08ED (scope=PRIVATE, client=띭⪐뙫㱇旡)
12:29:58.308 [main] INFO  c.n.l.channel.PrivateChannelManager - Created private channel: NC-08ED (owner=0159c684-afcf-4fdb-b423-26cec6d44a46, client=띭⪐뙫㱇旡, passwordGenerated=false)
12:29:58.308 [main] DEBUG c.n.l.channel.PrivateChannelManager - Access denied to channel NC-08ED: player client 픾겛諸㌣녪ᘰ does not match channel client 띭⪐뙫㱇旡
12:29:58.308 [main] INFO  c.nova.link.channel.ChannelManager - Created channel: NC-2C71 (scope=PRIVATE, client=枍㫨豤弛죣镂刐茮麡髟姠)
12:29:58.308 [main] INFO  c.n.l.channel.PrivateChannelManager - Created private channel: NC-2C71 (owner=0008294d-770d-4501-92a8-2513319c765c, client=枍㫨豤弛죣镂刐茮麡髟姠, passwordGenerated=false)
12:29:58.308 [main] DEBUG c.n.l.channel.PrivateChannelManager - Access denied to channel NC-2C71: player client ŝ曳뉨ꋠ does not match channel client 枍㫨豤弛죣镂刐茮麡髟姠
12:29:58.308 [main] INFO  c.nova.link.channel.ChannelManager - Created channel: NC-E907 (scope=PRIVATE, client=ꜭྜ╭왟빪꯼稦볥孎쩔๦)
12:29:58.308 [main] INFO  c.n.l.channel.PrivateChannelManager - Created private channel: NC-E907 (owner=6a91563f-ca0a-49d4-a87e-744c508f06a4, client=ꜭྜ╭왟빪꯼稦볥孎쩔๦, passwordGenerated=false)
12:29:58.308 [main] DEBUG c.n.l.channel.PrivateChannelManager - Access denied to channel NC-E907: player client ભ﷏댼쀳 does not match channel client ꜭྜ╭왟빪꯼稦볥孎쩔๦
12:29:58.308 [main] INFO  c.nova.link.channel.ChannelManager - Created channel: NC-EC88 (scope=PRIVATE, client=镢鯚毂氃⦫쨡ꑔ)
12:29:58.308 [main] INFO  c.n.l.channel.PrivateChannelManager - Created private channel: NC-EC88 (owner=85c85b2f-7946-4a07-ab6c-5236e15ba632, client=镢鯚毂氃⦫쨡ꑔ, passwordGenerated=false)
12:29:58.308 [main] DEBUG c.n.l.channel.PrivateChannelManager - Access denied to channel NC-EC88: player client ᔛ莃౬㖛꫘阳뼄 does not match channel client 镢鯚毂氃⦫쨡ꑔ
12:29:58.308 [main] INFO  c.nova.link.channel.ChannelManager - Created channel: NC-2635 (scope=PRIVATE, client=왠姩落麐⺞묙笘਒얀痏暽)
12:29:58.308 [main] INFO  c.n.l.channel.PrivateChannelManager - Created private channel: NC-2635 (owner=b0092907-1a30-454d-9ccf-2b21abf96bf1, client=왠姩落麐⺞묙笘਒얀痏暽, passwordGenerated=false)
12:29:58.308 [main] DEBUG c.n.l.channel.PrivateChannelManager - Access denied to channel NC-2635: player client 췹耯ᰥ憩瞸艚鷜٪곎㨲苅슲퍌쌜 does not match channel client 왠姩落麐⺞묙笘਒얀痏暽
12:29:58.309 [main] INFO  c.nova.link.channel.ChannelManager - Created channel: NC-F46F (scope=PRIVATE, client=쩝鰙⥿嘠뒻罂﬘Ƅ緿)
12:29:58.309 [main] INFO  c.n.l.channel.PrivateChannelManager - Created private channel: NC-F46F (owner=b1c73eaa-0bf5-4b19-82d9-1836d4de3b20, client=쩝鰙⥿嘠뒻罂﬘Ƅ緿, passwordGenerated=false)
12:29:58.309 [main] DEBUG c.n.l.channel.PrivateChannelManager - Access denied to channel NC-F46F: player client 霬⏟編⒩ does not match channel client 쩝鰙⥿嘠뒻罂﬘Ƅ緿
12:29:58.309 [main] INFO  c.nova.link.channel.ChannelManager - Created channel: NC-3BAE (scope=PRIVATE, client=깲闈泫擱넍韐貦瞭ᐯ)
12:29:58.309 [main] INFO  c.n.l.channel.PrivateChannelManager - Created private channel: NC-3BAE (owner=c4f51c8d-76ed-4408-b178-f10035c97537, client=깲闈泫擱넍韐貦瞭ᐯ, passwordGenerated=false)
12:29:58.309 [main] DEBUG c.n.l.channel.PrivateChannelManager - Access denied to channel NC-3BAE: player client 禲旁煴緜깪﯌囕쎫ĩ does not match channel client 깲闈泫擱넍韐貦瞭ᐯ
12:29:58.309 [main] INFO  c.nova.link.channel.ChannelManager - Created channel: NC-60C3 (scope=PRIVATE, client=믁࿼)
12:29:58.309 [main] INFO  c.n.l.channel.PrivateChannelManager - Created private channel: NC-60C3 (owner=eaf0dea4-58dc-4bbe-8592-d48d5ec5e8dd, client=믁࿼, passwordGenerated=false)
12:29:58.309 [main] DEBUG c.n.l.channel.PrivateChannelManager - Access denied to channel NC-60C3: player client 嫩빲 does not match channel client 믁࿼
12:29:58.309 [main] INFO  c.nova.link.channel.ChannelManager - Created channel: NC-8D5A (scope=PRIVATE, client=摤鷤艺攕ൈ緂膾)
12:29:58.309 [main] INFO  c.n.l.channel.PrivateChannelManager - Created private channel: NC-8D5A (owner=4a0e58dd-3f82-4ca9-a1cf-0515d3d13e12, client=摤鷤艺攕ൈ緂膾, passwordGenerated=false)
12:29:58.309 [main] DEBUG c.n.l.channel.PrivateChannelManager - Access denied to channel NC-8D5A: player client ⳛ产ⲅ䪍ⱋ⡶뽘쉗 does not match channel client 摤鷤艺攕ൈ緂膾
12:29:58.309 [main] INFO  c.nova.link.channel.ChannelManager - Created channel: NC-739D (scope=PRIVATE, client=씰峀樧訙뇓걈뫖開)
12:29:58.309 [main] INFO  c.n.l.channel.PrivateChannelManager - Created private channel: NC-739D (owner=2a3c90ec-c039-4ba7-81cc-5367e908f514, client=씰峀樧訙뇓걈뫖開, passwordGenerated=false)
12:29:58.309 [main] DEBUG c.n.l.channel.PrivateChannelManager - Access denied to channel NC-739D: player client ᨌ幃鰇ᵨ巸 does not match channel client 씰峀樧訙뇓걈뫖開
12:29:58.309 [main] INFO  c.nova.link.channel.ChannelManager - Created channel: NC-74C8 (scope=PRIVATE, client=䖯븈쿗䠥)
12:29:58.309 [main] INFO  c.n.l.channel.PrivateChannelManager - Created private channel: NC-74C8 (owner=7b4faeea-2d9e-4d53-b8b5-ef917f357d40, client=䖯븈쿗䠥, passwordGenerated=false)
12:29:58.309 [main] DEBUG c.n.l.channel.PrivateChannelManager - Access denied to channel NC-74C8: player client 䧦嚋랑雽鏉㝁娔膏鲀쪎臖̈́ does not match channel client 䖯븈쿗䠥
12:29:58.310 [main] INFO  c.nova.link.channel.ChannelManager - Created channel: NC-0E85 (scope=PRIVATE, client=暜霢䳌⫛븘엮⣾Ạጃ)
12:29:58.310 [main] INFO  c.n.l.channel.PrivateChannelManager - Created private channel: NC-0E85 (owner=c990a617-b7fa-467f-b80b-d94837d9efc4, client=暜霢䳌⫛븘엮⣾Ạጃ, passwordGenerated=false)
12:29:58.310 [main] DEBUG c.n.l.channel.PrivateChannelManager - Access denied to channel NC-0E85: player client 廚 does not match channel client 暜霢䳌⫛븘엮⣾Ạጃ
12:29:58.310 [main] INFO  c.nova.link.channel.ChannelManager - Created channel: NC-0061 (scope=PRIVATE, client=떚홴켳柩㨄溨떽)
12:29:58.310 [main] INFO  c.n.l.channel.PrivateChannelManager - Created private channel: NC-0061 (owner=18060c0b-770d-4697-9d0a-31d5c6265377, client=떚홴켳柩㨄溨떽, passwordGenerated=false)
12:29:58.310 [main] DEBUG c.n.l.channel.PrivateChannelManager - Access denied to channel NC-0061: player client 䵝喯䥅瑿皦ᾩ␃䅿笿ઞ趈 does not match channel client 떚홴켳柩㨄溨떽
12:29:58.310 [main] INFO  c.nova.link.channel.ChannelManager - Created channel: NC-2318 (scope=PRIVATE, client=꾻圌糖→죿剅堋试ӗᑹ☈)
12:29:58.310 [main] INFO  c.n.l.channel.PrivateChannelManager - Created private channel: NC-2318 (owner=61c35973-ea88-4784-98eb-d0edbb1e2737, client=꾻圌糖→죿剅堋试ӗᑹ☈, passwordGenerated=false)
12:29:58.310 [main] DEBUG c.n.l.channel.PrivateChannelManager - Access denied to channel NC-2318: player client ᭄㙿ꇽ᯾έ﹵惡챔 does not match channel client 꾻圌糖→죿剅堋试ӗᑹ☈
12:29:58.310 [main] INFO  c.nova.link.channel.ChannelManager - Created channel: NC-9E9A (scope=PRIVATE, client=ᘓ덢쳶숔䈻速)
12:29:58.310 [main] INFO  c.n.l.channel.PrivateChannelManager - Created private channel: NC-9E9A (owner=796918ef-14db-41ae-b992-2609d85b666e, client=ᘓ덢쳶숔䈻速, passwordGenerated=false)
12:29:58.310 [main] DEBUG c.n.l.channel.PrivateChannelManager - Access denied to channel NC-9E9A: player client ꠑﴒ픥캐᠒㒂⏴떉በ럒 does not match channel client ᘓ덢쳶숔䈻速
12:29:58.310 [main] INFO  c.nova.link.channel.ChannelManager - Created channel: NC-EC00 (scope=PRIVATE, client=芗䗬씓埊騤砺)
12:29:58.310 [main] INFO  c.n.l.channel.PrivateChannelManager - Created private channel: NC-EC00 (owner=c364e597-bf8d-406d-9e6f-ecec080caea4, client=芗䗬씓埊騤砺, passwordGenerated=false)
12:29:58.310 [main] DEBUG c.n.l.channel.PrivateChannelManager - Access denied to channel NC-EC00: player client 扌♷偟딶ᄻ牉㋎㯧ﶗ摿ਐ舍ꡎᜱ蛡躥帓藇㹂 does not match channel client 芗䗬씓埊騤砺
12:29:58.310 [main] INFO  c.nova.link.channel.ChannelManager - Created channel: NC-6F1D (scope=PRIVATE, client=ﱾ燗ꌋ癪ꨆ险爹瀢ﻝ솎둦땟ᨨ쉰촨鏰꩛)
12:29:58.310 [main] INFO  c.n.l.channel.PrivateChannelManager - Created private channel: NC-6F1D (owner=b238d9e4-5287-4788-baed-eb75bd1b6b90, client=ﱾ燗ꌋ癪ꨆ险爹瀢ﻝ솎둦땟ᨨ쉰촨鏰꩛, passwordGenerated=false)
12:29:58.310 [main] DEBUG c.n.l.channel.PrivateChannelManager - Access denied to channel NC-6F1D: player client 秊뼡ꃷ곅였馪裪堀ꝇ㏏ṛ겍璪 does not match channel client ﱾ燗ꌋ癪ꨆ险爹瀢ﻝ솎둦땟ᨨ쉰촨鏰꩛
12:29:58.310 [main] INFO  c.nova.link.channel.ChannelManager - Created channel: NC-8CE1 (scope=PRIVATE, client=쎦ꟼ銠潻疭)
12:29:58.310 [main] INFO  c.n.l.channel.PrivateChannelManager - Created private channel: NC-8CE1 (owner=de1041e6-01ef-490c-b9cc-cbb46984316e, client=쎦ꟼ銠潻疭, passwordGenerated=false)
12:29:58.310 [main] DEBUG c.n.l.channel.PrivateChannelManager - Access denied to channel NC-8CE1: player client 깬둉⒚ꣻ馨쉙킳ਣ does not match channel client 쎦ꟼ銠潻疭
12:29:58.310 [main] INFO  c.nova.link.channel.ChannelManager - Created channel: NC-D727 (scope=PRIVATE, client=䌱锔)
12:29:58.310 [main] INFO  c.n.l.channel.PrivateChannelManager - Created private channel: NC-D727 (owner=ccbb7ef1-b71a-4565-a6fa-5a4094853000, client=䌱锔, passwordGenerated=false)
12:29:58.310 [main] DEBUG c.n.l.channel.PrivateChannelManager - Access denied to channel NC-D727: player client ᅖḻ꩒劙渟串꡶闉ڄ읻뀗 does not match channel client 䌱锔
12:29:58.310 [main] INFO  c.nova.link.channel.ChannelManager - Created channel: NC-3B1C (scope=PRIVATE, client=莯ⲋ쮎訡쫣퓃ꑜⲱ뚧罳譾)
12:29:58.310 [main] INFO  c.n.l.channel.PrivateChannelManager - Created private channel: NC-3B1C (owner=4f6bb13d-1f61-4f55-8c9a-f9a943dca0d6, client=莯ⲋ쮎訡쫣퓃ꑜⲱ뚧罳譾, passwordGenerated=false)
12:29:58.310 [main] DEBUG c.n.l.channel.PrivateChannelManager - Access denied to channel NC-3B1C: player client 믵泪秤曲 does not match channel client 莯ⲋ쮎訡쫣퓃ꑜⲱ뚧罳譾
12:29:58.311 [main] INFO  c.nova.link.channel.ChannelManager - Created channel: NC-5B9D (scope=PRIVATE, client=௎‍㙉ⳟ)
12:29:58.311 [main] INFO  c.n.l.channel.PrivateChannelManager - Created private channel: NC-5B9D (owner=a1c78dff-99ef-4b36-89a7-e170dcaf6297, client=௎‍㙉ⳟ, passwordGenerated=false)
12:29:58.311 [main] DEBUG c.n.l.channel.PrivateChannelManager - Access denied to channel NC-5B9D: player client ᚐ野䢊 does not match channel client ௎‍㙉ⳟ
12:29:58.311 [main] INFO  c.nova.link.channel.ChannelManager - Created channel: NC-AE24 (scope=PRIVATE, client=ទ뵬覩ஊ⒣攢형ា䉸ᆂ腱瓳茷惌翨ꧫ䛘᭕錇)
12:29:58.311 [main] INFO  c.n.l.channel.PrivateChannelManager - Created private channel: NC-AE24 (owner=223a5de2-3479-466c-8875-1e4c563f750f, client=ទ뵬覩ஊ⒣攢형ា䉸ᆂ腱瓳茷惌翨ꧫ䛘᭕錇, passwordGenerated=false)
12:29:58.311 [main] DEBUG c.n.l.channel.PrivateChannelManager - Access denied to channel NC-AE24: player client 옣홪暌 does not match channel client ទ뵬覩ஊ⒣攢형ា䉸ᆂ腱瓳茷惌翨ꧫ䛘᭕錇
12:29:58.311 [main] INFO  c.nova.link.channel.ChannelManager - Created channel: NC-ECF5 (scope=PRIVATE, client=浄肟䘹却)
12:29:58.311 [main] INFO  c.n.l.channel.PrivateChannelManager - Created private channel: NC-ECF5 (owner=e6d6a5cb-2ba7-4d1a-ab04-78e322481106, client=浄肟䘹却, passwordGenerated=false)
12:29:58.311 [main] DEBUG c.n.l.channel.PrivateChannelManager - Access denied to channel NC-ECF5: player client 臓٠⏸䖳쉲禎ﲉ䡡萕ᩳ does not match channel client 浄肟䘹却
12:29:58.311 [main] INFO  c.nova.link.channel.ChannelManager - Created channel: NC-F423 (scope=PRIVATE, client=䱑愕)
12:29:58.311 [main] INFO  c.n.l.channel.PrivateChannelManager - Created private channel: NC-F423 (owner=992912f8-23c9-4689-ad48-e1b2d2eb03b6, client=䱑愕, passwordGenerated=false)
12:29:58.312 [main] DEBUG c.n.l.channel.PrivateChannelManager - Access denied to channel NC-F423: player client 뷭 does not match channel client 䱑愕
12:29:58.312 [main] INFO  c.nova.link.channel.ChannelManager - Created channel: NC-5B82 (scope=PRIVATE, client=囏륀瞜噖ᇏ䟊)
[...]
12:29:58.445 [main] INFO  c.n.l.channel.PrivateChannelManager - Created private channel: NC-0E38 (owner=744c2245-df18-4ded-95e6-4443a622f126, client=鐭㗼꟡剽춏梅粙˼홉, passwordGenerated=false)
12:29:58.445 [main] DEBUG c.n.l.channel.PrivateChannelManager - Access granted to channel NC-0E38 for player from client 鐭㗼꟡剽춏梅粙˼홉
12:29:58.446 [main] INFO  c.nova.link.channel.ChannelManager - Created channel: NC-F540 (scope=PRIVATE, client=设鏝)
12:29:58.446 [main] INFO  c.n.l.channel.PrivateChannelManager - Created private channel: NC-F540 (owner=5bbb686d-83a2-426c-a90b-3adf8ce94eee, client=设鏝, passwordGenerated=false)
12:29:58.446 [main] DEBUG c.n.l.channel.PrivateChannelManager - Access granted to channel NC-F540 for player from client 设鏝
12:29:58.446 [main] INFO  c.nova.link.channel.ChannelManager - Created channel: NC-53B8 (scope=PRIVATE, client=萜膱琾谴)
12:29:58.446 [main] INFO  c.n.l.channel.PrivateChannelManager - Created private channel: NC-53B8 (owner=b260beb6-f7be-41f6-b1d4-2c31312fa755, client=萜膱琾谴, passwordGenerated=false)
12:29:58.446 [main] DEBUG c.n.l.channel.PrivateChannelManager - Access granted to channel NC-53B8 for player from client 萜膱琾谴
12:29:58.446 [main] INFO  c.nova.link.channel.ChannelManager - Created channel: NC-4E71 (scope=PRIVATE, client=ଂᕝ㱝縶耀瑿옕股縷寵)
12:29:58.446 [main] INFO  c.n.l.channel.PrivateChannelManager - Created private channel: NC-4E71 (owner=d8dfb6db-0c5a-426b-8182-d7133e4ebe8e, client=ଂᕝ㱝縶耀瑿옕股縷寵, passwordGenerated=false)
12:29:58.446 [main] DEBUG c.n.l.channel.PrivateChannelManager - Access granted to channel NC-4E71 for player from client ଂᕝ㱝縶耀瑿옕股縷寵
12:29:58.446 [main] INFO  c.nova.link.channel.ChannelManager - Created channel: NC-A662 (scope=PRIVATE, client=쟎뺯끶Ѳᬘ랻燻⏉腶댨똊)
12:29:58.446 [main] INFO  c.n.l.channel.PrivateChannelManager - Created private channel: NC-A662 (owner=717079b5-7255-473a-b05c-f1bd052b3ba2, client=쟎뺯끶Ѳᬘ랻燻⏉腶댨똊, passwordGenerated=false)
12:29:58.446 [main] DEBUG c.n.l.channel.PrivateChannelManager - Access granted to channel NC-A662 for player from client 쟎뺯끶Ѳᬘ랻燻⏉腶댨똊
12:29:58.446 [main] INFO  c.nova.link.channel.ChannelManager - Created channel: NC-1DC9 (scope=PRIVATE, client=湘ⶉ㖟湕∘籥ᆱ礳菔㍀ឥ਎礵ꊩ硐ﲨꧤ㆔䱂)
12:29:58.446 [main] INFO  c.n.l.channel.PrivateChannelManager - Created private channel: NC-1DC9 (owner=05b4d069-fad1-4d6b-aa42-a36ffbf6aea7, client=湘ⶉ㖟湕∘籥ᆱ礳菔㍀ឥ਎礵ꊩ硐ﲨꧤ㆔䱂, passwordGenerated=false)
12:29:58.446 [main] DEBUG c.n.l.channel.PrivateChannelManager - Access granted to channel NC-1DC9 for player from client 湘ⶉ㖟湕∘籥ᆱ礳菔㍀ឥ਎礵ꊩ硐ﲨꧤ㆔䱂
12:29:58.446 [main] INFO  c.nova.link.channel.ChannelManager - Created channel: NC-761B (scope=PRIVATE, client=䖦ή걗皛)
12:29:58.446 [main] INFO  c.n.l.channel.PrivateChannelManager - Created private channel: NC-761B (owner=98dfdf23-8218-44ce-a77a-97cb52988472, client=䖦ή걗皛, passwordGenerated=false)
12:29:58.446 [main] DEBUG c.n.l.channel.PrivateChannelManager - Access granted to channel NC-761B for player from client 䖦ή걗皛
12:29:58.446 [main] INFO  c.nova.link.channel.ChannelManager - Created channel: NC-51A4 (scope=PRIVATE, client=蒙腩듓꿤̷饹)
12:29:58.446 [main] INFO  c.n.l.channel.PrivateChannelManager - Created private channel: NC-51A4 (owner=33216684-30a9-4ef6-8268-776bd0fdf7a8, client=蒙腩듓꿤̷饹, passwordGenerated=false)
12:29:58.446 [main] DEBUG c.n.l.channel.PrivateChannelManager - Access granted to channel NC-51A4 for player from client 蒙腩듓꿤̷饹
12:29:58.447 [main] INFO  c.nova.link.channel.ChannelManager - Created channel: NC-7BF4 (scope=PRIVATE, client=腏噲『㦦䘕꩝떮묠⁽ꌔ痎查嫓覿㔑፴䃍⮸)
12:29:58.447 [main] INFO  c.n.l.channel.PrivateChannelManager - Created private channel: NC-7BF4 (owner=efd12af7-2518-4225-9412-330c94df54a8, client=腏噲『㦦䘕꩝떮묠⁽ꌔ痎查嫓覿㔑፴䃍⮸, passwordGenerated=false)
12:29:58.447 [main] DEBUG c.n.l.channel.PrivateChannelManager - Access granted to channel NC-7BF4 for player from client 腏噲『㦦䘕꩝떮묠⁽ꌔ痎查嫓覿㔑፴䃍⮸
12:29:58.447 [main] INFO  c.nova.link.channel.ChannelManager - Created channel: NC-1831 (scope=PRIVATE, client=磲廙ᤚ柺䥣芰櫟ᠿ켧綢)
12:29:58.447 [main] INFO  c.n.l.channel.PrivateChannelManager - Created private channel: NC-1831 (owner=e96ec88b-4811-450a-9c1f-ef790e651b69, client=磲廙ᤚ柺䥣芰櫟ᠿ켧綢, passwordGenerated=false)
12:29:58.447 [main] DEBUG c.n.l.channel.PrivateChannelManager - Access granted to channel NC-1831 for player from client 磲廙ᤚ柺䥣芰櫟ᠿ켧綢
12:29:58.447 [main] INFO  c.nova.link.channel.ChannelManager - Created channel: NC-C5E6 (scope=PRIVATE, client=鎕뙗⦉｡)
12:29:58.447 [main] INFO  c.n.l.channel.PrivateChannelManager - Created private channel: NC-C5E6 (owner=c148daf2-2849-49c5-8808-a4286efad51c, client=鎕뙗⦉｡, passwordGenerated=false)
12:29:58.447 [main] DEBUG c.n.l.channel.PrivateChannelManager - Access granted to channel NC-C5E6 for player from client 鎕뙗⦉｡
12:29:58.447 [main] INFO  c.nova.link.channel.ChannelManager - Created channel: NC-D1F0 (scope=PRIVATE, client=ᦽ뢜)
12:29:58.447 [main] INFO  c.n.l.channel.PrivateChannelManager - Created private channel: NC-D1F0 (owner=a64680ac-ab96-45b9-9a64-1437bf311c02, client=ᦽ뢜, passwordGenerated=false)
12:29:58.447 [main] DEBUG c.n.l.channel.PrivateChannelManager - Access granted to channel NC-D1F0 for player from client ᦽ뢜
12:29:58.447 [main] INFO  c.nova.link.channel.ChannelManager - Created channel: NC-A215 (scope=PRIVATE, client=窹膢ۏﭢ頬᷍㌌䋹帆㈆뭧)
12:29:58.447 [main] INFO  c.n.l.channel.PrivateChannelManager - Created private channel: NC-A215 (owner=8d8bbf98-df37-476f-abfe-1174f8f8c071, client=窹膢ۏﭢ頬᷍㌌䋹帆㈆뭧, passwordGenerated=false)
12:29:58.447 [main] DEBUG c.n.l.channel.PrivateChannelManager - Access granted to channel NC-A215 for player from client 窹膢ۏﭢ頬᷍㌌䋹帆㈆뭧
12:29:58.447 [main] INFO  c.nova.link.channel.ChannelManager - Created channel: NC-FC9C (scope=PRIVATE, client=㈲촮ﾬ咪셮那ꈔ⑲)
12:29:58.447 [main] INFO  c.n.l.channel.PrivateChannelManager - Created private channel: NC-FC9C (owner=45cd1dbd-fc17-4987-8160-1dda6dbceef4, client=㈲촮ﾬ咪셮那ꈔ⑲, passwordGenerated=false)
12:29:58.447 [main] DEBUG c.n.l.channel.PrivateChannelManager - Access granted to channel NC-FC9C for player from client ㈲촮ﾬ咪셮那ꈔ⑲
12:29:58.447 [main] INFO  c.nova.link.channel.ChannelManager - Created channel: NC-1AF3 (scope=PRIVATE, client=⣿㷿道আܰ陡춧ꤡ)
12:29:58.447 [main] INFO  c.n.l.channel.PrivateChannelManager - Created private channel: NC-1AF3 (owner=025e6c45-6864-42e4-9dcc-9fb19349775f, client=⣿㷿道আܰ陡춧ꤡ, passwordGenerated=false)
12:29:58.447 [main] DEBUG c.n.l.channel.PrivateChannelManager - Access granted to channel NC-1AF3 for player from client ⣿㷿道আܰ陡춧ꤡ
12:29:58.447 [main] INFO  c.nova.link.channel.ChannelManager - Created channel: NC-498B (scope=PRIVATE, client=묌)
12:29:58.447 [main] INFO  c.n.l.channel.PrivateChannelManager - Created private channel: NC-498B (owner=498a9984-5138-4bf1-a50a-16803d532cce, client=묌, passwordGenerated=false)
12:29:58.447 [main] DEBUG c.n.l.channel.PrivateChannelManager - Access granted to channel NC-498B for player from client 묌
12:29:58.448 [main] INFO  c.nova.link.channel.ChannelManager - Created channel: NC-692D (scope=PRIVATE, client=抽㺬᧍‎﵋岿࢜孌Řꮛ듧)
12:29:58.448 [main] INFO  c.n.l.channel.PrivateChannelManager - Created private channel: NC-692D (owner=f0e88e35-80d3-49c5-8ee0-d65af9194eb8, client=抽㺬᧍‎﵋岿࢜孌Řꮛ듧, passwordGenerated=false)
12:29:58.448 [main] DEBUG c.n.l.channel.PrivateChannelManager - Access granted to channel NC-692D for player from client 抽㺬᧍‎﵋岿࢜孌Řꮛ듧
12:29:58.448 [main] INFO  c.nova.link.channel.ChannelManager - Created channel: NC-42C8 (scope=PRIVATE, client=币㗹♥)
12:29:58.448 [main] INFO  c.n.l.channel.PrivateChannelManager - Created private channel: NC-42C8 (owner=ca4dcaff-503d-4650-8a6e-d727ddcacaf9, client=币㗹♥, passwordGenerated=false)
12:29:58.448 [main] DEBUG c.n.l.channel.PrivateChannelManager - Access granted to channel NC-42C8 for player from client 币㗹♥
12:29:58.448 [main] INFO  c.nova.link.channel.ChannelManager - Created channel: NC-3898 (scope=PRIVATE, client=犔잾뗿)
12:29:58.448 [main] INFO  c.n.l.channel.PrivateChannelManager - Created private channel: NC-3898 (owner=dbf4aa24-16f3-4272-9b5f-606544e519e6, client=犔잾뗿, passwordGenerated=false)
12:29:58.448 [main] DEBUG c.n.l.channel.PrivateChannelManager - Access granted to channel NC-3898 for player from client 犔잾뗿
12:29:58.448 [main] INFO  c.nova.link.channel.ChannelManager - Created channel: NC-72EA (scope=PRIVATE, client=江碥쳝⺗ࢅ)
12:29:58.448 [main] INFO  c.n.l.channel.PrivateChannelManager - Created private channel: NC-72EA (owner=66060fba-f4a7-4b16-9fbb-64903f84c2dc, client=江碥쳝⺗ࢅ, passwordGenerated=false)
12:29:58.448 [main] DEBUG c.n.l.channel.PrivateChannelManager - Access granted to channel NC-72EA for player from client 江碥쳝⺗ࢅ
12:29:58.448 [main] INFO  c.nova.link.channel.ChannelManager - Created channel: NC-C2FC (scope=PRIVATE, client=ﻧ瀢␢舔꒡䆠賯퓤橊䤛)
12:29:58.448 [main] INFO  c.n.l.channel.PrivateChannelManager - Created private channel: NC-C2FC (owner=1ac943a1-9bfc-48d0-99f1-6d53420f92fb, client=ﻧ瀢␢舔꒡䆠賯퓤橊䤛, passwordGenerated=false)
12:29:58.448 [main] DEBUG c.n.l.channel.PrivateChannelManager - Access granted to channel NC-C2FC for player from client ﻧ瀢␢舔꒡䆠賯퓤橊䤛
12:29:58.448 [main] INFO  c.nova.link.channel.ChannelManager - Created channel: NC-6390 (scope=PRIVATE, client=ꌴ甤ၧ煾枊﯍)
12:29:58.448 [main] INFO  c.n.l.channel.PrivateChannelManager - Created private channel: NC-6390 (owner=a7274c4e-378a-46ce-adac-16b1016b5748, client=ꌴ甤ၧ煾枊﯍, passwordGenerated=false)
12:29:58.448 [main] DEBUG c.n.l.channel.PrivateChannelManager - Access granted to channel NC-6390 for player from client ꌴ甤ၧ煾枊﯍
12:29:58.448 [main] INFO  c.nova.link.channel.ChannelManager - Created channel: NC-DAF7 (scope=PRIVATE, client=䨨㒥炷詇ઞპ虞䈡ḯ)
12:29:58.448 [main] INFO  c.n.l.channel.PrivateChannelManager - Created private channel: NC-DAF7 (owner=32de79cb-19d0-498a-b453-00ebf1a9ced5, client=䨨㒥炷詇ઞპ虞䈡ḯ, passwordGenerated=false)
12:29:58.448 [main] DEBUG c.n.l.channel.PrivateChannelManager - Access granted to channel NC-DAF7 for player from client 䨨㒥炷詇ઞპ虞䈡ḯ
12:29:58.448 [main] INFO  c.nova.link.channel.ChannelManager - Created channel: NC-6FDB (scope=PRIVATE, client=䴷)
12:29:58.448 [main] INFO  c.n.l.channel.PrivateChannelManager - Created private channel: NC-6FDB (owner=3bfba801-334c-407e-8a71-84ade250c639, client=䴷, passwordGenerated=false)
12:29:58.448 [main] DEBUG c.n.l.channel.PrivateChannelManager - Access granted to channel NC-6FDB for player from client 䴷
12:29:58.448 [main] INFO  c.nova.link.channel.ChannelManager - Created channel: NC-36DB (scope=PRIVATE, client=峌ۜ㺺쪶솵蚒ꈹ䰩땎靹䊗ߞ)
12:29:58.448 [main] INFO  c.n.l.channel.PrivateChannelManager - Created private channel: NC-36DB (owner=e9b49701-6ac3-4c70-97af-56aa23ee86b2, client=峌ۜ㺺쪶솵蚒ꈹ䰩땎靹䊗ߞ, passwordGenerated=false)
12:29:58.448 [main] DEBUG c.n.l.channel.PrivateChannelManager - Access granted to channel NC-36DB for player from client 峌ۜ㺺쪶솵蚒ꈹ䰩땎靹䊗ߞ
12:29:58.448 [main] INFO  c.nova.link.channel.ChannelManager - Created channel: NC-89EF (scope=PRIVATE, client=ᖔ쟽㛖)
12:29:58.448 [main] INFO  c.n.l.channel.PrivateChannelManager - Created private channel: NC-89EF (owner=5f63bd53-9db2-4bc6-b332-eaf72dbc97ed, client=ᖔ쟽㛖, passwordGenerated=false)
12:29:58.448 [main] DEBUG c.n.l.channel.PrivateChannelManager - Access granted to channel NC-89EF for player from client ᖔ쟽㛖
12:29:58.448 [main] INFO  c.nova.link.channel.ChannelManager - Created channel: NC-D2F4 (scope=PRIVATE, client=Î᷏揶詯鸗ṙ㛯ရ掚㠉)
12:29:58.448 [main] INFO  c.n.l.channel.PrivateChannelManager - Created private channel: NC-D2F4 (owner=bc3cf0ef-e2fc-4eec-a58b-c73726f83fef, client=Î᷏揶詯鸗ṙ㛯ရ掚㠉, passwordGenerated=false)
12:29:58.449 [main] DEBUG c.n.l.channel.PrivateChannelManager - Access granted to channel NC-D2F4 for player from client Î᷏揶詯鸗ṙ㛯ရ掚㠉
12:29:58.449 [main] INFO  c.nova.link.channel.ChannelManager - Created channel: NC-6EAC (scope=PRIVATE, client=孕)
12:29:58.449 [main] INFO  c.n.l.channel.PrivateChannelManager - Created private channel: NC-6EAC (owner=919c5db9-4d07-4491-8515-352894ce28ca, client=孕, passwordGenerated=false)
12:29:58.449 [main] DEBUG c.n.l.channel.PrivateChannelManager - Access granted to channel NC-6EAC for player from client 孕
12:29:58.449 [main] INFO  c.nova.link.channel.ChannelManager - Created channel: NC-CB41 (scope=PRIVATE, client=뒳髗鑜ꢗ眿쮲)
12:29:58.449 [main] INFO  c.n.l.channel.PrivateChannelManager - Created private channel: NC-CB41 (owner=4f96da95-9705-419e-ab9d-521f5e734286, client=뒳髗鑜ꢗ眿쮲, passwordGenerated=false)
12:29:58.449 [main] DEBUG c.n.l.channel.PrivateChannelManager - Access granted to channel NC-CB41 for player from client 뒳髗鑜ꢗ眿쮲
12:29:58.449 [main] INFO  c.nova.link.channel.ChannelManager - Created channel: NC-533E (scope=PRIVATE, client=圕)
12:29:58.449 [main] INFO  c.n.l.channel.PrivateChannelManager - Created private channel: NC-533E (owner=9d9646db-2a3c-4547-9911-c004e4317a1b, client=圕, passwordGenerated=false)
12:29:58.449 [main] DEBUG c.n.l.channel.PrivateChannelManager - Access granted to channel NC-533E for player from client 圕
12:29:58.449 [main] INFO  c.nova.link.channel.ChannelManager - Created channel: NC-8A31 (scope=PRIVATE, client=腡㛇༢ᓆ６樗⚄욓)
12:29:58.449 [main] INFO  c.n.l.channel.PrivateChannelManager - Created private channel: NC-8A31 (owner=7aee4291-1bfa-471f-859a-76c4253bc2f2, client=腡㛇༢ᓆ６樗⚄욓, passwordGenerated=false)
12:29:58.449 [main] DEBUG c.n.l.channel.PrivateChannelManager - Access granted to channel NC-8A31 for player from client 腡㛇༢ᓆ６樗⚄욓
12:29:58.449 [main] INFO  c.nova.link.channel.ChannelManager - Created channel: NC-FD03 (scope=PRIVATE, client=傋风긾꧵댑Ս䮢䶨䢭⾫)
12:29:58.449 [main] INFO  c.n.l.channel.PrivateChannelManager - Created private channel: NC-FD03 (owner=bafe6f42-4e1b-4c68-b587-5c32ca00dfae, client=傋风긾꧵댑Ս䮢䶨䢭⾫, passwordGenerated=false)
12:29:58.449 [main] DEBUG c.n.l.channel.PrivateChannelManager - Access granted to channel NC-FD03 for player from client 傋风긾꧵댑Ս䮢䶨䢭⾫
12:29:58.449 [main] INFO  c.nova.link.channel.ChannelManager - Created channel: NC-B794 (scope=PRIVATE, client=ग괂䊣끹࡭햢൪頤⹼뻺ﵤ)
12:29:58.449 [main] INFO  c.n.l.channel.PrivateChannelManager - Created private channel: NC-B794 (owner=1e68a49d-4c64-4879-bd82-ac6d62e488a4, client=ग괂䊣끹࡭햢൪頤⹼뻺ﵤ, passwordGenerated=false)
12:29:58.449 [main] DEBUG c.n.l.channel.PrivateChannelManager - Access granted to channel NC-B794 for player from client ग괂䊣끹࡭햢൪頤⹼뻺ﵤ
12:29:58.449 [main] INFO  c.nova.link.channel.ChannelManager - Created channel: NC-5A66 (scope=PRIVATE, client=皝瘡媨夑⨁ౠ焑⢲毆彞鰡)
12:29:58.449 [main] INFO  c.n.l.channel.PrivateChannelManager - Created private channel: NC-5A66 (owner=3dc82040-d575-49b8-a247-8e6e36ad0be8, client=皝瘡媨夑⨁ౠ焑⢲毆彞鰡, passwordGenerated=false)
12:29:58.449 [main] DEBUG c.n.l.channel.PrivateChannelManager - Access granted to channel NC-5A66 for player from client 皝瘡媨夑⨁ౠ焑⢲毆彞鰡
12:29:58.449 [main] INFO  c.nova.link.channel.ChannelManager - Created channel: NC-9462 (scope=PRIVATE, client=ᄘ)
12:29:58.449 [main] INFO  c.n.l.channel.PrivateChannelManager - Created private channel: NC-9462 (owner=6d03178f-da0c-4815-89b9-cc2e2f77941d, client=ᄘ, passwordGenerated=false)
12:29:58.449 [main] DEBUG c.n.l.channel.PrivateChannelManager - Access granted to channel NC-9462 for player from client ᄘ
12:29:58.449 [main] INFO  c.nova.link.channel.ChannelManager - Created channel: NC-ED68 (scope=PRIVATE, client=綾㭆焴菪젻쌍玣貎繄)
12:29:58.449 [main] INFO  c.n.l.channel.PrivateChannelManager - Created private channel: NC-ED68 (owner=7ca8d35f-0c7b-4431-a2c8-eada736d9504, client=綾㭆焴菪젻쌍玣貎繄, passwordGenerated=false)
12:29:58.449 [main] DEBUG c.n.l.channel.PrivateChannelManager - Access granted to channel NC-ED68 for player from client 綾㭆焴菪젻쌍玣貎繄
12:29:58.449 [main] INFO  c.nova.link.channel.ChannelManager - Created channel: NC-0235 (scope=PRIVATE, client=㧘車䟥䯄藗柨囃ЄꮝⲀ䖸ὣ㲮)
12:29:58.449 [main] INFO  c.n.l.channel.PrivateChannelManager - Created private channel: NC-0235 (owner=15c0b9a8-ebd3-4fdb-b324-a7bf7f16ff9f, client=㧘車䟥䯄藗柨囃ЄꮝⲀ䖸ὣ㲮, passwordGenerated=false)
12:29:58.449 [main] DEBUG c.n.l.channel.PrivateChannelManager - Access granted to channel NC-0235 for player from client 㧘車䟥䯄藗柨囃ЄꮝⲀ䖸ὣ㲮
12:29:58.449 [main] INFO  c.nova.link.channel.ChannelManager - Created channel: NC-0A0D (scope=PRIVATE, client=ឰ᐀҅쌃狅숴뉯璂處涡)
12:29:58.449 [main] INFO  c.n.l.channel.PrivateChannelManager - Created private channel: NC-0A0D (owner=0f7cedc5-9ce9-4875-8edf-b636d69e74b7, client=ឰ᐀҅쌃狅숴뉯璂處涡, passwordGenerated=false)
12:29:58.449 [main] DEBUG c.n.l.channel.PrivateChannelManager - Access granted to channel NC-0A0D for player from client ឰ᐀҅쌃狅숴뉯璂處涡
12:29:58.450 [main] INFO  c.nova.link.channel.ChannelManager - Created channel: NC-1F0E (scope=PRIVATE, client=ᖵ丨盞)
12:29:58.450 [main] INFO  c.n.l.channel.PrivateChannelManager - Created private channel: NC-1F0E (owner=345ccab0-d041-4327-acb4-75e497f2d27f, client=ᖵ丨盞, passwordGenerated=false)
12:29:58.450 [main] DEBUG c.n.l.channel.PrivateChannelManager - Access granted to channel NC-1F0E for player from client ᖵ丨盞
12:29:58.450 [main] INFO  c.nova.link.channel.ChannelManager - Created channel: NC-9009 (scope=PRIVATE, client=홙跡ⲹ㠾ꖒ鵫)
12:29:58.450 [main] INFO  c.n.l.channel.PrivateChannelManager - Created private channel: NC-9009 (owner=3efe9baf-7880-44b5-9af7-0716db8d1143, client=홙跡ⲹ㠾ꖒ鵫, passwordGenerated=false)
12:29:58.450 [main] DEBUG c.n.l.channel.PrivateChannelManager - Access granted to channel NC-9009 for player from client 홙跡ⲹ㠾ꖒ鵫
12:29:58.450 [main] INFO  c.nova.link.channel.ChannelManager - Created channel: NC-7578 (scope=PRIVATE, client=⤯ຆ笳㝾㗣)
12:29:58.450 [main] INFO  c.n.l.channel.PrivateChannelManager - Created private channel: NC-7578 (owner=6c14e31f-c4f5-4798-89c7-aae5b80a414c, client=⤯ຆ笳㝾㗣, passwordGenerated=false)
12:29:58.450 [main] DEBUG c.n.l.channel.PrivateChannelManager - Access granted to channel NC-7578 for player from client ⤯ຆ笳㝾㗣
12:29:58.450 [main] INFO  c.nova.link.channel.ChannelManager - Created channel: NC-90AF (scope=PRIVATE, client=咻乇ㆈ帟)
12:29:58.450 [main] INFO  c.n.l.channel.PrivateChannelManager - Created private channel: NC-90AF (owner=7b2bac95-0f48-4b2f-a5a9-5fd953e10853, client=咻乇ㆈ帟, passwordGenerated=false)
12:29:58.450 [main] DEBUG c.n.l.channel.PrivateChannelManager - Access granted to channel NC-90AF for player from client 咻乇ㆈ帟
12:29:58.450 [main] INFO  c.nova.link.channel.ChannelManager - Created channel: NC-3097 (scope=PRIVATE, client=ⓑ뵓䳣亷䏥䄄藨)
12:29:58.450 [main] INFO  c.n.l.channel.PrivateChannelManager - Created private channel: NC-3097 (owner=172ed411-6855-43e9-bcb2-153626abdccf, client=ⓑ뵓䳣亷䏥䄄藨, passwordGenerated=false)
12:29:58.450 [main] DEBUG c.n.l.channel.PrivateChannelManager - Access granted to channel NC-3097 for player from client ⓑ뵓䳣亷䏥䄄藨
12:29:58.450 [main] INFO  c.nova.link.channel.ChannelManager - Created channel: NC-4E08 (scope=PRIVATE, client=ẞ从灉렭࿿)
12:29:58.450 [main] INFO  c.n.l.channel.PrivateChannelManager - Created private channel: NC-4E08 (owner=76006321-1960-4c5a-b6c2-10f574d7c182, client=ẞ从灉렭࿿, passwordGenerated=false)
12:29:58.450 [main] DEBUG c.n.l.channel.PrivateChannelManager - Access granted to channel NC-4E08 for player from client ẞ从灉렭࿿
12:29:58.450 [main] INFO  c.nova.link.channel.ChannelManager - Created channel: NC-77E7 (scope=PRIVATE, client=ء㒈唤)
12:29:58.450 [main] INFO  c.n.l.channel.PrivateChannelManager - Created private channel: NC-77E7 (owner=765b9c6f-a4ad-459e-9be3-5044cbcc122c, client=ء㒈唤, passwordGenerated=false)
12:29:58.450 [main] DEBUG c.n.l.channel.PrivateChannelManager - Access granted to channel NC-77E7 for player from client ء㒈唤
12:29:58.450 [main] INFO  c.nova.link.channel.ChannelManager - Created channel: NC-D738 (scope=PRIVATE, client=轎⪖᧤菒퍠昲弖䬌ᡊ㌼箢)
12:29:58.451 [main] INFO  c.n.l.channel.PrivateChannelManager - Created private channel: NC-D738 (owner=1df94b2c-f241-43bd-af0f-036718eb4741, client=轎⪖᧤菒퍠昲弖䬌ᡊ㌼箢, passwordGenerated=false)
12:29:58.451 [main] DEBUG c.n.l.channel.PrivateChannelManager - Access granted to channel NC-D738 for player from client 轎⪖᧤菒퍠昲弖䬌ᡊ㌼箢
]]></system-out>
  </testcase>
</testsuite>