<?xml version="1.0" encoding="UTF-8"?>
<testsuite xmlns:xsi="http://www.w3.org/2001/XMLSchema-instance" xsi:noNamespaceSchemaLocation="https://maven.apache.org/surefire/maven-surefire-plugin/xsd/surefire-test-report-3.0.xsd" version="3.0" name="com.nova.link.auth.PermissionManagerPropertyTest" time="0.474" tests="11" errors="0" skipped="0" failures="0">
  <properties>
[...]
</properties>
  <testcase name="superAdminSessionGrantsHighestLevel" classname="com.nova.link.auth.PermissionManagerPropertyTest" time="0.161">
    <system-out><![CDATA[12:29:55.206 [main] INFO  c.nova.link.auth.PermissionManager - Registered super admin: fcb037f3-4f68-47e5-a230-c34ea0fc838b
12:29:55.206 [main] INFO  c.nova.link.auth.PermissionManager - Super admin session created for UUID fcb037f3-4f68-47e5-a230-c34ea0fc838b, expires at 1765085395206
12:29:55.209 [main] INFO  c.nova.link.auth.PermissionManager - Registered super admin: caf7cbac-0ee7-4aa8-978f-b07ad5dba80a
12:29:55.209 [main] INFO  c.nova.link.auth.PermissionManager - Super admin session created for UUID caf7cbac-0ee7-4aa8-978f-b07ad5dba80a, expires at 1765085395209
12:29:55.210 [main] INFO  c.nova.link.auth.PermissionManager - Registered super admin: be703157-a4b8-44ca-ad3f-b4782210afc7
12:29:55.210 [main] INFO  c.nova.link.auth.PermissionManager - Super admin session created for UUID be703157-a4b8-44ca-ad3f-b4782210afc7, expires at 1765085395210
12:29:55.212 [main] INFO  c.nova.link.auth.PermissionManager - Registered super admin: 4c20e104-5115-4876-819b-d4affc6494ea
12:29:55.212 [main] INFO  c.nova.link.auth.PermissionManager - Super admin session created for UUID 4c20e104-5115-4876-819b-d4affc6494ea, expires at 1765085395212
12:29:55.214 [main] INFO  c.nova.link.auth.PermissionManager - Registered super admin: b527dd9c-6c87-4655-b9fa-2ef9854d0449
12:29:55.214 [main] INFO  c.nova.link.auth.PermissionManager - Super admin session created for UUID b527dd9c-6c87-4655-b9fa-2ef9854d0449, expires at 1765085395214
12:29:55.214 [main] INFO  c.nova.link.auth.PermissionManager - Registered super admin: 4e89e48d-8457-478d-8cf7-f715accbb77f
12:29:55.214 [main] INFO  c.nova.link.auth.PermissionManager - Super admin session created for UUID 4e89e48d-8457-478d-8cf7-f715accbb77f, expires at 1765085395214
12:29:55.215 [main] INFO  c.nova.link.auth.PermissionManager - Registered super admin: c04dc857-9136-4948-840b-631960173814
12:29:55.215 [main] INFO  c.nova.link.auth.PermissionManager - Super admin session created for UUID c04dc857-9136-4948-840b-631960173814, expires at 1765085395215
12:29:55.215 [main] INFO  c.nova.link.auth.PermissionManager - Registered super admin: c351f1b1-cf5f-4ce1-b673-24d55130207a
12:29:55.215 [main] INFO  c.nova.link.auth.PermissionManager - Super admin session created for UUID c351f1b1-cf5f-4ce1-b673-24d55130207a, expires at 1765085395215
12:29:55.216 [main] INFO  c.nova.link.auth.PermissionManager - Registered super admin: 0c30cbca-1521-46fd-b1bb-0e796663e734
12:29:55.216 [main] INFO  c.nova.link.auth.PermissionManager - Super admin session created for UUID 0c30cbca-1521-46fd-b1bb-0e796663e734, expires at 1765085395216
12:29:55.216 [main] INFO  c.nova.link.auth.PermissionManager - Registered super admin: a254d55e-6b6d-4ce5-8cd5-c056d7d7b84c
12:29:55.216 [main] INFO  c.nova.link.auth.PermissionManager - Super admin session created for UUID a254d55e-6b6d-4ce5-8cd5-c056d7d7b84c, expires at 1765085395216
12:29:55.220 [main] INFO  c.nova.link.auth.PermissionManager - Registered super admin: 308a1dfc-e1f7-441b-b05f-7f59520caab0
12:29:55.220 [main] INFO  c.nova.link.auth.PermissionManager - Super admin session created for UUID 308a1dfc-e1f7-441b-b05f-7f59520caab0, expires at 1765085395220
12:29:55.221 [main] INFO  c.nova.link.auth.PermissionManager - Registered super admin: ed1061c1-2396-42f4-8cf9-6d98e0a9e401
12:29:55.221 [main] INFO  c.nova.link.auth.PermissionManager - Super admin session created for UUID ed1061c1-2396-42f4-8cf9-6d98e0a9e401, expires at 1765085395221
12:29:55.223 [main] INFO  c.nova.link.auth.PermissionManager - Registered super admin: 10991713-48f1-430e-a21e-b72d36eea3a5
12:29:55.223 [main] INFO  c.nova.link.auth.PermissionManager - Super admin session created for UUID 10991713-48f1-430e-a21e-b72d36eea3a5, expires at 1765085395223
12:29:55.223 [main] INFO  c.nova.link.auth.PermissionManager - Registered super admin: e21ef6fb-a820-4f97-9574-30d03d476cb8
12:29:55.223 [main] INFO  c.nova.link.auth.PermissionManager - Super admin session created for UUID e21ef6fb-a820-4f97-9574-30d03d476cb8, expires at 1765085395223
12:29:55.224 [main] INFO  c.nova.link.auth.PermissionManager - Registered super admin: c8afa0be-1705-45f8-8dd4-2bc9b2e2461d
12:29:55.224 [main] INFO  c.nova.link.auth.PermissionManager - Super admin session created for UUID c8afa0be-1705-45f8-8dd4-2bc9b2e2461d, expires at 1765085395224
12:29:55.224 [main] INFO  c.nova.link.auth.PermissionManager - Registered super admin: 9f2d5fba-6381-46a7-aa6a-95819390c663
12:29:55.224 [main] INFO  c.nova.link.auth.PermissionManager - Super admin session created for UUID 9f2d5fba-6381-46a7-aa6a-95819390c663, expires at 1765085395224
12:29:55.226 [main] INFO  c.nova.link.auth.PermissionManager - Registered super admin: e6571f64-a1e4-4cb9-9a41-81408d8ed8da
12:29:55.226 [main] INFO  c.nova.link.auth.PermissionManager - Super admin session created for UUID e6571f64-a1e4-4cb9-9a41-81408d8ed8da, expires at 1765085395226
12:29:55.227 [main] INFO  c.nova.link.auth.PermissionManager - Registered super admin: 508f337a-9e9f-465c-a65c-50a52d2ed8d0
12:29:55.227 [main] INFO  c.nova.link.auth.PermissionManager - Super admin session created for UUID 508f337a-9e9f-465c-a65c-50a52d2ed8d0, expires at 1765085395227
12:29:55.227 [main] INFO  c.nova.link.auth.PermissionManager - Registered super admin: 3bf97c66-4da9-4684-ae9f-f4d1a77236c9
12:29:55.227 [main] INFO  c.nova.link.auth.PermissionManager - Super admin session created for UUID 3bf97c66-4da9-4684-ae9f-f4d1a77236c9, expires at 1765085395227
12:29:55.228 [main] INFO  c.nova.link.auth.PermissionManager - Registered super admin: 2983e1a3-d14a-4d73-b4f7-8c151dc669e4
12:29:55.228 [main] INFO  c.nova.link.auth.PermissionManager - Super admin session created for UUID 2983e1a3-d14a-4d73-b4f7-8c151dc669e4, expires at 1765085395228
12:29:55.228 [main] INFO  c.nova.link.auth.PermissionManager - Registered super admin: 7030e763-39c9-408c-a214-869b2df4cc24
12:29:55.228 [main] INFO  c.nova.link.auth.PermissionManager - Super admin session created for UUID 7030e763-39c9-408c-a214-869b2df4cc24, expires at 1765085395228
12:29:55.228 [main] INFO  c.nova.link.auth.PermissionManager - Registered super admin: 2965b221-8b75-42ec-932c-aa1453f61e27
12:29:55.228 [main] INFO  c.nova.link.auth.PermissionManager - Super admin session created for UUID 2965b221-8b75-42ec-932c-aa1453f61e27, expires at 1765085395228
12:29:55.228 [main] INFO  c.nova.link.auth.PermissionManager - Registered super admin: 4a03ed0c-44f2-4259-9253-eff97c27becb
12:29:55.228 [main] INFO  c.nova.link.auth.PermissionManager - Super admin session created for UUID 4a03ed0c-44f2-4259-9253-eff97c27becb, expires at 1765085395228
12:29:55.228 [main] INFO  c.nova.link.auth.PermissionManager - Registered super admin: 957a7bdb-c954-409c-b9f5-51d365f84d10
12:29:55.228 [main] INFO  c.nova.link.auth.PermissionManager - Super admin session created for UUID 957a7bdb-c954-409c-b9f5-51d365f84d10, expires at 1765085395228
12:29:55.228 [main] INFO  c.nova.link.auth.PermissionManager - Registered super admin: 72b2ce4a-821c-4afe-a2f8-b39f3f3c6f5d
12:29:55.228 [main] INFO  c.nova.link.auth.PermissionManager - Super admin session created for UUID 72b2ce4a-821c-4afe-a2f8-b39f3f3c6f5d, expires at 1765085395228
12:29:55.229 [main] INFO  c.nova.link.auth.PermissionManager - Registered super admin: 89b5b128-d8d7-4748-89f9-4193669b9652
12:29:55.229 [main] INFO  c.nova.link.auth.PermissionManager - Super admin session created for UUID 89b5b128-d8d7-4748-89f9-4193669b9652, expires at 1765085395229
12:29:55.229 [main] INFO  c.nova.link.auth.PermissionManager - Registered super admin: 9fa1c231-d403-41db-b018-9e2934d645c7
12:29:55.229 [main] INFO  c.nova.link.auth.PermissionManager - Super admin session created for UUID 9fa1c231-d403-41db-b018-9e2934d645c7, expires at 1765085395229
12:29:55.230 [main] INFO  c.nova.link.auth.PermissionManager - Registered super admin: 63419193-db28-493b-9906-d51e7bd48f70
12:29:55.230 [main] INFO  c.nova.link.auth.PermissionManager - Super admin session created for UUID 63419193-db28-493b-9906-d51e7bd48f70, expires at 1765085395230
12:29:55.230 [main] INFO  c.nova.link.auth.PermissionManager - Registered super admin: 6557fd1a-b903-4f35-8ee6-b0da6614d56b
12:29:55.230 [main] INFO  c.nova.link.auth.PermissionManager - Super admin session created for UUID 6557fd1a-b903-4f35-8ee6-b0da6614d56b, expires at 1765085395230
12:29:55.231 [main] INFO  c.nova.link.auth.PermissionManager - Registered super admin: a65837d6-f14f-49c4-a296-7b8538ebafa1
12:29:55.231 [main] INFO  c.nova.link.auth.PermissionManager - Super admin session created for UUID a65837d6-f14f-49c4-a296-7b8538ebafa1, expires at 1765085395231
12:29:55.233 [main] INFO  c.nova.link.auth.PermissionManager - Registered super admin: 7ffa1188-e3a2-4f86-83c7-e022812f5f34
12:29:55.233 [main] INFO  c.nova.link.auth.PermissionManager - Super admin session created for UUID 7ffa1188-e3a2-4f86-83c7-e022812f5f34, expires at 1765085395233
12:29:55.235 [main] INFO  c.nova.link.auth.PermissionManager - Registered super admin: 1388f58a-cd08-4de1-816d-c7e43e73b714
12:29:55.235 [main] INFO  c.nova.link.auth.PermissionManager - Super admin session created for UUID 1388f58a-cd08-4de1-816d-c7e43e73b714, expires at 1765085395235
12:29:55.235 [main] INFO  c.nova.link.auth.PermissionManager - Registered super admin: 0a721546-289f-4081-abc3-f2269007b97e
12:29:55.235 [main] INFO  c.nova.link.auth.PermissionManager - Super admin session created for UUID 0a721546-289f-4081-abc3-f2269007b97e, expires at 1765085395235
12:29:55.235 [main] INFO  c.nova.link.auth.PermissionManager - Registered super admin: 971bc6ad-69e7-4787-a1b1-12a8b9e8e4b4
12:29:55.235 [main] INFO  c.nova.link.auth.PermissionManager - Super admin session created for UUID 971bc6ad-69e7-4787-a1b1-12a8b9e8e4b4, expires at 1765085395235
12:29:55.236 [main] INFO  c.nova.link.auth.PermissionManager - Registered super admin: 3fee13ea-51eb-432f-a5f4-3d0479f2cf57
12:29:55.236 [main] INFO  c.nova.link.auth.PermissionManager - Super admin session created for UUID 3fee13ea-51eb-432f-a5f4-3d0479f2cf57, expires at 1765085395236
12:29:55.237 [main] INFO  c.nova.link.auth.PermissionManager - Registered super admin: b617b1f7-452e-4ba8-84ed-286a593ee2f2
12:29:55.238 [main] INFO  c.nova.link.auth.PermissionManager - Super admin session created for UUID b617b1f7-452e-4ba8-84ed-286a593ee2f2, expires at 1765085395238
12:29:55.238 [main] INFO  c.nova.link.auth.PermissionManager - Registered super admin: 68031e01-1cf0-4a35-b216-f2e2865c66bc
12:29:55.238 [main] INFO  c.nova.link.auth.PermissionManager - Super admin session created for UUID 68031e01-1cf0-4a35-b216-f2e2865c66bc, expires at 1765085395238
12:29:55.241 [main] INFO  c.nova.link.auth.PermissionManager - Registered super admin: 5863d6a7-76e4-4dbc-a47c-f51dae022aeb
12:29:55.241 [main] INFO  c.nova.link.auth.PermissionManager - Super admin session created for UUID 5863d6a7-76e4-4dbc-a47c-f51dae022aeb, expires at 1765085395241
12:29:55.241 [main] INFO  c.nova.link.auth.PermissionManager - Registered super admin: 8d3aa8e6-9a06-4fc4-b475-58a504ce5659
12:29:55.241 [main] INFO  c.nova.link.auth.PermissionManager - Super admin session created for UUID 8d3aa8e6-9a06-4fc4-b475-58a504ce5659, expires at 1765085395241
12:29:55.243 [main] INFO  c.nova.link.auth.PermissionManager - Registered super admin: f1789770-ed15-432e-bdea-98027b971a22
12:29:55.243 [main] INFO  c.nova.link.auth.PermissionManager - Super admin session created for UUID f1789770-ed15-432e-bdea-98027b971a22, expires at 1765085395243
12:29:55.243 [main] INFO  c.nova.link.auth.PermissionManager - Registered super admin: a83c8ff3-a397-41a2-97ed-a5fe8e0b3411
12:29:55.243 [main] INFO  c.nova.link.auth.PermissionManager - Super admin session created for UUID a83c8ff3-a397-41a2-97ed-a5fe8e0b3411, expires at 1765085395243
12:29:55.244 [main] INFO  c.nova.link.auth.PermissionManager - Registered super admin: 1e3d652f-8405-4065-8b48-7e3b2ec707c9
12:29:55.244 [main] INFO  c.nova.link.auth.PermissionManager - Super admin session created for UUID 1e3d652f-8405-4065-8b48-7e3b2ec707c9, expires at 1765085395244
12:29:55.244 [main] INFO  c.nova.link.auth.PermissionManager - Registered super admin: d0d267ae-b5d4-41ee-ba28-10016ec375e3
12:29:55.244 [main] INFO  c.nova.link.auth.PermissionManager - Super admin session created for UUID d0d267ae-b5d4-41ee-ba28-10016ec375e3, expires at 1765085395244
12:29:55.244 [main] INFO  c.nova.link.auth.PermissionManager - Registered super admin: b37c6f3d-52ca-4d06-b431-e1ebfec34acc
12:29:55.244 [main] INFO  c.nova.link.auth.PermissionManager - Super admin session created for UUID b37c6f3d-52ca-4d06-b431-e1ebfec34acc, expires at 1765085395244
12:29:55.253 [main] INFO  c.nova.link.auth.PermissionManager - Registered super admin: 3f9e591e-fafa-46b0-bee2-455121fd1219
12:29:55.253 [main] INFO  c.nova.link.auth.PermissionManager - Super admin session created for UUID 3f9e591e-fafa-46b0-bee2-455121fd1219, expires at 1765085395253
12:29:55.253 [main] INFO  c.nova.link.auth.PermissionManager - Registered super admin: 4d4becd8-3922-4f91-a094-1d5906a730ad
12:29:55.253 [main] INFO  c.nova.link.auth.PermissionManager - Super admin session created for UUID 4d4becd8-3922-4f91-a094-1d5906a730ad, expires at 1765085395253
12:29:55.254 [main] INFO  c.nova.link.auth.PermissionManager - Registered super admin: cfd44712-8d01-405b-9b11-ee0249d22cf5
12:29:55.255 [main] INFO  c.nova.link.auth.PermissionManager - Super admin session created for UUID cfd44712-8d01-405b-9b11-ee0249d22cf5, expires at 1765085395255
12:29:55.255 [main] INFO  c.nova.link.auth.PermissionManager - Registered super admin: 298b7752-2860-4cd9-a5dd-0afd0ec402d3
12:29:55.255 [main] INFO  c.nova.link.auth.PermissionManager - Super admin session created for UUID 298b7752-2860-4cd9-a5dd-0afd0ec402d3, expires at 1765085395255
12:29:55.255 [main] INFO  c.nova.link.auth.PermissionManager - Registered super admin: ae068ef7-5beb-461f-ac63-bd2af231d564
12:29:55.255 [main] INFO  c.nova.link.auth.PermissionManager - Super admin session created for UUID ae068ef7-5beb-461f-ac63-bd2af231d564, expires at 1765085395255
12:29:55.255 [main] INFO  c.nova.link.auth.PermissionManager - Registered super admin: af147ee2-12d8-4130-9be5-9e893b401026
12:29:55.255 [main] INFO  c.nova.link.auth.PermissionManager - Super admin session created for UUID af147ee2-12d8-4130-9be5-9e893b401026, expires at 1765085395255
12:29:55.256 [main] INFO  c.nova.link.auth.PermissionManager - Registered super admin: 4975db4f-1b2a-4ef7-bd82-6383a5a9661a
12:29:55.256 [main] INFO  c.nova.link.auth.PermissionManager - Super admin session created for UUID 4975db4f-1b2a-4ef7-bd82-6383a5a9661a, expires at 1765085395256
12:29:55.256 [main] INFO  c.nova.link.auth.PermissionManager - Registered super admin: e565d305-4c80-4efd-acb5-be028c342834
12:29:55.256 [main] INFO  c.nova.link.auth.PermissionManager - Super admin session created for UUID e565d305-4c80-4efd-acb5-be028c342834, expires at 1765085395256
12:29:55.256 [main] INFO  c.nova.link.auth.PermissionManager - Registered super admin: 95921011-1257-4612-a062-bca4ac257c91
12:29:55.256 [main] INFO  c.nova.link.auth.PermissionManager - Super admin session created for UUID 95921011-1257-4612-a062-bca4ac257c91, expires at 1765085395256
12:29:55.256 [main] INFO  c.nova.link.auth.PermissionManager - Registered super admin: 8efd9371-6bce-42a4-addd-5bd68f42864d
12:29:55.256 [main] INFO  c.nova.link.auth.PermissionManager - Super admin session created for UUID 8efd9371-6bce-42a4-addd-5bd68f42864d, expires at 1765085395256
12:29:55.256 [main] INFO  c.nova.link.auth.PermissionManager - Registered super admin: 684d60d5-f184-488f-a369-60bb8f68917e
12:29:55.256 [main] INFO  c.nova.link.auth.PermissionManager - Super admin session created for UUID 684d60d5-f184-488f-a369-60bb8f68917e, expires at 1765085395256
12:29:55.257 [main] INFO  c.nova.link.auth.PermissionManager - Registered super admin: b557b453-1cd3-4cde-b8d4-d3eec799d914
12:29:55.257 [main] INFO  c.nova.link.auth.PermissionManager - Super admin session created for UUID b557b453-1cd3-4cde-b8d4-d3eec799d914, expires at 1765085395257
12:29:55.257 [main] INFO  c.nova.link.auth.PermissionManager - Registered super admin: ee5d91ca-2298-4616-b0ef-1eb6ac4a964a
12:29:55.257 [main] INFO  c.nova.link.auth.PermissionManager - Super admin session created for UUID ee5d91ca-2298-4616-b0ef-1eb6ac4a964a, expires at 1765085395257
12:29:55.257 [main] INFO  c.nova.link.auth.PermissionManager - Registered super admin: c3bc1cf4-a2a4-4129-a9a9-7df75af3ac32
12:29:55.257 [main] INFO  c.nova.link.auth.PermissionManager - Super admin session created for UUID c3bc1cf4-a2a4-4129-a9a9-7df75af3ac32, expires at 1765085395257
12:29:55.258 [main] INFO  c.nova.link.auth.PermissionManager - Registered super admin: 3fcead03-3c23-4397-9b5f-db9c43f36546
12:29:55.258 [main] INFO  c.nova.link.auth.PermissionManager - Super admin session created for UUID 3fcead03-3c23-4397-9b5f-db9c43f36546, expires at 1765085395258
12:29:55.260 [main] INFO  c.nova.link.auth.PermissionManager - Registered super admin: eb587699-565b-4f7d-9ac0-1a2537ddf7b3
12:29:55.260 [main] INFO  c.nova.link.auth.PermissionManager - Super admin session created for UUID eb587699-565b-4f7d-9ac0-1a2537ddf7b3, expires at 1765085395260
12:29:55.260 [main] INFO  c.nova.link.auth.PermissionManager - Registered super admin: fe400e8d-4058-4a43-8486-a55cfe0cdd54
12:29:55.260 [main] INFO  c.nova.link.auth.PermissionManager - Super admin session created for UUID fe400e8d-4058-4a43-8486-a55cfe0cdd54, expires at 1765085395260
12:29:55.261 [main] INFO  c.nova.link.auth.PermissionManager - Registered super admin: 7434001b-3822-448b-aa12-066c9411dc90
12:29:55.261 [main] INFO  c.nova.link.auth.PermissionManager - Super admin session created for UUID 7434001b-3822-448b-aa12-066c9411dc90, expires at 1765085395261
12:29:55.261 [main] INFO  c.nova.link.auth.PermissionManager - Registered super admin: 4dcb1f46-9edc-40e7-86be-14eccf698d16
12:29:55.261 [main] INFO  c.nova.link.auth.PermissionManager - Super admin session created for UUID 4dcb1f46-9edc-40e7-86be-14eccf698d16, expires at 1765085395261
12:29:55.261 [main] INFO  c.nova.link.auth.PermissionManager - Registered super admin: eb03e003-f964-4766-94a4-845f8821da9e
12:29:55.261 [main] INFO  c.nova.link.auth.PermissionManager - Super admin session created for UUID eb03e003-f964-4766-94a4-845f8821da9e, expires at 1765085395261
12:29:55.261 [main] INFO  c.nova.link.auth.PermissionManager - Registered super admin: 5c59f769-4aa5-4fa5-9b70-5e8a2baf7f19
12:29:55.261 [main] INFO  c.nova.link.auth.PermissionManager - Super admin session created for UUID 5c59f769-4aa5-4fa5-9b70-5e8a2baf7f19, expires at 1765085395261
12:29:55.261 [main] INFO  c.nova.link.auth.PermissionManager - Registered super admin: 36237260-fd1d-43f7-bf61-6317e5883a4b
12:29:55.261 [main] INFO  c.nova.link.auth.PermissionManager - Super admin session created for UUID 36237260-fd1d-43f7-bf61-6317e5883a4b, expires at 1765085395261
12:29:55.261 [main] INFO  c.nova.link.auth.PermissionManager - Registered super admin: 125dceb4-448f-46af-9ab2-49562b244a90
12:29:55.261 [main] INFO  c.nova.link.auth.PermissionManager - Super admin session created for UUID 125dceb4-448f-46af-9ab2-49562b244a90, expires at 1765085395261
12:29:55.262 [main] INFO  c.nova.link.auth.PermissionManager - Registered super admin: 939ce2c4-1381-40b9-b44e-4ee0ea6fe5b0
12:29:55.262 [main] INFO  c.nova.link.auth.PermissionManager - Super admin session created for UUID 939ce2c4-1381-40b9-b44e-4ee0ea6fe5b0, expires at 1765085395262
12:29:55.262 [main] INFO  c.nova.link.auth.PermissionManager - Registered super admin: f82164e9-2198-445c-8c7f-fa157ae70dd0
12:29:55.262 [main] INFO  c.nova.link.auth.PermissionManager - Super admin session created for UUID f82164e9-2198-445c-8c7f-fa157ae70dd0, expires at 1765085395262
12:29:55.262 [main] INFO  c.nova.link.auth.PermissionManager - Registered super admin: b1397d37-80f8-4080-bd9e-f7c4de0af65c
12:29:55.262 [main] INFO  c.nova.link.auth.PermissionManager - Super admin session created for UUID b1397d37-80f8-4080-bd9e-f7c4de0af65c, expires at 1765085395262
12:29:55.262 [main] INFO  c.nova.link.auth.PermissionManager - Registered super admin: 09de34df-7a78-4c9b-8366-323ded04131f
12:29:55.262 [main] INFO  c.nova.link.auth.PermissionManager - Super admin session created for UUID 09de34df-7a78-4c9b-8366-323ded04131f, expires at 1765085395262
12:29:55.262 [main] INFO  c.nova.link.auth.PermissionManager - Registered super admin: 2baf1d79-442c-4f31-8c30-494987b2dffe
12:29:55.262 [main] INFO  c.nova.link.auth.PermissionManager - Super admin session created for UUID 2baf1d79-442c-4f31-8c30-494987b2dffe, expires at 1765085395262
12:29:55.263 [main] INFO  c.nova.link.auth.PermissionManager - Registered super admin: 2eea2631-25ca-43aa-ab83-ae6e85a3f20a
12:29:55.263 [main] INFO  c.nova.link.auth.PermissionManager - Super admin session created for UUID 2eea2631-25ca-43aa-ab83-ae6e85a3f20a, expires at 1765085395263
12:29:55.263 [main] INFO  c.nova.link.auth.PermissionManager - Registered super admin: e2c214fa-9ee5-4e3e-abbf-b3a810f522e5
12:29:55.263 [main] INFO  c.nova.link.auth.PermissionManager - Super admin session created for UUID e2c214fa-9ee5-4e3e-abbf-b3a810f522e5, expires at 1765085395263
12:29:55.263 [main] INFO  c.nova.link.auth.PermissionManager - Registered super admin: 6543e8d6-e3de-40a3-9b8f-1f5ed3962532
12:29:55.263 [main] INFO  c.nova.link.auth.PermissionManager - Super admin session created for UUID 6543e8d6-e3de-40a3-9b8f-1f5ed3962532, expires at 1765085395263
12:29:55.264 [main] INFO  c.nova.link.auth.PermissionManager - Registered super admin: 39274c7a-8e2a-40b8-8b84-6b6fe342fb42
12:29:55.264 [main] INFO  c.nova.link.auth.PermissionManager - Super admin session created for UUID 39274c7a-8e2a-40b8-8b84-6b6fe342fb42, expires at 1765085395264
12:29:55.264 [main] INFO  c.nova.link.auth.PermissionManager - Registered super admin: 93d4e643-0148-4aa6-98f3-f7391b29501e
12:29:55.264 [main] INFO  c.nova.link.auth.PermissionManager - Super admin session created for UUID 93d4e643-0148-4aa6-98f3-f7391b29501e, expires at 1765085395264
12:29:55.264 [main] INFO  c.nova.link.auth.PermissionManager - Registered super admin: b74ea6f8-da1c-4a36-9d66-0dc24f23fe61
12:29:55.264 [main] INFO  c.nova.link.auth.PermissionManager - Super admin session created for UUID b74ea6f8-da1c-4a36-9d66-0dc24f23fe61, expires at 1765085395264
12:29:55.264 [main] INFO  c.nova.link.auth.PermissionManager - Registered super admin: 60319ac4-23b8-4cd4-8240-574df076d834
12:29:55.264 [main] INFO  c.nova.link.auth.PermissionManager - Super admin session created for UUID 60319ac4-23b8-4cd4-8240-574df076d834, expires at 1765085395264
12:29:55.264 [main] INFO  c.nova.link.auth.PermissionManager - Registered super admin: c7906ecb-8216-4f51-8ca0-c8bb3d7f3890
12:29:55.264 [main] INFO  c.nova.link.auth.PermissionManager - Super admin session created for UUID c7906ecb-8216-4f51-8ca0-c8bb3d7f3890, expires at 1765085395264
12:29:55.265 [main] INFO  c.nova.link.auth.PermissionManager - Registered super admin: e8139b92-ca16-4f58-8398-cd6135f44554
12:29:55.265 [main] INFO  c.nova.link.auth.PermissionManager - Super admin session created for UUID e8139b92-ca16-4f58-8398-cd6135f44554, expires at 1765085395265
12:29:55.265 [main] INFO  c.nova.link.auth.PermissionManager - Registered super admin: 6c670c32-dbe8-444f-b088-b40df3ba57af
12:29:55.265 [main] INFO  c.nova.link.auth.PermissionManager - Super admin session created for UUID 6c670c32-dbe8-444f-b088-b40df3ba57af, expires at 1765085395265
12:29:55.265 [main] INFO  c.nova.link.auth.PermissionManager - Registered super admin: 83e6879f-3fe3-4ca8-b2a1-26941d8d34ea
12:29:55.265 [main] INFO  c.nova.link.auth.PermissionManager - Super admin session created for UUID 83e6879f-3fe3-4ca8-b2a1-26941d8d34ea, expires at 1765085395265
12:29:55.265 [main] INFO  c.nova.link.auth.PermissionManager - Registered super admin: 358b4a2b-2447-459a-9936-48938ddfea94
12:29:55.265 [main] INFO  c.nova.link.auth.PermissionManager - Super admin session created for UUID 358b4a2b-2447-459a-9936-48938ddfea94, expires at 1765085395265
12:29:55.266 [main] INFO  c.nova.link.auth.PermissionManager - Registered super admin: e3ed6b2a-be65-4282-b179-9cc31ec26c81
12:29:55.266 [main] INFO  c.nova.link.auth.PermissionManager - Super admin session created for UUID e3ed6b2a-be65-4282-b179-9cc31ec26c81, expires at 1765085395266
12:29:55.266 [main] INFO  c.nova.link.auth.PermissionManager - Registered super admin: 1972e23b-38f7-4993-9863-fd8b7ca92836
12:29:55.266 [main] INFO  c.nova.link.auth.PermissionManager - Super admin session created for UUID 1972e23b-38f7-4993-9863-fd8b7ca92836, expires at 1765085395266
12:29:55.266 [main] INFO  c.nova.link.auth.PermissionManager - Registered super admin: bbe5a7cf-0b30-44bc-a7a2-57baa96b30a1
12:29:55.266 [main] INFO  c.nova.link.auth.PermissionManager - Super admin session created for UUID bbe5a7cf-0b30-44bc-a7a2-57baa96b30a1, expires at 1765085395266
12:29:55.266 [main] INFO  c.nova.link.auth.PermissionManager - Registered super admin: a4bc9034-2396-4f14-b0f0-5048a31454e7
12:29:55.266 [main] INFO  c.nova.link.auth.PermissionManager - Super admin session created for UUID a4bc9034-2396-4f14-b0f0-5048a31454e7, expires at 1765085395266
12:29:55.266 [main] INFO  c.nova.link.auth.PermissionManager - Registered super admin: 9e38d770-c59f-4b05-a3dc-7f0b9df48e18
12:29:55.266 [main] INFO  c.nova.link.auth.PermissionManager - Super admin session created for UUID 9e38d770-c59f-4b05-a3dc-7f0b9df48e18, expires at 1765085395266
12:29:55.267 [main] INFO  c.nova.link.auth.PermissionManager - Registered super admin: 029ee642-9d16-4559-8747-b7c0bdbc347c
12:29:55.267 [main] INFO  c.nova.link.auth.PermissionManager - Super admin session created for UUID 029ee642-9d16-4559-8747-b7c0bdbc347c, expires at 1765085395267
12:29:55.267 [main] INFO  c.nova.link.auth.PermissionManager - Registered super admin: 4105b49c-b616-4eb3-941f-90a365a2a7b9
12:29:55.267 [main] INFO  c.nova.link.auth.PermissionManager - Super admin session created for UUID 4105b49c-b616-4eb3-941f-90a365a2a7b9, expires at 1765085395267
12:29:55.268 [main] INFO  c.nova.link.auth.PermissionManager - Registered super admin: 27d117ae-29d6-4abf-9468-d2249c0d1fa3
12:29:55.268 [main] INFO  c.nova.link.auth.PermissionManager - Super admin session created for UUID 27d117ae-29d6-4abf-9468-d2249c0d1fa3, expires at 1765085395268
12:29:55.272 [main] INFO  c.nova.link.auth.PermissionManager - Registered super admin: 49e42963-5745-404c-b7d5-f3e48908a49a
12:29:55.272 [main] INFO  c.nova.link.auth.PermissionManager - Super admin session created for UUID 49e42963-5745-404c-b7d5-f3e48908a49a, expires at 1765085395272
12:29:55.272 [main] INFO  c.nova.link.auth.PermissionManager - Registered super admin: ea138e8e-c30f-4848-85f3-d3711dcc22f0
12:29:55.272 [main] INFO  c.nova.link.auth.PermissionManager - Super admin session created for UUID ea138e8e-c30f-4848-85f3-d3711dcc22f0, expires at 1765085395272
12:29:55.272 [main] INFO  c.nova.link.auth.PermissionManager - Registered super admin: df5de5fb-a6c2-4438-b2da-bd6ca9185367
12:29:55.272 [main] INFO  c.nova.link.auth.PermissionManager - Super admin session created for UUID df5de5fb-a6c2-4438-b2da-bd6ca9185367, expires at 1765085395272
12:29:55.273 [main] INFO  c.nova.link.auth.PermissionManager - Registered super admin: 8a5411e7-b2f3-45bc-a50e-f3cede029fad
12:29:55.273 [main] INFO  c.nova.link.auth.PermissionManager - Super admin session created for UUID 8a5411e7-b2f3-45bc-a50e-f3cede029fad, expires at 1765085395273
12:29:55.273 [main] INFO  c.nova.link.auth.PermissionManager - Registered super admin: 0d5b6bd0-520f-4078-b65e-b89e77088676
12:29:55.273 [main] INFO  c.nova.link.auth.PermissionManager - Super admin session created for UUID 0d5b6bd0-520f-4078-b65e-b89e77088676, expires at 1765085395273
12:29:55.273 [main] INFO  c.nova.link.auth.PermissionManager - Registered super admin: cd6ec2f9-1503-4f2f-aeda-c25dfed43e11
12:29:55.273 [main] INFO  c.nova.link.auth.PermissionManager - Super admin session created for UUID cd6ec2f9-1503-4f2f-aeda-c25dfed43e11, expires at 1765085395273
12:29:55.273 [main] INFO  c.nova.link.auth.PermissionManager - Registered super admin: 8364c151-1b4c-439d-a70e-d839716e7064
12:29:55.273 [main] INFO  c.nova.link.auth.PermissionManager - Super admin session created for UUID 8364c151-1b4c-439d-a70e-d839716e7064, expires at 1765085395273
12:29:55.273 [main] INFO  c.nova.link.auth.PermissionManager - Registered super admin: 4ac58306-b24d-4f6c-ab2f-d74a4a9617c5
12:29:55.273 [main] INFO  c.nova.link.auth.PermissionManager - Super admin session created for UUID 4ac58306-b24d-4f6c-ab2f-d74a4a9617c5, expires at 1765085395273
]]></system-out>
  </testcase>
  <testcase name="channelAdminGrantGivesChannelAdminLevel" classname="com.nova.link.auth.PermissionManagerPropertyTest" time="0.04">
    <system-out><![CDATA[12:29:55.285 [main] DEBUG c.nova.link.auth.PermissionManager - Granted channel admin: fae284c6-e83b-44e2-8608-e127dd772753 for channel channel-VvDmXUDFgvSrELGSrxt
12:29:55.286 [main] DEBUG c.nova.link.auth.PermissionManager - Granted channel admin: b895f356-bb33-48ac-9cd2-070a440336d9 for channel channel-TeKedsBfQYX
12:29:55.286 [main] DEBUG c.nova.link.auth.PermissionManager - Granted channel admin: d0a4aed3-5d1a-4f36-b080-ea4e210be7e1 for channel channel-GWJVvDUxgvm
12:29:55.286 [main] DEBUG c.nova.link.auth.PermissionManager - Granted channel admin: 719b55fd-772b-449d-bedb-4d642be6cc5f for channel channel-KQ
12:29:55.286 [main] DEBUG c.nova.link.auth.PermissionManager - Granted channel admin: 9314e58d-da22-4f66-8325-4bd7cbaa2d56 for channel channel-smfQcl
12:29:55.286 [main] DEBUG c.nova.link.auth.PermissionManager - Granted channel admin: c596ed7a-083f-48a9-af1d-8399678b6486 for channel channel-bCv
12:29:55.286 [main] DEBUG c.nova.link.auth.PermissionManager - Granted channel admin: 3bbfd6dc-f6f4-4857-9943-4ad494b786aa for channel channel-FnU
12:29:55.286 [main] DEBUG c.nova.link.auth.PermissionManager - Granted channel admin: 6f91899f-82e5-4145-8771-d7624a8a81f6 for channel channel-GzJANMWjvtdam
12:29:55.287 [main] DEBUG c.nova.link.auth.PermissionManager - Granted channel admin: 606a0eff-2c9e-4c90-a442-ed334a51db76 for channel channel-ZCF
12:29:55.287 [main] DEBUG c.nova.link.auth.PermissionManager - Granted channel admin: 73300b0a-0fd2-4c79-a653-9852f41525a7 for channel channel-pH
12:29:55.287 [main] DEBUG c.nova.link.auth.PermissionManager - Granted channel admin: 146c85fb-fa83-45ba-83df-d80326aa5c98 for channel channel-RWaLTcSHEGE
12:29:55.287 [main] DEBUG c.nova.link.auth.PermissionManager - Granted channel admin: 27106162-52d9-4ebc-81c5-97dd65104862 for channel channel-QQp
12:29:55.287 [main] DEBUG c.nova.link.auth.PermissionManager - Granted channel admin: 9e37725b-8df1-4f6b-b301-0563e7596175 for channel channel-ZrSP
12:29:55.288 [main] DEBUG c.nova.link.auth.PermissionManager - Granted channel admin: a122fd13-b439-4353-aa17-b86eeba181e5 for channel channel-qWcwIkT
12:29:55.288 [main] DEBUG c.nova.link.auth.PermissionManager - Granted channel admin: fdd9f07f-ca98-4494-afd3-e27a50ce8049 for channel channel-xHfgmSUlQ
12:29:55.288 [main] DEBUG c.nova.link.auth.PermissionManager - Granted channel admin: b58f7a87-1b8d-47f1-be54-5904604bf5d5 for channel channel-VCGPuwgG
12:29:55.288 [main] DEBUG c.nova.link.auth.PermissionManager - Granted channel admin: 39fd32e0-7a64-4c2d-9ee7-5a7101fc9631 for channel channel-Ll
12:29:55.288 [main] DEBUG c.nova.link.auth.PermissionManager - Granted channel admin: 2e0ac7ce-3b62-4265-a69a-53c7c2e0c288 for channel channel-AmnGviZ
12:29:55.288 [main] DEBUG c.nova.link.auth.PermissionManager - Granted channel admin: 42c5d445-31d1-41d7-b024-b9f39ccda1f1 for channel channel-gkFy
12:29:55.288 [main] DEBUG c.nova.link.auth.PermissionManager - Granted channel admin: e676c773-9043-440e-8d2d-1b814fdf24e9 for channel channel-xzyDLtwwzha
12:29:55.288 [main] DEBUG c.nova.link.auth.PermissionManager - Granted channel admin: 2e4d1cbb-d12f-42c9-9989-c54bda9e799c for channel channel-VFhmQHEWvj
12:29:55.289 [main] DEBUG c.nova.link.auth.PermissionManager - Granted channel admin: 483bb082-ef1d-4c0a-8a13-eff94b523706 for channel channel-A
12:29:55.289 [main] DEBUG c.nova.link.auth.PermissionManager - Granted channel admin: a3157427-5486-420b-af0b-fc40d18a2ce0 for channel channel-ymc
12:29:55.289 [main] DEBUG c.nova.link.auth.PermissionManager - Granted channel admin: 2cd469de-73e4-4ce9-b9a0-f387c4e0e78a for channel channel-qAYsiSLbOOhwNsKkqiMl
12:29:55.289 [main] DEBUG c.nova.link.auth.PermissionManager - Granted channel admin: 3b4204c7-4496-4535-8d0b-da3f81ea785c for channel channel-KAUV
12:29:55.289 [main] DEBUG c.nova.link.auth.PermissionManager - Granted channel admin: daf439ea-806a-4866-be68-f673b976a7b9 for channel channel-PrFqTB
12:29:55.290 [main] DEBUG c.nova.link.auth.PermissionManager - Granted channel admin: a4b041ab-7f3f-4e9a-b491-3f863f2460ef for channel channel-qYOqYkMAPiM
12:29:55.290 [main] DEBUG c.nova.link.auth.PermissionManager - Granted channel admin: 0940e3d8-9e31-4789-9c87-cf389536e9da for channel channel-ISrFYYnNMvY
12:29:55.290 [main] DEBUG c.nova.link.auth.PermissionManager - Granted channel admin: 9ce75ded-e318-44f7-adf6-9018a3d82bcc for channel channel-Zbrocmb
12:29:55.290 [main] DEBUG c.nova.link.auth.PermissionManager - Granted channel admin: 5dcbae06-c176-4fe1-abf2-322a2e4e7171 for channel channel-fvxap
12:29:55.290 [main] DEBUG c.nova.link.auth.PermissionManager - Granted channel admin: 32bbeef0-439c-433e-96ec-945a4bf10f5e for channel channel-n
12:29:55.290 [main] DEBUG c.nova.link.auth.PermissionManager - Granted channel admin: 18706ef8-6855-40ab-8d41-05c33e3c5a7c for channel channel-qnhAIONWKCe
12:29:55.290 [main] DEBUG c.nova.link.auth.PermissionManager - Granted channel admin: bd2efbf6-901e-4e4d-8db7-62c8d21df6e8 for channel channel-kwWJBNQbOGSF
12:29:55.290 [main] DEBUG c.nova.link.auth.PermissionManager - Granted channel admin: abd7a8a0-f552-42ee-9906-9ee86e37a059 for channel channel-RtZIwmKSdH
12:29:55.291 [main] DEBUG c.nova.link.auth.PermissionManager - Granted channel admin: 07562278-7890-4876-bf31-adf75ff2ac42 for channel channel-PbzcnQVlL
12:29:55.291 [main] DEBUG c.nova.link.auth.PermissionManager - Granted channel admin: b34462d7-c270-46fa-bcca-7d31f6cd526e for channel channel-csocnpN
12:29:55.291 [main] DEBUG c.nova.link.auth.PermissionManager - Granted channel admin: a7675020-a4f2-41dc-9c92-b2cdb62c283d for channel channel-fIOsFwyBVNmjCUru
12:29:55.291 [main] DEBUG c.nova.link.auth.PermissionManager - Granted channel admin: 315c9d77-0b6f-45ce-bcae-5fad3deae29e for channel channel-gUuIxW
12:29:55.291 [main] DEBUG c.nova.link.auth.PermissionManager - Granted channel admin: d8012af4-631c-48f9-9ea6-482643e6e3d8 for channel channel-A
12:29:55.291 [main] DEBUG c.nova.link.auth.PermissionManager - Granted channel admin: baa03bad-9772-4706-8726-bbc2baac44e5 for channel channel-Z
12:29:55.291 [main] DEBUG c.nova.link.auth.PermissionManager - Granted channel admin: 76d71b8c-1a53-4c74-87d0-cecb3e6a95db for channel channel-CGuBSFi
12:29:55.291 [main] DEBUG c.nova.link.auth.PermissionManager - Granted channel admin: 350e2658-4c11-4d1e-9aa4-12e1c27e75d2 for channel channel-nyAiGFFcuf
12:29:55.291 [main] DEBUG c.nova.link.auth.PermissionManager - Granted channel admin: 4d1806f4-1b53-4806-b4d1-29ffffd4c160 for channel channel-qtbnEE
12:29:55.291 [main] DEBUG c.nova.link.auth.PermissionManager - Granted channel admin: 28aba76d-5e83-4932-ad66-4e647d9f493f for channel channel-DnFlDzrszb
12:29:55.292 [main] DEBUG c.nova.link.auth.PermissionManager - Granted channel admin: ef439530-ea07-4332-998d-a0c58b1ee5b0 for channel channel-jXhEOVjZEgBSid
12:29:55.292 [main] DEBUG c.nova.link.auth.PermissionManager - Granted channel admin: 7de7b678-45a2-400b-a4a9-ac11a3ced783 for channel channel-aXuDEQ
12:29:55.292 [main] DEBUG c.nova.link.auth.PermissionManager - Granted channel admin: 8dc813da-15bd-4eed-8b4c-c4f6a1b571bb for channel channel-dNpdq
12:29:55.292 [main] DEBUG c.nova.link.auth.PermissionManager - Granted channel admin: 61e655ae-0b9e-40db-b1a7-b9b8a81ac903 for channel channel-xpiH
12:29:55.292 [main] DEBUG c.nova.link.auth.PermissionManager - Granted channel admin: 5393e109-cb26-4ca0-8e37-464280678767 for channel channel-ymb
12:29:55.292 [main] DEBUG c.nova.link.auth.PermissionManager - Granted channel admin: d74cb2df-fc0d-4272-8103-5b6ff788942f for channel channel-ajtOVqO
12:29:55.292 [main] DEBUG c.nova.link.auth.PermissionManager - Granted channel admin: 6305e545-33f9-46ed-b59f-829466edfe2c for channel channel-wenXrprLWyzUlxG
12:29:55.292 [main] DEBUG c.nova.link.auth.PermissionManager - Granted channel admin: 53729642-5ea7-404a-ac4a-e42faa721096 for channel channel-YsGSlBHLt
12:29:55.292 [main] DEBUG c.nova.link.auth.PermissionManager - Granted channel admin: 49f89bad-0181-4a2e-83ae-d4f1cb7fbe5c for channel channel-B
12:29:55.292 [main] DEBUG c.nova.link.auth.PermissionManager - Granted channel admin: b618a438-7ca6-4a59-a0b9-4940aaaf9039 for channel channel-MVcqtjK
12:29:55.292 [main] DEBUG c.nova.link.auth.PermissionManager - Granted channel admin: 6ca38647-feaf-4239-9b33-480e5164852e for channel channel-LCRsKKgEG
12:29:55.293 [main] DEBUG c.nova.link.auth.PermissionManager - Granted channel admin: a0dde691-7956-40f9-9054-2238f3350e5b for channel channel-mJbutoDnWc
12:29:55.293 [main] DEBUG c.nova.link.auth.PermissionManager - Granted channel admin: 4378264a-cade-42ff-bac6-b5b506e6cc3f for channel channel-tGZgKZ
12:29:55.293 [main] DEBUG c.nova.link.auth.PermissionManager - Granted channel admin: 29e9538f-1dac-4189-afca-08f82a176b1f for channel channel-VzWw
12:29:55.293 [main] DEBUG c.nova.link.auth.PermissionManager - Granted channel admin: 7bfb10e0-8c8a-4cbf-8544-20dc595789a6 for channel channel-rTkBuHNujnI
12:29:55.293 [main] DEBUG c.nova.link.auth.PermissionManager - Granted channel admin: a510380b-9ce1-4b30-ab43-9e57979df24f for channel channel-nYiqRggMTHvJOExeauXV
12:29:55.293 [main] DEBUG c.nova.link.auth.PermissionManager - Granted channel admin: f6bd1d15-1b27-4e00-8f93-8fb8f82d2621 for channel channel-oBWx
12:29:55.293 [main] DEBUG c.nova.link.auth.PermissionManager - Granted channel admin: 7e448b33-e3f4-448d-b8da-ad1ea6a0c342 for channel channel-rIBNvjhsR
12:29:55.293 [main] DEBUG c.nova.link.auth.PermissionManager - Granted channel admin: 8db97aba-95a9-4d70-a0c6-644bf123a267 for channel channel-Kka
12:29:55.293 [main] DEBUG c.nova.link.auth.PermissionManager - Granted channel admin: 201c73ad-6151-4381-96c8-37dfe55c57df for channel channel-scPqK
12:29:55.293 [main] DEBUG c.nova.link.auth.PermissionManager - Granted channel admin: bbdf8e2e-56a0-4afb-a2c1-fcf54a5f16e5 for channel channel-iqVo
12:29:55.294 [main] DEBUG c.nova.link.auth.PermissionManager - Granted channel admin: 5a8d829e-fba9-4b25-bc77-586cafe8c5d3 for channel channel-QlOLKtjFZzeIJLmiU
12:29:55.294 [main] DEBUG c.nova.link.auth.PermissionManager - Granted channel admin: 5379838e-1fea-46a2-859c-c23ccb92ba5d for channel channel-z
12:29:55.294 [main] DEBUG c.nova.link.auth.PermissionManager - Granted channel admin: 236d73b1-524d-4ff9-9acc-7d6c9704a680 for channel channel-llZeXLmQqYhaHojAHM
12:29:55.294 [main] DEBUG c.nova.link.auth.PermissionManager - Granted channel admin: 585490db-795e-4669-a86f-a204cb86bc18 for channel channel-veXyQiolv
12:29:55.294 [main] DEBUG c.nova.link.auth.PermissionManager - Granted channel admin: f8be916d-24b0-466d-ba47-ead732fccb8b for channel channel-kQtUvkmZtP
12:29:55.294 [main] DEBUG c.nova.link.auth.PermissionManager - Granted channel admin: 5e312d2d-e092-46c0-b23f-1ba2f71f9e12 for channel channel-wIPFHj
12:29:55.294 [main] DEBUG c.nova.link.auth.PermissionManager - Granted channel admin: 5fc4a9ed-fa91-404b-9de0-9fc09807c1dd for channel channel-NYqZcEkLiP
12:29:55.294 [main] DEBUG c.nova.link.auth.PermissionManager - Granted channel admin: ed0888b6-3cf4-4e25-904f-93fca20e62c3 for channel channel-PmMVj
12:29:55.294 [main] DEBUG c.nova.link.auth.PermissionManager - Granted channel admin: 867f56b1-289e-4608-9c26-a71f3494985f for channel channel-nX
12:29:55.294 [main] DEBUG c.nova.link.auth.PermissionManager - Granted channel admin: 14bfe636-b764-4cb1-b6e8-2e993f88b2a1 for channel channel-a
12:29:55.295 [main] DEBUG c.nova.link.auth.PermissionManager - Granted channel admin: 111a8518-793c-4c4e-b695-6ad0e296ce16 for channel channel-CPqFizLfPAmbRKcNxtmM
12:29:55.295 [main] DEBUG c.nova.link.auth.PermissionManager - Granted channel admin: 51c38cd9-edd3-4cf9-97ac-2ceb6a08ead2 for channel channel-RWBegkCg
12:29:55.295 [main] DEBUG c.nova.link.auth.PermissionManager - Granted channel admin: e0ebf9ec-570c-4ac8-b555-10e852ce77b3 for channel channel-BtMmijZDPWMRLfDbRN
12:29:55.295 [main] DEBUG c.nova.link.auth.PermissionManager - Granted channel admin: f00dcfb7-bf46-428c-8bf3-b3d1fca0b9f6 for channel channel-RzozRQWqd
12:29:55.295 [main] DEBUG c.nova.link.auth.PermissionManager - Granted channel admin: 1f72de19-3ebf-4640-87aa-f5db6c120262 for channel channel-IsBpLhhSjjm
12:29:55.295 [main] DEBUG c.nova.link.auth.PermissionManager - Granted channel admin: 5e2eb6aa-a869-4702-9fe6-c4bcbcb6b690 for channel channel-vbUG
12:29:55.295 [main] DEBUG c.nova.link.auth.PermissionManager - Granted channel admin: 7e28559c-2e9c-44eb-aaee-993365b8e00f for channel channel-Tu
12:29:55.295 [main] DEBUG c.nova.link.auth.PermissionManager - Granted channel admin: 29af8db3-ac3c-4f92-8fdc-34d758374998 for channel channel-UqvQMPKFgjnsQtFry
12:29:55.295 [main] DEBUG c.nova.link.auth.PermissionManager - Granted channel admin: dd0e14cb-7fdf-42f1-a7de-993ada472045 for channel channel-BqbIoAixABX
12:29:55.296 [main] DEBUG c.nova.link.auth.PermissionManager - Granted channel admin: ff0ee47b-76f7-4209-a62b-798f2b4e38dc for channel channel-yGrdvcXrQLf
12:29:55.309 [main] DEBUG c.nova.link.auth.PermissionManager - Granted channel admin: eb8c1caf-1d3d-4991-9591-c04fb60db7a9 for channel channel-RctU
12:29:55.311 [main] DEBUG c.nova.link.auth.PermissionManager - Granted channel admin: 3ac66ee2-abfe-41d0-aece-ceb4febb4069 for channel channel-VzxhKISvTE
12:29:55.311 [main] DEBUG c.nova.link.auth.PermissionManager - Granted channel admin: 4f254438-486e-48a4-bad5-17e21ae76735 for channel channel-NvB
12:29:55.312 [main] DEBUG c.nova.link.auth.PermissionManager - Granted channel admin: 3f71c870-0731-41b2-8cbc-771ac49b4608 for channel channel-mJm
12:29:55.312 [main] DEBUG c.nova.link.auth.PermissionManager - Granted channel admin: 716837e9-bf7d-417f-bd8c-f8051a4a6b71 for channel channel-gdwMQk
12:29:55.312 [main] DEBUG c.nova.link.auth.PermissionManager - Granted channel admin: d639d3d7-a97d-41e1-adcc-ceff8efdef27 for channel channel-VqUR
12:29:55.312 [main] DEBUG c.nova.link.auth.PermissionManager - Granted channel admin: 6d34c20b-ef06-47f0-9d0f-4f61cc76ef89 for channel channel-dCgSEnrKfq
12:29:55.312 [main] DEBUG c.nova.link.auth.PermissionManager - Granted channel admin: a9d792b4-401d-4aa2-b508-d27f0679c801 for channel channel-gDDyKVfYj
12:29:55.312 [main] DEBUG c.nova.link.auth.PermissionManager - Granted channel admin: ec36e54b-efac-4ba8-8a3d-ec7e2f946ae4 for channel channel-a
12:29:55.312 [main] DEBUG c.nova.link.auth.PermissionManager - Granted channel admin: cc39eca6-264f-49ab-a0bc-59d1c6ca05c5 for channel channel-shcPsvpIN
12:29:55.312 [main] DEBUG c.nova.link.auth.PermissionManager - Granted channel admin: eed2d8c8-6e3e-468c-b5c0-6985640a5d27 for channel channel-EA
12:29:55.313 [main] DEBUG c.nova.link.auth.PermissionManager - Granted channel admin: 6ebab8e9-b96b-450a-8951-d2c69eaa6793 for channel channel-qpmySRSAvT
12:29:55.313 [main] DEBUG c.nova.link.auth.PermissionManager - Granted channel admin: 2b2c3547-93b0-4790-a646-93c1d39de2ce for channel channel-CBtYKIMkyotmKTpjI
12:29:55.313 [main] DEBUG c.nova.link.auth.PermissionManager - Granted channel admin: 040a14b6-dceb-40ac-a0af-0f22937e1219 for channel channel-jrieu
12:29:55.313 [main] DEBUG c.nova.link.auth.PermissionManager - Granted channel admin: ff6a2c24-2056-449d-9ca4-7a3314bedc31 for channel channel-onobClzMHQ
]]></system-out>
  </testcase>
  <testcase name="permissionHierarchyIsStrictlyOrdered" classname="com.nova.link.auth.PermissionManagerPropertyTest" time="0.026">
    <system-err><![CDATA[12月 07, 2025 12:29:55 下午 net.jqwik.engine.execution.CheckedProperty maybeWarnOnMultipleTriesWithoutForallParameters
警告: Running Property [PermissionManagerPropertyTest:permissionHierarchyIsStrictlyOrdered] in container [com.nova.link.auth.PermissionManagerPropertyTest] without any @ForAll parameters for 100 tries.
    Maybe you want to change it into an @Example?
]]></system-err>
  </testcase>
  <testcase name="sufficientPermissionLevelsAllowed" classname="com.nova.link.auth.PermissionManagerPropertyTest" time="0.056">
    <system-out><![CDATA[12:29:55.364 [main] INFO  c.nova.link.auth.PermissionManager - Registered super admin: f3d6e91f-826b-4783-9f64-a26600662365
12:29:55.365 [main] INFO  c.nova.link.auth.PermissionManager - Super admin session created for UUID f3d6e91f-826b-4783-9f64-a26600662365, expires at 1765085395365
12:29:55.366 [main] INFO  c.nova.link.auth.PermissionManager - Registered super admin: b230b497-0944-4c61-9531-c93387c429dc
12:29:55.366 [main] INFO  c.nova.link.auth.PermissionManager - Super admin session created for UUID b230b497-0944-4c61-9531-c93387c429dc, expires at 1765085395366
12:29:55.366 [main] INFO  c.nova.link.auth.PermissionManager - Registered super admin: 7350bf9d-ed9c-4d14-8c43-583b958ea1be
12:29:55.366 [main] INFO  c.nova.link.auth.PermissionManager - Super admin session created for UUID 7350bf9d-ed9c-4d14-8c43-583b958ea1be, expires at 1765085395366
12:29:55.366 [main] INFO  c.nova.link.auth.PermissionManager - Registered super admin: dd432fcb-4311-4903-8cbb-044de7c84c56
12:29:55.366 [main] INFO  c.nova.link.auth.PermissionManager - Super admin session created for UUID dd432fcb-4311-4903-8cbb-044de7c84c56, expires at 1765085395366
12:29:55.367 [main] INFO  c.nova.link.auth.PermissionManager - Registered super admin: 1e9ecd91-d076-4079-a732-ff66e76046a9
12:29:55.367 [main] INFO  c.nova.link.auth.PermissionManager - Super admin session created for UUID 1e9ecd91-d076-4079-a732-ff66e76046a9, expires at 1765085395367
12:29:55.367 [main] INFO  c.nova.link.auth.PermissionManager - Registered super admin: 365c07a5-97cc-4d7e-8349-ece1964eab73
12:29:55.367 [main] INFO  c.nova.link.auth.PermissionManager - Super admin session created for UUID 365c07a5-97cc-4d7e-8349-ece1964eab73, expires at 1765085395367
12:29:55.367 [main] DEBUG c.nova.link.auth.PermissionManager - Granted channel admin: 0e55e795-c676-4d34-8aac-95f4d8b8cfac for channel channel-Z
12:29:55.368 [main] INFO  c.nova.link.auth.PermissionManager - Registered super admin: feb30ff0-e5c8-4278-b49a-727bdd8b8151
12:29:55.368 [main] INFO  c.nova.link.auth.PermissionManager - Super admin session created for UUID feb30ff0-e5c8-4278-b49a-727bdd8b8151, expires at 1765085395368
12:29:55.368 [main] DEBUG c.nova.link.auth.PermissionManager - Granted channel admin: 0779676a-54f6-4d22-b6b8-fe156bf255b6 for channel channel-D
12:29:55.368 [main] INFO  c.nova.link.auth.PermissionManager - Registered super admin: 99963321-a0a9-4600-835d-4df6a17cb6ac
12:29:55.368 [main] INFO  c.nova.link.auth.PermissionManager - Super admin session created for UUID 99963321-a0a9-4600-835d-4df6a17cb6ac, expires at 1765085395368
12:29:55.368 [main] INFO  c.nova.link.auth.PermissionManager - Registered super admin: 99cb6c82-6ae6-4281-b5d8-b9fae6a875bf
12:29:55.371 [main] INFO  c.nova.link.auth.PermissionManager - Super admin session created for UUID 99cb6c82-6ae6-4281-b5d8-b9fae6a875bf, expires at 1765085395371
12:29:55.373 [main] INFO  c.nova.link.auth.PermissionManager - Registered super admin: 22680df8-842d-4301-84cf-801f81384e5d
12:29:55.373 [main] INFO  c.nova.link.auth.PermissionManager - Super admin session created for UUID 22680df8-842d-4301-84cf-801f81384e5d, expires at 1765085395373
12:29:55.373 [main] DEBUG c.nova.link.auth.PermissionManager - Registered client admin: ffb984a0-71e4-43f7-88ea-004898356f12 for client test-client
12:29:55.374 [main] INFO  c.nova.link.auth.PermissionManager - Registered super admin: 0227db61-3d98-4259-bcef-d777655110dd
12:29:55.374 [main] INFO  c.nova.link.auth.PermissionManager - Super admin session created for UUID 0227db61-3d98-4259-bcef-d777655110dd, expires at 1765085395374
12:29:55.375 [main] DEBUG c.nova.link.auth.PermissionManager - Registered client admin: de9d48f6-726a-4180-8569-8727afd35269 for client test-client
12:29:55.375 [main] DEBUG c.nova.link.auth.PermissionManager - Registered client admin: 40fd1042-30c9-484d-a657-72544846206c for client test-client
12:29:55.375 [main] INFO  c.nova.link.auth.PermissionManager - Registered super admin: 2ec88d4d-f5da-4715-8b03-63e6fc5bbb01
12:29:55.375 [main] INFO  c.nova.link.auth.PermissionManager - Super admin session created for UUID 2ec88d4d-f5da-4715-8b03-63e6fc5bbb01, expires at 1765085395375
12:29:55.376 [main] INFO  c.nova.link.auth.PermissionManager - Registered super admin: 4eb8ee8d-200c-4330-88c1-a56097c19441
12:29:55.376 [main] INFO  c.nova.link.auth.PermissionManager - Super admin session created for UUID 4eb8ee8d-200c-4330-88c1-a56097c19441, expires at 1765085395376
12:29:55.376 [main] INFO  c.nova.link.auth.PermissionManager - Registered super admin: c02ec35e-a178-4a2b-8e2a-ba713f72595e
12:29:55.376 [main] INFO  c.nova.link.auth.PermissionManager - Super admin session created for UUID c02ec35e-a178-4a2b-8e2a-ba713f72595e, expires at 1765085395376
12:29:55.377 [main] INFO  c.nova.link.auth.PermissionManager - Registered super admin: aa27d510-22d8-4b44-9057-e0d9b537d795
12:29:55.377 [main] INFO  c.nova.link.auth.PermissionManager - Super admin session created for UUID aa27d510-22d8-4b44-9057-e0d9b537d795, expires at 1765085395377
12:29:55.379 [main] INFO  c.nova.link.auth.PermissionManager - Registered super admin: ace031d5-067b-4691-a8a6-6a997a447bf7
12:29:55.382 [main] INFO  c.nova.link.auth.PermissionManager - Super admin session created for UUID ace031d5-067b-4691-a8a6-6a997a447bf7, expires at 1765085395382
12:29:55.382 [main] DEBUG c.nova.link.auth.PermissionManager - Registered client admin: 4dad4f5b-b09f-453a-bcd2-bf06e75449c0 for client test-client
12:29:55.385 [main] INFO  c.nova.link.auth.PermissionManager - Registered super admin: 2c8c9b85-f353-4f2d-90c7-246d8e436b13
12:29:55.386 [main] INFO  c.nova.link.auth.PermissionManager - Super admin session created for UUID 2c8c9b85-f353-4f2d-90c7-246d8e436b13, expires at 1765085395386
12:29:55.386 [main] DEBUG c.nova.link.auth.PermissionManager - Registered client admin: 314e5d82-0903-46bb-b586-41f9222409dc for client test-client
12:29:55.387 [main] INFO  c.nova.link.auth.PermissionManager - Registered super admin: 957c46a2-ccb0-4f82-acbf-fbb411e30952
12:29:55.387 [main] INFO  c.nova.link.auth.PermissionManager - Super admin session created for UUID 957c46a2-ccb0-4f82-acbf-fbb411e30952, expires at 1765085395387
12:29:55.388 [main] INFO  c.nova.link.auth.PermissionManager - Registered super admin: d35de5cc-d113-4bc9-aae5-ce05c599423a
12:29:55.388 [main] INFO  c.nova.link.auth.PermissionManager - Super admin session created for UUID d35de5cc-d113-4bc9-aae5-ce05c599423a, expires at 1765085395388
12:29:55.390 [main] DEBUG c.nova.link.auth.PermissionManager - Registered client admin: 2f4bc13c-7416-46b4-9328-fbf872bd132a for client test-client
12:29:55.391 [main] INFO  c.nova.link.auth.PermissionManager - Registered super admin: 56d97f38-a9cf-4b20-b9b8-de07aced67a4
12:29:55.391 [main] INFO  c.nova.link.auth.PermissionManager - Super admin session created for UUID 56d97f38-a9cf-4b20-b9b8-de07aced67a4, expires at 1765085395391
12:29:55.391 [main] INFO  c.nova.link.auth.PermissionManager - Registered super admin: e2dbe508-c738-474b-86d0-73c828a90dc1
12:29:55.391 [main] INFO  c.nova.link.auth.PermissionManager - Super admin session created for UUID e2dbe508-c738-474b-86d0-73c828a90dc1, expires at 1765085395391
12:29:55.391 [main] INFO  c.nova.link.auth.PermissionManager - Registered super admin: e1f67a36-15be-47e3-b4ed-01e97a3fd575
12:29:55.391 [main] INFO  c.nova.link.auth.PermissionManager - Super admin session created for UUID e1f67a36-15be-47e3-b4ed-01e97a3fd575, expires at 1765085395391
12:29:55.391 [main] DEBUG c.nova.link.auth.PermissionManager - Registered client admin: 3d862a69-c988-4ad1-ac6d-847adf2dd37b for client test-client
12:29:55.392 [main] DEBUG c.nova.link.auth.PermissionManager - Registered client admin: 2a4cdbf6-474e-4277-9c5b-76b8bc225ce0 for client test-client
12:29:55.392 [main] INFO  c.nova.link.auth.PermissionManager - Registered super admin: 5e45201c-de1d-43fd-866e-8324962af3c0
12:29:55.392 [main] INFO  c.nova.link.auth.PermissionManager - Super admin session created for UUID 5e45201c-de1d-43fd-866e-8324962af3c0, expires at 1765085395392
12:29:55.393 [main] DEBUG c.nova.link.auth.PermissionManager - Registered client admin: 3df94da7-f406-4022-a37d-4e066f34d6fe for client test-client
12:29:55.393 [main] DEBUG c.nova.link.auth.PermissionManager - Registered client admin: 0be61e59-b8d4-47e2-bca0-52844672f05d for client test-client
12:29:55.393 [main] INFO  c.nova.link.auth.PermissionManager - Registered super admin: 0fbdc578-4735-4d93-ba13-f8a18e09ce61
12:29:55.393 [main] INFO  c.nova.link.auth.PermissionManager - Super admin session created for UUID 0fbdc578-4735-4d93-ba13-f8a18e09ce61, expires at 1765085395393
12:29:55.393 [main] INFO  c.nova.link.auth.PermissionManager - Registered super admin: e4d60396-6a8d-4504-95ce-bbd8b9a19479
12:29:55.393 [main] INFO  c.nova.link.auth.PermissionManager - Super admin session created for UUID e4d60396-6a8d-4504-95ce-bbd8b9a19479, expires at 1765085395393
12:29:55.394 [main] DEBUG c.nova.link.auth.PermissionManager - Registered client admin: deabbb7d-01ee-417f-b10d-70e24861d550 for client test-client
12:29:55.394 [main] INFO  c.nova.link.auth.PermissionManager - Registered super admin: 207ef792-8149-413b-bc26-f9d97da70b5c
12:29:55.394 [main] INFO  c.nova.link.auth.PermissionManager - Super admin session created for UUID 207ef792-8149-413b-bc26-f9d97da70b5c, expires at 1765085395394
12:29:55.394 [main] DEBUG c.nova.link.auth.PermissionManager - Granted channel admin: 221a08d6-5828-4d10-9044-aad82d1465a7 for channel channel-JbscTmnTW
12:29:55.394 [main] DEBUG c.nova.link.auth.PermissionManager - Granted channel admin: b0954886-d9f7-4347-9623-1abefd795887 for channel channel-EXwao
12:29:55.394 [main] DEBUG c.nova.link.auth.PermissionManager - Granted channel admin: 4fb09502-31a5-454f-bbc5-c38e59f9c0fe for channel channel-QhcFeBWpA
12:29:55.395 [main] INFO  c.nova.link.auth.PermissionManager - Registered super admin: f009e6eb-79c6-409d-9b65-7fa946fbe19c
12:29:55.395 [main] INFO  c.nova.link.auth.PermissionManager - Super admin session created for UUID f009e6eb-79c6-409d-9b65-7fa946fbe19c, expires at 1765085395395
12:29:55.395 [main] DEBUG c.nova.link.auth.PermissionManager - Registered client admin: f71caf0f-c5f2-407e-9a21-ebad367e2301 for client test-client
12:29:55.395 [main] INFO  c.nova.link.auth.PermissionManager - Registered super admin: 6e37f5bd-0ac5-4df9-a14d-3ce69f716270
12:29:55.395 [main] INFO  c.nova.link.auth.PermissionManager - Super admin session created for UUID 6e37f5bd-0ac5-4df9-a14d-3ce69f716270, expires at 1765085395395
12:29:55.395 [main] INFO  c.nova.link.auth.PermissionManager - Registered super admin: 444c5b2d-3fb5-4f23-874a-135ec99f3b24
12:29:55.395 [main] INFO  c.nova.link.auth.PermissionManager - Super admin session created for UUID 444c5b2d-3fb5-4f23-874a-135ec99f3b24, expires at 1765085395395
12:29:55.396 [main] DEBUG c.nova.link.auth.PermissionManager - Granted channel admin: 4c31adea-a91e-4b34-8909-d2ad9817b97f for channel channel-tIVicnOpA
12:29:55.396 [main] INFO  c.nova.link.auth.PermissionManager - Registered super admin: b8d7ba7b-90a8-4b59-b4f9-331d47995a1c
12:29:55.396 [main] INFO  c.nova.link.auth.PermissionManager - Super admin session created for UUID b8d7ba7b-90a8-4b59-b4f9-331d47995a1c, expires at 1765085395396
12:29:55.396 [main] DEBUG c.nova.link.auth.PermissionManager - Granted channel admin: a9d15f23-5f44-4fc5-9471-de5476ea8696 for channel channel-z
12:29:55.396 [main] DEBUG c.nova.link.auth.PermissionManager - Registered client admin: 8ce5b693-36dc-4445-9c55-768b6bddc836 for client test-client
12:29:55.397 [main] DEBUG c.nova.link.auth.PermissionManager - Registered client admin: a7ea1b1f-8654-4cda-bfcf-f20641b945f1 for client test-client
12:29:55.397 [main] INFO  c.nova.link.auth.PermissionManager - Registered super admin: 9c4b29a0-a7d8-4d62-b0de-22063c3f1475
12:29:55.397 [main] INFO  c.nova.link.auth.PermissionManager - Super admin session created for UUID 9c4b29a0-a7d8-4d62-b0de-22063c3f1475, expires at 1765085395397
]]></system-out>
  </testcase>
  <testcase name="hasAtLeastIsReflexive" classname="com.nova.link.auth.PermissionManagerPropertyTest" time="0.01"/>
  <testcase name="superAdminOverridesOtherLevels" classname="com.nova.link.auth.PermissionManagerPropertyTest" time="0.056">
    <system-out><![CDATA[12:29:55.429 [main] DEBUG c.nova.link.auth.PermissionManager - Registered client admin: d0843d7e-862b-4fb6-a7f7-b5e8ed9e6818 for client client-KRewrJORfyeeZaBvgADv
12:29:55.430 [main] DEBUG c.nova.link.auth.PermissionManager - Granted channel admin: d0843d7e-862b-4fb6-a7f7-b5e8ed9e6818 for channel channel-kOuDzUGNEqIt
12:29:55.430 [main] INFO  c.nova.link.auth.PermissionManager - Registered super admin: d0843d7e-862b-4fb6-a7f7-b5e8ed9e6818
12:29:55.430 [main] INFO  c.nova.link.auth.PermissionManager - Super admin session created for UUID d0843d7e-862b-4fb6-a7f7-b5e8ed9e6818, expires at 1765085395430
12:29:55.430 [main] DEBUG c.nova.link.auth.PermissionManager - Registered client admin: 68bf99aa-9272-4012-af61-014f6f1c3c43 for client client-FL
12:29:55.430 [main] DEBUG c.nova.link.auth.PermissionManager - Granted channel admin: 68bf99aa-9272-4012-af61-014f6f1c3c43 for channel channel-CswyHi
12:29:55.430 [main] INFO  c.nova.link.auth.PermissionManager - Registered super admin: 68bf99aa-9272-4012-af61-014f6f1c3c43
12:29:55.430 [main] INFO  c.nova.link.auth.PermissionManager - Super admin session created for UUID 68bf99aa-9272-4012-af61-014f6f1c3c43, expires at 1765085395430
12:29:55.430 [main] DEBUG c.nova.link.auth.PermissionManager - Registered client admin: f0aa8986-f222-4ab3-a7a5-e8dcf26884c0 for client client-RghUJvt
12:29:55.430 [main] DEBUG c.nova.link.auth.PermissionManager - Granted channel admin: f0aa8986-f222-4ab3-a7a5-e8dcf26884c0 for channel channel-nqH
12:29:55.430 [main] INFO  c.nova.link.auth.PermissionManager - Registered super admin: f0aa8986-f222-4ab3-a7a5-e8dcf26884c0
12:29:55.430 [main] INFO  c.nova.link.auth.PermissionManager - Super admin session created for UUID f0aa8986-f222-4ab3-a7a5-e8dcf26884c0, expires at 1765085395430
12:29:55.430 [main] DEBUG c.nova.link.auth.PermissionManager - Registered client admin: 6f3cb50a-32ea-4071-bc67-56dc2ca5f475 for client client-A
12:29:55.430 [main] DEBUG c.nova.link.auth.PermissionManager - Granted channel admin: 6f3cb50a-32ea-4071-bc67-56dc2ca5f475 for channel channel-A
12:29:55.430 [main] INFO  c.nova.link.auth.PermissionManager - Registered super admin: 6f3cb50a-32ea-4071-bc67-56dc2ca5f475
12:29:55.430 [main] INFO  c.nova.link.auth.PermissionManager - Super admin session created for UUID 6f3cb50a-32ea-4071-bc67-56dc2ca5f475, expires at 1765085395430
12:29:55.430 [main] DEBUG c.nova.link.auth.PermissionManager - Registered client admin: 615513ac-b16b-40de-ba51-77e881f6cc64 for client client-QSpOaQO
12:29:55.430 [main] DEBUG c.nova.link.auth.PermissionManager - Granted channel admin: 615513ac-b16b-40de-ba51-77e881f6cc64 for channel channel-WLspj
12:29:55.430 [main] INFO  c.nova.link.auth.PermissionManager - Registered super admin: 615513ac-b16b-40de-ba51-77e881f6cc64
12:29:55.430 [main] INFO  c.nova.link.auth.PermissionManager - Super admin session created for UUID 615513ac-b16b-40de-ba51-77e881f6cc64, expires at 1765085395430
12:29:55.431 [main] DEBUG c.nova.link.auth.PermissionManager - Registered client admin: 3aae2fa4-626c-4165-9156-f901a535e99a for client client-A
12:29:55.431 [main] DEBUG c.nova.link.auth.PermissionManager - Granted channel admin: 3aae2fa4-626c-4165-9156-f901a535e99a for channel channel-A
12:29:55.431 [main] INFO  c.nova.link.auth.PermissionManager - Registered super admin: 3aae2fa4-626c-4165-9156-f901a535e99a
12:29:55.431 [main] INFO  c.nova.link.auth.PermissionManager - Super admin session created for UUID 3aae2fa4-626c-4165-9156-f901a535e99a, expires at 1765085395431
12:29:55.431 [main] DEBUG c.nova.link.auth.PermissionManager - Registered client admin: f2f7f061-96fe-40b7-9e7f-e66aad69381f for client client-a
12:29:55.431 [main] DEBUG c.nova.link.auth.PermissionManager - Granted channel admin: f2f7f061-96fe-40b7-9e7f-e66aad69381f for channel channel-ovItce
12:29:55.431 [main] INFO  c.nova.link.auth.PermissionManager - Registered super admin: f2f7f061-96fe-40b7-9e7f-e66aad69381f
12:29:55.431 [main] INFO  c.nova.link.auth.PermissionManager - Super admin session created for UUID f2f7f061-96fe-40b7-9e7f-e66aad69381f, expires at 1765085395431
12:29:55.431 [main] DEBUG c.nova.link.auth.PermissionManager - Registered client admin: 02f3344a-b60c-47c9-b91e-24680a8a3d13 for client client-nbKVdwg
12:29:55.431 [main] DEBUG c.nova.link.auth.PermissionManager - Granted channel admin: 02f3344a-b60c-47c9-b91e-24680a8a3d13 for channel channel-NHcRqvm
12:29:55.431 [main] INFO  c.nova.link.auth.PermissionManager - Registered super admin: 02f3344a-b60c-47c9-b91e-24680a8a3d13
12:29:55.431 [main] INFO  c.nova.link.auth.PermissionManager - Super admin session created for UUID 02f3344a-b60c-47c9-b91e-24680a8a3d13, expires at 1765085395431
12:29:55.431 [main] DEBUG c.nova.link.auth.PermissionManager - Registered client admin: c4d06443-6e71-4860-90af-4aba2ba7a3b2 for client client-lgWPsvQbK
12:29:55.431 [main] DEBUG c.nova.link.auth.PermissionManager - Granted channel admin: c4d06443-6e71-4860-90af-4aba2ba7a3b2 for channel channel-KKp
12:29:55.431 [main] INFO  c.nova.link.auth.PermissionManager - Registered super admin: c4d06443-6e71-4860-90af-4aba2ba7a3b2
12:29:55.431 [main] INFO  c.nova.link.auth.PermissionManager - Super admin session created for UUID c4d06443-6e71-4860-90af-4aba2ba7a3b2, expires at 1765085395431
12:29:55.431 [main] DEBUG c.nova.link.auth.PermissionManager - Registered client admin: 6a2b519b-e47f-4ff0-895e-36830a88a4f2 for client client-A
12:29:55.432 [main] DEBUG c.nova.link.auth.PermissionManager - Granted channel admin: 6a2b519b-e47f-4ff0-895e-36830a88a4f2 for channel channel-Z
12:29:55.432 [main] INFO  c.nova.link.auth.PermissionManager - Registered super admin: 6a2b519b-e47f-4ff0-895e-36830a88a4f2
12:29:55.432 [main] INFO  c.nova.link.auth.PermissionManager - Super admin session created for UUID 6a2b519b-e47f-4ff0-895e-36830a88a4f2, expires at 1765085395432
12:29:55.432 [main] DEBUG c.nova.link.auth.PermissionManager - Registered client admin: 580a598d-7384-4ed2-ae85-9b2bd157ed59 for client client-xIFcBJGYAw
12:29:55.432 [main] DEBUG c.nova.link.auth.PermissionManager - Granted channel admin: 580a598d-7384-4ed2-ae85-9b2bd157ed59 for channel channel-YmlgudRjk
12:29:55.432 [main] INFO  c.nova.link.auth.PermissionManager - Registered super admin: 580a598d-7384-4ed2-ae85-9b2bd157ed59
12:29:55.432 [main] INFO  c.nova.link.auth.PermissionManager - Super admin session created for UUID 580a598d-7384-4ed2-ae85-9b2bd157ed59, expires at 1765085395432
12:29:55.432 [main] DEBUG c.nova.link.auth.PermissionManager - Registered client admin: 738356e7-42ff-4e44-96eb-b60e5231b67f for client client-sRJvzagVFa
12:29:55.432 [main] DEBUG c.nova.link.auth.PermissionManager - Granted channel admin: 738356e7-42ff-4e44-96eb-b60e5231b67f for channel channel-j
12:29:55.432 [main] INFO  c.nova.link.auth.PermissionManager - Registered super admin: 738356e7-42ff-4e44-96eb-b60e5231b67f
12:29:55.432 [main] INFO  c.nova.link.auth.PermissionManager - Super admin session created for UUID 738356e7-42ff-4e44-96eb-b60e5231b67f, expires at 1765085395432
12:29:55.432 [main] DEBUG c.nova.link.auth.PermissionManager - Registered client admin: 06d5d4cc-f49d-4f6d-a787-dc6b71bae594 for client client-A
12:29:55.432 [main] DEBUG c.nova.link.auth.PermissionManager - Granted channel admin: 06d5d4cc-f49d-4f6d-a787-dc6b71bae594 for channel channel-Z
12:29:55.432 [main] INFO  c.nova.link.auth.PermissionManager - Registered super admin: 06d5d4cc-f49d-4f6d-a787-dc6b71bae594
12:29:55.432 [main] INFO  c.nova.link.auth.PermissionManager - Super admin session created for UUID 06d5d4cc-f49d-4f6d-a787-dc6b71bae594, expires at 1765085395432
12:29:55.432 [main] DEBUG c.nova.link.auth.PermissionManager - Registered client admin: 4c8338a0-a67c-4a8c-9125-eb32c6781486 for client client-tSR
12:29:55.432 [main] DEBUG c.nova.link.auth.PermissionManager - Granted channel admin: 4c8338a0-a67c-4a8c-9125-eb32c6781486 for channel channel-SPO
12:29:55.432 [main] INFO  c.nova.link.auth.PermissionManager - Registered super admin: 4c8338a0-a67c-4a8c-9125-eb32c6781486
12:29:55.432 [main] INFO  c.nova.link.auth.PermissionManager - Super admin session created for UUID 4c8338a0-a67c-4a8c-9125-eb32c6781486, expires at 1765085395432
12:29:55.432 [main] DEBUG c.nova.link.auth.PermissionManager - Registered client admin: 1637e49c-7282-460c-a012-dc0cd379274f for client client-ZtLOeHTw
12:29:55.432 [main] DEBUG c.nova.link.auth.PermissionManager - Granted channel admin: 1637e49c-7282-460c-a012-dc0cd379274f for channel channel-aFClyzrNdmx
12:29:55.432 [main] INFO  c.nova.link.auth.PermissionManager - Registered super admin: 1637e49c-7282-460c-a012-dc0cd379274f
12:29:55.432 [main] INFO  c.nova.link.auth.PermissionManager - Super admin session created for UUID 1637e49c-7282-460c-a012-dc0cd379274f, expires at 1765085395432
12:29:55.433 [main] DEBUG c.nova.link.auth.PermissionManager - Registered client admin: cea2abcc-8e6c-43a8-bbbc-f98917b87f3b for client client-yqOtkOVHOKl
12:29:55.433 [main] DEBUG c.nova.link.auth.PermissionManager - Granted channel admin: cea2abcc-8e6c-43a8-bbbc-f98917b87f3b for channel channel-A
12:29:55.433 [main] INFO  c.nova.link.auth.PermissionManager - Registered super admin: cea2abcc-8e6c-43a8-bbbc-f98917b87f3b
12:29:55.433 [main] INFO  c.nova.link.auth.PermissionManager - Super admin session created for UUID cea2abcc-8e6c-43a8-bbbc-f98917b87f3b, expires at 1765085395433
12:29:55.433 [main] DEBUG c.nova.link.auth.PermissionManager - Registered client admin: c98ac67d-4aca-4ac3-b8e3-6b2cc7c67b5c for client client-bEtpUVLLmrzakru
12:29:55.433 [main] DEBUG c.nova.link.auth.PermissionManager - Granted channel admin: c98ac67d-4aca-4ac3-b8e3-6b2cc7c67b5c for channel channel-ppiYIMKglik
12:29:55.433 [main] INFO  c.nova.link.auth.PermissionManager - Registered super admin: c98ac67d-4aca-4ac3-b8e3-6b2cc7c67b5c
12:29:55.433 [main] INFO  c.nova.link.auth.PermissionManager - Super admin session created for UUID c98ac67d-4aca-4ac3-b8e3-6b2cc7c67b5c, expires at 1765085395433
12:29:55.434 [main] DEBUG c.nova.link.auth.PermissionManager - Registered client admin: 758c6dcf-82ec-4f5e-9328-9bb00f3f0394 for client client-yneIDksBEAQ
12:29:55.434 [main] DEBUG c.nova.link.auth.PermissionManager - Granted channel admin: 758c6dcf-82ec-4f5e-9328-9bb00f3f0394 for channel channel-lWBE
12:29:55.434 [main] INFO  c.nova.link.auth.PermissionManager - Registered super admin: 758c6dcf-82ec-4f5e-9328-9bb00f3f0394
12:29:55.434 [main] INFO  c.nova.link.auth.PermissionManager - Super admin session created for UUID 758c6dcf-82ec-4f5e-9328-9bb00f3f0394, expires at 1765085395434
12:29:55.434 [main] DEBUG c.nova.link.auth.PermissionManager - Registered client admin: 168d7fe7-ad6e-42b8-9d97-3c5b2fef8fe8 for client client-RjNyd
12:29:55.434 [main] DEBUG c.nova.link.auth.PermissionManager - Granted channel admin: 168d7fe7-ad6e-42b8-9d97-3c5b2fef8fe8 for channel channel-fGe
12:29:55.434 [main] INFO  c.nova.link.auth.PermissionManager - Registered super admin: 168d7fe7-ad6e-42b8-9d97-3c5b2fef8fe8
12:29:55.434 [main] INFO  c.nova.link.auth.PermissionManager - Super admin session created for UUID 168d7fe7-ad6e-42b8-9d97-3c5b2fef8fe8, expires at 1765085395434
12:29:55.434 [main] DEBUG c.nova.link.auth.PermissionManager - Registered client admin: 2545dca8-9bbc-4f6c-8d59-5e9ed8fef59d for client client-A
12:29:55.434 [main] DEBUG c.nova.link.auth.PermissionManager - Granted channel admin: 2545dca8-9bbc-4f6c-8d59-5e9ed8fef59d for channel channel-a
12:29:55.434 [main] INFO  c.nova.link.auth.PermissionManager - Registered super admin: 2545dca8-9bbc-4f6c-8d59-5e9ed8fef59d
12:29:55.434 [main] INFO  c.nova.link.auth.PermissionManager - Super admin session created for UUID 2545dca8-9bbc-4f6c-8d59-5e9ed8fef59d, expires at 1765085395434
12:29:55.434 [main] DEBUG c.nova.link.auth.PermissionManager - Registered client admin: fca545ce-2917-427a-9a3c-38efa6c331c0 for client client-sEbylO
12:29:55.434 [main] DEBUG c.nova.link.auth.PermissionManager - Granted channel admin: fca545ce-2917-427a-9a3c-38efa6c331c0 for channel channel-kmOwXt
12:29:55.434 [main] INFO  c.nova.link.auth.PermissionManager - Registered super admin: fca545ce-2917-427a-9a3c-38efa6c331c0
12:29:55.434 [main] INFO  c.nova.link.auth.PermissionManager - Super admin session created for UUID fca545ce-2917-427a-9a3c-38efa6c331c0, expires at 1765085395434
12:29:55.434 [main] DEBUG c.nova.link.auth.PermissionManager - Registered client admin: 76da20c0-386a-49ff-b6ba-6c2672ef369f for client client-lx
12:29:55.434 [main] DEBUG c.nova.link.auth.PermissionManager - Granted channel admin: 76da20c0-386a-49ff-b6ba-6c2672ef369f for channel channel-kDUHgVHx
12:29:55.434 [main] INFO  c.nova.link.auth.PermissionManager - Registered super admin: 76da20c0-386a-49ff-b6ba-6c2672ef369f
12:29:55.434 [main] INFO  c.nova.link.auth.PermissionManager - Super admin session created for UUID 76da20c0-386a-49ff-b6ba-6c2672ef369f, expires at 1765085395434
12:29:55.434 [main] DEBUG c.nova.link.auth.PermissionManager - Registered client admin: bbbaf0ab-caad-434d-8b4e-fd8281333f59 for client client-A
12:29:55.434 [main] DEBUG c.nova.link.auth.PermissionManager - Granted channel admin: bbbaf0ab-caad-434d-8b4e-fd8281333f59 for channel channel-a
12:29:55.434 [main] INFO  c.nova.link.auth.PermissionManager - Registered super admin: bbbaf0ab-caad-434d-8b4e-fd8281333f59
12:29:55.434 [main] INFO  c.nova.link.auth.PermissionManager - Super admin session created for UUID bbbaf0ab-caad-434d-8b4e-fd8281333f59, expires at 1765085395434
12:29:55.434 [main] DEBUG c.nova.link.auth.PermissionManager - Registered client admin: c5b5fef5-122d-415f-a900-635d242e65af for client client-A
12:29:55.434 [main] DEBUG c.nova.link.auth.PermissionManager - Granted channel admin: c5b5fef5-122d-415f-a900-635d242e65af for channel channel-z
12:29:55.434 [main] INFO  c.nova.link.auth.PermissionManager - Registered super admin: c5b5fef5-122d-415f-a900-635d242e65af
12:29:55.434 [main] INFO  c.nova.link.auth.PermissionManager - Super admin session created for UUID c5b5fef5-122d-415f-a900-635d242e65af, expires at 1765085395434
12:29:55.435 [main] DEBUG c.nova.link.auth.PermissionManager - Registered client admin: aa8df9f2-bf13-4aca-a100-d5d13c02ee2b for client client-JgCkqtME
12:29:55.435 [main] DEBUG c.nova.link.auth.PermissionManager - Granted channel admin: aa8df9f2-bf13-4aca-a100-d5d13c02ee2b for channel channel-abnLqTbB
12:29:55.435 [main] INFO  c.nova.link.auth.PermissionManager - Registered super admin: aa8df9f2-bf13-4aca-a100-d5d13c02ee2b
12:29:55.435 [main] INFO  c.nova.link.auth.PermissionManager - Super admin session created for UUID aa8df9f2-bf13-4aca-a100-d5d13c02ee2b, expires at 1765085395435
12:29:55.436 [main] DEBUG c.nova.link.auth.PermissionManager - Registered client admin: dee43615-b642-45fc-b0c9-33c360dec8d4 for client client-A
12:29:55.436 [main] DEBUG c.nova.link.auth.PermissionManager - Granted channel admin: dee43615-b642-45fc-b0c9-33c360dec8d4 for channel channel-z
12:29:55.436 [main] INFO  c.nova.link.auth.PermissionManager - Registered super admin: dee43615-b642-45fc-b0c9-33c360dec8d4
12:29:55.436 [main] INFO  c.nova.link.auth.PermissionManager - Super admin session created for UUID dee43615-b642-45fc-b0c9-33c360dec8d4, expires at 1765085395436
12:29:55.436 [main] DEBUG c.nova.link.auth.PermissionManager - Registered client admin: ace18d58-0b73-479c-97b6-fc3173fda681 for client client-cLz
12:29:55.436 [main] DEBUG c.nova.link.auth.PermissionManager - Granted channel admin: ace18d58-0b73-479c-97b6-fc3173fda681 for channel channel-JrEKWDUgnFj
12:29:55.436 [main] INFO  c.nova.link.auth.PermissionManager - Registered super admin: ace18d58-0b73-479c-97b6-fc3173fda681
12:29:55.436 [main] INFO  c.nova.link.auth.PermissionManager - Super admin session created for UUID ace18d58-0b73-479c-97b6-fc3173fda681, expires at 1765085395436
12:29:55.436 [main] DEBUG c.nova.link.auth.PermissionManager - Registered client admin: 6ec274ec-e3f9-4375-b5a6-e6d21a250150 for client client-UF
12:29:55.436 [main] DEBUG c.nova.link.auth.PermissionManager - Granted channel admin: 6ec274ec-e3f9-4375-b5a6-e6d21a250150 for channel channel-gUP
12:29:55.436 [main] INFO  c.nova.link.auth.PermissionManager - Registered super admin: 6ec274ec-e3f9-4375-b5a6-e6d21a250150
12:29:55.436 [main] INFO  c.nova.link.auth.PermissionManager - Super admin session created for UUID 6ec274ec-e3f9-4375-b5a6-e6d21a250150, expires at 1765085395436
12:29:55.436 [main] DEBUG c.nova.link.auth.PermissionManager - Registered client admin: 26193d77-cb1e-4a65-b9cf-1665bbef53cb for client client-HNshyZBX
12:29:55.436 [main] DEBUG c.nova.link.auth.PermissionManager - Granted channel admin: 26193d77-cb1e-4a65-b9cf-1665bbef53cb for channel channel-z
12:29:55.436 [main] INFO  c.nova.link.auth.PermissionManager - Registered super admin: 26193d77-cb1e-4a65-b9cf-1665bbef53cb
12:29:55.436 [main] INFO  c.nova.link.auth.PermissionManager - Super admin session created for UUID 26193d77-cb1e-4a65-b9cf-1665bbef53cb, expires at 1765085395436
12:29:55.437 [main] DEBUG c.nova.link.auth.PermissionManager - Registered client admin: d331a043-7a83-4385-ada1-79f1c1711e28 for client client-NhyttV
12:29:55.437 [main] DEBUG c.nova.link.auth.PermissionManager - Granted channel admin: d331a043-7a83-4385-ada1-79f1c1711e28 for channel channel-VW
12:29:55.437 [main] INFO  c.nova.link.auth.PermissionManager - Registered super admin: d331a043-7a83-4385-ada1-79f1c1711e28
12:29:55.437 [main] INFO  c.nova.link.auth.PermissionManager - Super admin session created for UUID d331a043-7a83-4385-ada1-79f1c1711e28, expires at 1765085395437
12:29:55.437 [main] DEBUG c.nova.link.auth.PermissionManager - Registered client admin: dc176f7f-f79e-4e82-9b9b-fcd1ee3d8867 for client client-dkLxA
12:29:55.437 [main] DEBUG c.nova.link.auth.PermissionManager - Granted channel admin: dc176f7f-f79e-4e82-9b9b-fcd1ee3d8867 for channel channel-nbWJn
12:29:55.437 [main] INFO  c.nova.link.auth.PermissionManager - Registered super admin: dc176f7f-f79e-4e82-9b9b-fcd1ee3d8867
12:29:55.437 [main] INFO  c.nova.link.auth.PermissionManager - Super admin session created for UUID dc176f7f-f79e-4e82-9b9b-fcd1ee3d8867, expires at 1765085395437
12:29:55.437 [main] DEBUG c.nova.link.auth.PermissionManager - Registered client admin: 2e4ee84a-d59d-4fcb-8222-f159d7a830fe for client client-Z
12:29:55.437 [main] DEBUG c.nova.link.auth.PermissionManager - Granted channel admin: 2e4ee84a-d59d-4fcb-8222-f159d7a830fe for channel channel-A
12:29:55.437 [main] INFO  c.nova.link.auth.PermissionManager - Registered super admin: 2e4ee84a-d59d-4fcb-8222-f159d7a830fe
12:29:55.437 [main] INFO  c.nova.link.auth.PermissionManager - Super admin session created for UUID 2e4ee84a-d59d-4fcb-8222-f159d7a830fe, expires at 1765085395437
12:29:55.437 [main] DEBUG c.nova.link.auth.PermissionManager - Registered client admin: b757951b-a06a-4ef4-929a-ab9f2c9d6726 for client client-asTcpLnElVq
12:29:55.437 [main] DEBUG c.nova.link.auth.PermissionManager - Granted channel admin: b757951b-a06a-4ef4-929a-ab9f2c9d6726 for channel channel-IwBtxdOnOGlhd
12:29:55.437 [main] INFO  c.nova.link.auth.PermissionManager - Registered super admin: b757951b-a06a-4ef4-929a-ab9f2c9d6726
12:29:55.437 [main] INFO  c.nova.link.auth.PermissionManager - Super admin session created for UUID b757951b-a06a-4ef4-929a-ab9f2c9d6726, expires at 1765085395437
12:29:55.437 [main] DEBUG c.nova.link.auth.PermissionManager - Registered client admin: 35459991-bc72-43e4-b3e4-056f59da1113 for client client-xSRLyUf
12:29:55.437 [main] DEBUG c.nova.link.auth.PermissionManager - Granted channel admin: 35459991-bc72-43e4-b3e4-056f59da1113 for channel channel-a
12:29:55.437 [main] INFO  c.nova.link.auth.PermissionManager - Registered super admin: 35459991-bc72-43e4-b3e4-056f59da1113
12:29:55.437 [main] INFO  c.nova.link.auth.PermissionManager - Super admin session created for UUID 35459991-bc72-43e4-b3e4-056f59da1113, expires at 1765085395437
12:29:55.437 [main] DEBUG c.nova.link.auth.PermissionManager - Registered client admin: 54ccffa5-9f71-451a-807b-ec84dcb43848 for client client-NshZkiL
12:29:55.437 [main] DEBUG c.nova.link.auth.PermissionManager - Granted channel admin: 54ccffa5-9f71-451a-807b-ec84dcb43848 for channel channel-GMBnSDGl
12:29:55.437 [main] INFO  c.nova.link.auth.PermissionManager - Registered super admin: 54ccffa5-9f71-451a-807b-ec84dcb43848
12:29:55.437 [main] INFO  c.nova.link.auth.PermissionManager - Super admin session created for UUID 54ccffa5-9f71-451a-807b-ec84dcb43848, expires at 1765085395437
12:29:55.437 [main] DEBUG c.nova.link.auth.PermissionManager - Registered client admin: b02d16d9-25e2-4494-8885-f212da7fd015 for client client-g
12:29:55.438 [main] DEBUG c.nova.link.auth.PermissionManager - Granted channel admin: b02d16d9-25e2-4494-8885-f212da7fd015 for channel channel-bBIO
12:29:55.438 [main] INFO  c.nova.link.auth.PermissionManager - Registered super admin: b02d16d9-25e2-4494-8885-f212da7fd015
12:29:55.438 [main] INFO  c.nova.link.auth.PermissionManager - Super admin session created for UUID b02d16d9-25e2-4494-8885-f212da7fd015, expires at 1765085395438
12:29:55.438 [main] DEBUG c.nova.link.auth.PermissionManager - Registered client admin: d141f8ef-5c19-4f87-9dee-fe15b97c3014 for client client-jHDty
12:29:55.438 [main] DEBUG c.nova.link.auth.PermissionManager - Granted channel admin: d141f8ef-5c19-4f87-9dee-fe15b97c3014 for channel channel-oOLqGDMCySiV
12:29:55.438 [main] INFO  c.nova.link.auth.PermissionManager - Registered super admin: d141f8ef-5c19-4f87-9dee-fe15b97c3014
12:29:55.438 [main] INFO  c.nova.link.auth.PermissionManager - Super admin session created for UUID d141f8ef-5c19-4f87-9dee-fe15b97c3014, expires at 1765085395438
12:29:55.438 [main] DEBUG c.nova.link.auth.PermissionManager - Registered client admin: 3338ac36-3c11-4ff8-9996-c97fb4004196 for client client-Z
12:29:55.438 [main] DEBUG c.nova.link.auth.PermissionManager - Granted channel admin: 3338ac36-3c11-4ff8-9996-c97fb4004196 for channel channel-A
12:29:55.438 [main] INFO  c.nova.link.auth.PermissionManager - Registered super admin: 3338ac36-3c11-4ff8-9996-c97fb4004196
12:29:55.438 [main] INFO  c.nova.link.auth.PermissionManager - Super admin session created for UUID 3338ac36-3c11-4ff8-9996-c97fb4004196, expires at 1765085395438
[...]
12:29:55.532 [main] DEBUG c.nova.link.auth.PermissionManager - Permission denied for player e0f0878f-466f-4173-9261-e2a7178ea2e1: Insufficient permissions. Required: SUPER_ADMIN, Current: PLAYER
12:29:55.532 [main] DEBUG c.nova.link.auth.PermissionManager - Granted channel admin: 0d5cbad5-6128-4382-bc10-b1a96c32d066 for channel channel-F
12:29:55.532 [main] DEBUG c.nova.link.auth.PermissionManager - Permission denied for player 0d5cbad5-6128-4382-bc10-b1a96c32d066: Insufficient permissions. Required: CLIENT_ADMIN, Current: CHANNEL_ADMIN
12:29:55.533 [main] DEBUG c.nova.link.auth.PermissionManager - Permission denied for player ba09e4cc-f4de-4b4a-9440-96a6b454b799: Insufficient permissions. Required: SUPER_ADMIN, Current: PLAYER
12:29:55.536 [main] DEBUG c.nova.link.auth.PermissionManager - Permission denied for player 2ac51eee-172c-4a47-91b6-050f2d328f33: Insufficient permissions. Required: CHANNEL_ADMIN, Current: PLAYER
12:29:55.538 [main] DEBUG c.nova.link.auth.PermissionManager - Granted channel admin: 0dcab284-332e-4a1c-9282-d41a31a1c6c3 for channel channel-XEStUZeTRZ
12:29:55.538 [main] DEBUG c.nova.link.auth.PermissionManager - Permission denied for player 0dcab284-332e-4a1c-9282-d41a31a1c6c3: Insufficient permissions. Required: CLIENT_ADMIN, Current: CHANNEL_ADMIN
12:29:55.540 [main] DEBUG c.nova.link.auth.PermissionManager - Permission denied for player aa0adb8e-6abd-4000-8b4a-035fdab5a340: Insufficient permissions. Required: CHANNEL_ADMIN, Current: PLAYER
12:29:55.541 [main] DEBUG c.nova.link.auth.PermissionManager - Granted channel admin: cfe92c4a-3105-45da-8464-0061aad126de for channel channel-ozhovnDXRDLHXrZUQ
12:29:55.541 [main] DEBUG c.nova.link.auth.PermissionManager - Permission denied for player cfe92c4a-3105-45da-8464-0061aad126de: Insufficient permissions. Required: CLIENT_ADMIN, Current: CHANNEL_ADMIN
12:29:55.545 [main] DEBUG c.nova.link.auth.PermissionManager - Granted channel admin: 84195164-753a-45e7-9824-6c8978f215ed for channel channel-lfuxf
12:29:55.545 [main] DEBUG c.nova.link.auth.PermissionManager - Permission denied for player 84195164-753a-45e7-9824-6c8978f215ed: Insufficient permissions. Required: CLIENT_ADMIN, Current: CHANNEL_ADMIN
12:29:55.545 [main] DEBUG c.nova.link.auth.PermissionManager - Permission denied for player bdef0301-22f3-4f3a-bac7-2fd6966c138f: Insufficient permissions. Required: SUPER_ADMIN, Current: PLAYER
12:29:55.545 [main] DEBUG c.nova.link.auth.PermissionManager - Granted channel admin: 4e8271e8-12fd-447d-b148-3d21f6383706 for channel channel-upAGnhl
12:29:55.545 [main] DEBUG c.nova.link.auth.PermissionManager - Permission denied for player 4e8271e8-12fd-447d-b148-3d21f6383706: Insufficient permissions. Required: SUPER_ADMIN, Current: CHANNEL_ADMIN
12:29:55.546 [main] DEBUG c.nova.link.auth.PermissionManager - Permission denied for player c85520b5-7cc6-4b14-8d86-a26b65eb8be3: Insufficient permissions. Required: CLIENT_ADMIN, Current: PLAYER
12:29:55.546 [main] DEBUG c.nova.link.auth.PermissionManager - Granted channel admin: 0890b4da-c2a9-4cce-8fab-a0f37012a499 for channel channel-Kpwg
12:29:55.546 [main] DEBUG c.nova.link.auth.PermissionManager - Permission denied for player 0890b4da-c2a9-4cce-8fab-a0f37012a499: Insufficient permissions. Required: SUPER_ADMIN, Current: CHANNEL_ADMIN
12:29:55.546 [main] DEBUG c.nova.link.auth.PermissionManager - Permission denied for player 976371d1-fcc8-4588-a4cb-d7e5d5fdce72: Insufficient permissions. Required: CHANNEL_ADMIN, Current: PLAYER
12:29:55.546 [main] DEBUG c.nova.link.auth.PermissionManager - Permission denied for player a18e4c5f-4c52-4557-ac19-e5361fc25898: Insufficient permissions. Required: CLIENT_ADMIN, Current: PLAYER
12:29:55.547 [main] DEBUG c.nova.link.auth.PermissionManager - Granted channel admin: 0441d3f6-5505-4d7f-a50a-135b1745c970 for channel channel-CRuCSxcRZuxvpQKKox
12:29:55.547 [main] DEBUG c.nova.link.auth.PermissionManager - Permission denied for player 0441d3f6-5505-4d7f-a50a-135b1745c970: Insufficient permissions. Required: SUPER_ADMIN, Current: CHANNEL_ADMIN
12:29:55.548 [main] DEBUG c.nova.link.auth.PermissionManager - Permission denied for player cc23a730-cdc7-4355-8581-2b61a88eba3b: Insufficient permissions. Required: CHANNEL_ADMIN, Current: PLAYER
12:29:55.549 [main] DEBUG c.nova.link.auth.PermissionManager - Permission denied for player b8a89e4d-20e0-4f02-8d4c-960957b9b11d: Insufficient permissions. Required: SUPER_ADMIN, Current: PLAYER
]]></system-out>
  </testcase>
  <testcase name="clientAdminRegistrationGrantsClientAdminLevel" classname="com.nova.link.auth.PermissionManagerPropertyTest" time="0.019">
    <system-out><![CDATA[12:29:55.555 [main] DEBUG c.nova.link.auth.PermissionManager - Registered client admin: 5cc12fe2-0703-42cc-89ac-be9cafeff97d for client client-DrmvqoBAwE
12:29:55.555 [main] DEBUG c.nova.link.auth.PermissionManager - Registered client admin: 034c86b8-9d91-4dda-9f00-d520e303e6b2 for client client-A
12:29:55.555 [main] DEBUG c.nova.link.auth.PermissionManager - Registered client admin: e074fcb7-44d3-4098-93b4-8bf728a6ff46 for client client-A
12:29:55.555 [main] DEBUG c.nova.link.auth.PermissionManager - Registered client admin: 234f5d55-cd40-4d55-a3d5-44fe7f77fc9c for client client-A
12:29:55.555 [main] DEBUG c.nova.link.auth.PermissionManager - Registered client admin: 40001947-7d38-481d-aef9-50d54f3f2e01 for client client-TTdufXfw
12:29:55.556 [main] DEBUG c.nova.link.auth.PermissionManager - Registered client admin: 4c568cc6-3475-42ee-888b-1c686c3d1e38 for client client-TkGvgaDVxrpvLjYhQv
12:29:55.556 [main] DEBUG c.nova.link.auth.PermissionManager - Registered client admin: 67bb7561-8eb9-497e-a4c3-460ef18a6e67 for client client-YTcKQfdpaq
12:29:55.556 [main] DEBUG c.nova.link.auth.PermissionManager - Registered client admin: 70aab1c2-5d4f-4075-bef1-e824aa8615cb for client client-Oup
12:29:55.556 [main] DEBUG c.nova.link.auth.PermissionManager - Registered client admin: 517506cf-1c26-4371-94d1-a87cfdad0a46 for client client-e
12:29:55.556 [main] DEBUG c.nova.link.auth.PermissionManager - Registered client admin: b362bae5-95f4-49dc-a326-65e5e3639f5c for client client-dew
12:29:55.556 [main] DEBUG c.nova.link.auth.PermissionManager - Registered client admin: f8c22777-b470-4e88-8862-abbd8e08047e for client client-nCiEA
12:29:55.556 [main] DEBUG c.nova.link.auth.PermissionManager - Registered client admin: 220c9be7-4ee7-47c0-8403-d48fda1113a7 for client client-Z
12:29:55.556 [main] DEBUG c.nova.link.auth.PermissionManager - Registered client admin: 070fa7b0-6b16-4271-8f61-aa410362ec7e for client client-iGzENSzYCxY
12:29:55.556 [main] DEBUG c.nova.link.auth.PermissionManager - Registered client admin: ddc652a0-e64b-465c-b197-e99e18b06a4a for client client-WxNjLzRWvfxoiB
12:29:55.556 [main] DEBUG c.nova.link.auth.PermissionManager - Registered client admin: 85235f97-c9ba-4c01-a222-fa9b848f22ff for client client-X
12:29:55.556 [main] DEBUG c.nova.link.auth.PermissionManager - Registered client admin: 933db7d2-da62-4f05-86e6-dd4ab1f55da6 for client client-jVgCUnC
12:29:55.556 [main] DEBUG c.nova.link.auth.PermissionManager - Registered client admin: a2e4ebdb-43c4-4189-893b-14772b812e11 for client client-BfbolFiqrM
12:29:55.557 [main] DEBUG c.nova.link.auth.PermissionManager - Registered client admin: 950b2e5e-ea4f-4318-bb4a-a812696a7fad for client client-uyYPF
12:29:55.557 [main] DEBUG c.nova.link.auth.PermissionManager - Registered client admin: c8d0c510-be46-4b84-b0d5-53e06f6f1e8a for client client-FQprEZdtweN
12:29:55.557 [main] DEBUG c.nova.link.auth.PermissionManager - Registered client admin: 573ac79e-0b36-4301-846b-0ff1e2672844 for client client-MbDvwbzc
12:29:55.557 [main] DEBUG c.nova.link.auth.PermissionManager - Registered client admin: f07a4338-3e9a-4d7a-bf7d-6306e8738dce for client client-Pupk
12:29:55.557 [main] DEBUG c.nova.link.auth.PermissionManager - Registered client admin: dcf1cd47-0d28-4e17-ac3e-971e8c783d89 for client client-oTN
12:29:55.557 [main] DEBUG c.nova.link.auth.PermissionManager - Registered client admin: 21080839-4bfb-460e-880e-8cb6ad18b51d for client client-UVjVmXaiFSA
12:29:55.557 [main] DEBUG c.nova.link.auth.PermissionManager - Registered client admin: ae312603-58bc-4f58-a540-cd7ff2104414 for client client-lgn
12:29:55.557 [main] DEBUG c.nova.link.auth.PermissionManager - Registered client admin: 41e84b07-11ed-499d-a428-44bce3290dcb for client client-WC
12:29:55.557 [main] DEBUG c.nova.link.auth.PermissionManager - Registered client admin: 58946942-0bbf-49ac-bc6b-31840ee3c6b8 for client client-A
12:29:55.557 [main] DEBUG c.nova.link.auth.PermissionManager - Registered client admin: 05b030fb-bec1-4faf-a1b3-7e4003bdaf08 for client client-PrhhqeiJW
12:29:55.557 [main] DEBUG c.nova.link.auth.PermissionManager - Registered client admin: 53d83dd4-892f-46fd-ab8c-248d9cb86503 for client client-Z
12:29:55.557 [main] DEBUG c.nova.link.auth.PermissionManager - Registered client admin: 8a698016-e769-4112-8959-0eb28a6bdd9e for client client-rIwgM
12:29:55.557 [main] DEBUG c.nova.link.auth.PermissionManager - Registered client admin: b9c85242-530d-41dd-8939-b59ce5dbe663 for client client-Z
12:29:55.558 [main] DEBUG c.nova.link.auth.PermissionManager - Registered client admin: 51c346a4-e471-4411-b24a-6054ecfea1c1 for client client-hfAI
12:29:55.558 [main] DEBUG c.nova.link.auth.PermissionManager - Registered client admin: 96e676cd-3372-4328-ac75-779e6e6e4639 for client client-glqP
12:29:55.558 [main] DEBUG c.nova.link.auth.PermissionManager - Registered client admin: 34da392d-0804-489b-8513-0887cb280f6f for client client-TB
12:29:55.558 [main] DEBUG c.nova.link.auth.PermissionManager - Registered client admin: 0b9f4b0e-c891-4ff9-a2ad-daa297d31def for client client-A
12:29:55.558 [main] DEBUG c.nova.link.auth.PermissionManager - Registered client admin: 5e3c7b9f-f0b7-4580-acbf-ab235ee6fa1e for client client-PSAAnCIPkKBykQcNJOfs
12:29:55.558 [main] DEBUG c.nova.link.auth.PermissionManager - Registered client admin: 3c4976eb-591e-4688-b596-9d39465f6449 for client client-Z
12:29:55.558 [main] DEBUG c.nova.link.auth.PermissionManager - Registered client admin: 99e002db-90d2-4d21-963a-3025b81a72cc for client client-qrOhMj
12:29:55.558 [main] DEBUG c.nova.link.auth.PermissionManager - Registered client admin: 9a672431-e711-4dcc-a498-99cdabf4c1f1 for client client-Z
12:29:55.558 [main] DEBUG c.nova.link.auth.PermissionManager - Registered client admin: bb8bdf16-bd23-4af9-be36-eddd7a165f6a for client client-a
12:29:55.558 [main] DEBUG c.nova.link.auth.PermissionManager - Registered client admin: 7ff8fd43-14c7-4ec6-a5f2-2ccc3ef41f02 for client client-a
12:29:55.558 [main] DEBUG c.nova.link.auth.PermissionManager - Registered client admin: 3d2d33ed-39ff-4baf-a9d0-7965736a1d95 for client client-z
12:29:55.558 [main] DEBUG c.nova.link.auth.PermissionManager - Registered client admin: 1411c87d-f68d-4d66-920d-9e84973a1139 for client client-fAcELzEI
12:29:55.558 [main] DEBUG c.nova.link.auth.PermissionManager - Registered client admin: c35418c1-94f4-4fcf-aef2-c69bd46f5e44 for client client-O
12:29:55.559 [main] DEBUG c.nova.link.auth.PermissionManager - Registered client admin: 9de33d40-3e02-4775-b58a-5814c4c516a4 for client client-aBW
12:29:55.559 [main] DEBUG c.nova.link.auth.PermissionManager - Registered client admin: ae5aa609-a137-4333-908f-473db03a5b79 for client client-SHaYhIcoB
12:29:55.559 [main] DEBUG c.nova.link.auth.PermissionManager - Registered client admin: 185ef1fd-efc2-4ca3-bbc8-f76f49120ff5 for client client-Kb
12:29:55.559 [main] DEBUG c.nova.link.auth.PermissionManager - Registered client admin: d9fd7266-f274-42da-8b72-a3c9aa196b33 for client client-ISXWkqRUMjajoOMHB
12:29:55.559 [main] DEBUG c.nova.link.auth.PermissionManager - Registered client admin: 9baa1327-91ca-46bc-afba-3a87e11d2bf7 for client client-A
12:29:55.559 [main] DEBUG c.nova.link.auth.PermissionManager - Registered client admin: eb4e3b0f-ccd4-4770-9bb8-dcfce9c52f22 for client client-a
12:29:55.559 [main] DEBUG c.nova.link.auth.PermissionManager - Registered client admin: b62b4dc5-c53f-47a6-a107-34158ccff405 for client client-OSsDw
12:29:55.559 [main] DEBUG c.nova.link.auth.PermissionManager - Registered client admin: 63ff694a-0450-4b7f-b344-1e2eac6ad344 for client client-a
12:29:55.559 [main] DEBUG c.nova.link.auth.PermissionManager - Registered client admin: 66bc50bf-6f3a-4dce-ac24-c9f2373da880 for client client-EYd
12:29:55.559 [main] DEBUG c.nova.link.auth.PermissionManager - Registered client admin: fb16b439-6bf6-4e8d-b56f-0c8f39688807 for client client-R
12:29:55.559 [main] DEBUG c.nova.link.auth.PermissionManager - Registered client admin: 57dde0b4-0235-4cac-bfa7-6d4942f30fe2 for client client-XiBHWvXq
12:29:55.559 [main] DEBUG c.nova.link.auth.PermissionManager - Registered client admin: ae454063-7eda-4429-8a39-fea3423b7d83 for client client-WSUtfsUisg
12:29:55.560 [main] DEBUG c.nova.link.auth.PermissionManager - Registered client admin: 0d7461b6-1446-4fdc-838a-12c3b5602e38 for client client-z
12:29:55.560 [main] DEBUG c.nova.link.auth.PermissionManager - Registered client admin: 3dba5ece-6629-4333-988c-90f77f8bea5d for client client-z
12:29:55.560 [main] DEBUG c.nova.link.auth.PermissionManager - Registered client admin: ef2be0db-1d63-48bd-9d0d-c32986fb2fe3 for client client-csZfl
12:29:55.560 [main] DEBUG c.nova.link.auth.PermissionManager - Registered client admin: 1ced0b40-edd4-4863-b391-c1a43e743ed2 for client client-iEAnyWjHOI
12:29:55.560 [main] DEBUG c.nova.link.auth.PermissionManager - Registered client admin: e2357fa7-e7ea-4475-9888-8b37e490e8df for client client-mGUlRYgeE
12:29:55.560 [main] DEBUG c.nova.link.auth.PermissionManager - Registered client admin: f324e484-1aa6-42b2-b155-9f7c37d25df8 for client client-z
12:29:55.560 [main] DEBUG c.nova.link.auth.PermissionManager - Registered client admin: 1fc0970b-9cf1-47ff-8c31-033a9669e953 for client client-VWtrlelkZuNXGVMWYV
12:29:55.560 [main] DEBUG c.nova.link.auth.PermissionManager - Registered client admin: c659e612-6db5-413a-a63b-d14d2c1e943c for client client-z
12:29:55.561 [main] DEBUG c.nova.link.auth.PermissionManager - Registered client admin: 842a4147-7e70-473e-8b3f-87dbbc10f4ac for client client-z
12:29:55.561 [main] DEBUG c.nova.link.auth.PermissionManager - Registered client admin: f9e11359-07c5-4015-8e81-bab3297846bd for client client-mSKAbeSG
12:29:55.561 [main] DEBUG c.nova.link.auth.PermissionManager - Registered client admin: ff68c768-9d5e-48c5-965c-5ce746ff287a for client client-ucuNu
12:29:55.561 [main] DEBUG c.nova.link.auth.PermissionManager - Registered client admin: 7fe23441-572e-4135-9d1a-d014f349c977 for client client-vitCdUNq
12:29:55.561 [main] DEBUG c.nova.link.auth.PermissionManager - Registered client admin: 8793a4d8-5f12-43f6-baef-e5ef0f23c495 for client client-tQsgQhliKEm
12:29:55.561 [main] DEBUG c.nova.link.auth.PermissionManager - Registered client admin: 06fef9ce-7c14-434a-9f6d-4755c46bff07 for client client-VuzT
12:29:55.561 [main] DEBUG c.nova.link.auth.PermissionManager - Registered client admin: 42b898fe-1584-4397-995a-586758b0d143 for client client-gRVsRrkIPEOHPqFTvdV
12:29:55.561 [main] DEBUG c.nova.link.auth.PermissionManager - Registered client admin: 57737e5f-07e4-4025-8c27-883a0e1b65e2 for client client-Mg
12:29:55.561 [main] DEBUG c.nova.link.auth.PermissionManager - Registered client admin: 65256485-baf1-402b-917a-48dbd54e3b03 for client client-cPDl
12:29:55.561 [main] DEBUG c.nova.link.auth.PermissionManager - Registered client admin: 60258c56-d70d-41a7-8e74-39228cb3137d for client client-tUShhveaPoYuCZJ
12:29:55.561 [main] DEBUG c.nova.link.auth.PermissionManager - Registered client admin: ddde55bb-ddc0-47c3-9d11-c64e0012a0cc for client client-SiNEuQ
12:29:55.561 [main] DEBUG c.nova.link.auth.PermissionManager - Registered client admin: f97acf2c-7b18-4e62-9f97-921579b0472c for client client-BkfjWWErxvK
12:29:55.561 [main] DEBUG c.nova.link.auth.PermissionManager - Registered client admin: d4965711-e44e-4d10-b0ed-d934c9a029bd for client client-Zm
12:29:55.561 [main] DEBUG c.nova.link.auth.PermissionManager - Registered client admin: 44216bd8-4289-44fe-afc9-7342767cf409 for client client-SbwB
12:29:55.561 [main] DEBUG c.nova.link.auth.PermissionManager - Registered client admin: 9e707850-d1b3-4aaf-9aea-2ddee62d5d08 for client client-yyPDagghfKQ
12:29:55.561 [main] DEBUG c.nova.link.auth.PermissionManager - Registered client admin: 80988120-56f3-458b-af3d-9918bde9f81b for client client-f
12:29:55.562 [main] DEBUG c.nova.link.auth.PermissionManager - Registered client admin: 49ffc9ab-56a7-46cb-8fc1-5c177d5ef25e for client client-FNVIab
12:29:55.562 [main] DEBUG c.nova.link.auth.PermissionManager - Registered client admin: 7d9b2e43-06b3-47fe-8910-e3491136d863 for client client-buy
12:29:55.562 [main] DEBUG c.nova.link.auth.PermissionManager - Registered client admin: 7e5bfad6-0562-4897-866d-b7e47cbc4ad9 for client client-CToyJkasXZHtPgQErmJ
12:29:55.562 [main] DEBUG c.nova.link.auth.PermissionManager - Registered client admin: f0d9b4d2-b7fa-4a25-989b-2da636b6461b for client client-fFqoYbsAd
12:29:55.562 [main] DEBUG c.nova.link.auth.PermissionManager - Registered client admin: a8602cb1-9b3b-45d0-a045-046865e32c1b for client client-kgWWUQcPvaZhTCrhHRuF
12:29:55.563 [main] DEBUG c.nova.link.auth.PermissionManager - Registered client admin: 08e6bbda-ba61-4627-9fe3-dad898d88492 for client client-bZWNzJ
12:29:55.563 [main] DEBUG c.nova.link.auth.PermissionManager - Registered client admin: b9a47255-29e2-4cac-a9f9-5b202148012b for client client-FnTEzlvV
12:29:55.563 [main] DEBUG c.nova.link.auth.PermissionManager - Registered client admin: 2d2e523e-bd0b-46db-b667-ab76c1d4e2ee for client client-ZPEQYNt
12:29:55.563 [main] DEBUG c.nova.link.auth.PermissionManager - Registered client admin: ee4956ec-f042-4f43-b4d0-c19b0df67beb for client client-QTMx
12:29:55.566 [main] DEBUG c.nova.link.auth.PermissionManager - Registered client admin: ee1619b4-b2c5-4dc9-a4cf-116721b64986 for client client-tNbDkv
12:29:55.566 [main] DEBUG c.nova.link.auth.PermissionManager - Registered client admin: 20a2f72a-f4a1-4e39-8641-8ef7e4902c52 for client client-kDiX
12:29:55.566 [main] DEBUG c.nova.link.auth.PermissionManager - Registered client admin: 083a8746-e5cc-4fc4-8c7b-7590fc4dcd4f for client client-DmUyxy
12:29:55.566 [main] DEBUG c.nova.link.auth.PermissionManager - Registered client admin: f80a8690-6961-46a2-b857-2f472d25676c for client client-A
12:29:55.567 [main] DEBUG c.nova.link.auth.PermissionManager - Registered client admin: f07e70b6-8e6d-4661-8465-10ae20edc82b for client client-Z
12:29:55.567 [main] DEBUG c.nova.link.auth.PermissionManager - Registered client admin: 05b3dbbe-9a53-439e-befa-4fd4670daaa7 for client client-odrSGZ
12:29:55.567 [main] DEBUG c.nova.link.auth.PermissionManager - Registered client admin: 68c6308e-3d69-4afe-ab47-6a6560e9a36b for client client-v
12:29:55.568 [main] DEBUG c.nova.link.auth.PermissionManager - Registered client admin: b96aaf06-8c6a-4a62-80f7-0d2181f75ad8 for client client-IHmovjRThzwTyDlSY
12:29:55.568 [main] DEBUG c.nova.link.auth.PermissionManager - Registered client admin: e9f16d76-2653-4d4c-866a-9af6506cea08 for client client-pWjbygDxParSVnrzVtIe
12:29:55.569 [main] DEBUG c.nova.link.auth.PermissionManager - Registered client admin: 838c3a87-3e15-4bde-8fdf-a6030dc4ff27 for client client-YWatQ
12:29:55.569 [main] DEBUG c.nova.link.auth.PermissionManager - Registered client admin: e174d0db-a552-473e-a2d6-1dd987b84a82 for client client-HTisDOSo
12:29:55.569 [main] DEBUG c.nova.link.auth.PermissionManager - Registered client admin: 23fcc3b9-eae2-4e9d-b7f8-01d9c867f249 for client client-xluXxSRmNfKXUZNlRUQL
]]></system-out>
  </testcase>
  <testcase name="hasAtLeastIsTransitive" classname="com.nova.link.auth.PermissionManagerPropertyTest" time="0.016"/>
</testsuite>