<?xml version="1.0" encoding="UTF-8"?>
<testsuite xmlns:xsi="http://www.w3.org/2001/XMLSchema-instance" xsi:noNamespaceSchemaLocation="https://maven.apache.org/surefire/maven-surefire-plugin/xsd/surefire-test-report-3.0.xsd" version="3.0" name="com.nova.link.mute.MuteDurationEnforcementPropertyTest" time="0.126" tests="9" errors="0" skipped="0" failures="0">
  <properties>
[...]
</properties>
  <testcase name="mutedPlayerCannotSendMessagesBeforeExpiration" classname="com.nova.link.mute.MuteDurationEnforcementPropertyTest" time="0.025">
    <system-out><![CDATA[12:30:06.900 [main] INFO  c.nova.link.database.MemoryProvider - MemoryProvider initialized - data will not persist across restarts
12:30:06.901 [main] INFO  c.nova.link.channel.ChannelManager - Created channel: test-channel (scope=SERVER, client=test-client)
12:30:06.901 [main] INFO  c.nova.link.auth.PermissionManager - Registered super admin: f1f2d703-36fe-4d47-ade0-17cd73aa20c1
12:30:06.901 [main] INFO  c.nova.link.auth.PermissionManager - Super admin session created for UUID f1f2d703-36fe-4d47-ade0-17cd73aa20c1, expires at 1765085406901
12:30:06.904 [main] DEBUG c.nova.link.database.MemoryProvider - Saved mute for player 5b3f8d1d-9294-4f93-acbb-2e1409c3cf77 in channel test-channel
12:30:06.904 [main] INFO  com.nova.link.mute.MuteManager - Player 5b3f8d1d-9294-4f93-acbb-2e1409c3cf77 muted in channel test-channel by f1f2d703-36fe-4d47-ade0-17cd73aa20c1 for 10667 ms. Reason: Test mute
12:30:06.904 [main] INFO  c.nova.link.database.MemoryProvider - MemoryProvider initialized - data will not persist across restarts
12:30:06.904 [main] INFO  c.nova.link.channel.ChannelManager - Created channel: test-channel (scope=SERVER, client=test-client)
12:30:06.904 [main] INFO  c.nova.link.auth.PermissionManager - Registered super admin: 9a4aba83-6fb1-46b8-afcf-b76453e4355c
12:30:06.904 [main] INFO  c.nova.link.auth.PermissionManager - Super admin session created for UUID 9a4aba83-6fb1-46b8-afcf-b76453e4355c, expires at 1765085406904
12:30:06.904 [main] DEBUG c.nova.link.database.MemoryProvider - Saved mute for player 8ec8735f-8d47-4328-9342-5bc8a9ba0d6b in channel test-channel
12:30:06.904 [main] INFO  com.nova.link.mute.MuteManager - Player 8ec8735f-8d47-4328-9342-5bc8a9ba0d6b muted in channel test-channel by 9a4aba83-6fb1-46b8-afcf-b76453e4355c for 1411 ms. Reason: Test mute
12:30:06.905 [main] INFO  c.nova.link.database.MemoryProvider - MemoryProvider initialized - data will not persist across restarts
12:30:06.905 [main] INFO  c.nova.link.channel.ChannelManager - Created channel: test-channel (scope=SERVER, client=test-client)
12:30:06.905 [main] INFO  c.nova.link.auth.PermissionManager - Registered super admin: c830c1fe-a97b-4304-8a2e-a60c8bba109e
12:30:06.905 [main] INFO  c.nova.link.auth.PermissionManager - Super admin session created for UUID c830c1fe-a97b-4304-8a2e-a60c8bba109e, expires at 1765085406905
12:30:06.905 [main] DEBUG c.nova.link.database.MemoryProvider - Saved mute for player e4a40dd0-828d-48ba-b539-90dd37259d31 in channel test-channel
12:30:06.905 [main] INFO  com.nova.link.mute.MuteManager - Player e4a40dd0-828d-48ba-b539-90dd37259d31 muted in channel test-channel by c830c1fe-a97b-4304-8a2e-a60c8bba109e for 1235 ms. Reason: Test mute
12:30:06.905 [main] INFO  c.nova.link.database.MemoryProvider - MemoryProvider initialized - data will not persist across restarts
12:30:06.905 [main] INFO  c.nova.link.channel.ChannelManager - Created channel: test-channel (scope=SERVER, client=test-client)
12:30:06.905 [main] INFO  c.nova.link.auth.PermissionManager - Registered super admin: ca0e38a1-12d4-44cb-b260-68096fd0a96a
12:30:06.905 [main] INFO  c.nova.link.auth.PermissionManager - Super admin session created for UUID ca0e38a1-12d4-44cb-b260-68096fd0a96a, expires at 1765085406905
12:30:06.905 [main] DEBUG c.nova.link.database.MemoryProvider - Saved mute for player c6514785-194e-4dd4-9c3e-b49521a41ffa in channel test-channel
12:30:06.905 [main] INFO  com.nova.link.mute.MuteManager - Player c6514785-194e-4dd4-9c3e-b49521a41ffa muted in channel test-channel by ca0e38a1-12d4-44cb-b260-68096fd0a96a for 5641 ms. Reason: Test mute
12:30:06.905 [main] INFO  c.nova.link.database.MemoryProvider - MemoryProvider initialized - data will not persist across restarts
12:30:06.905 [main] INFO  c.nova.link.channel.ChannelManager - Created channel: test-channel (scope=SERVER, client=test-client)
12:30:06.905 [main] INFO  c.nova.link.auth.PermissionManager - Registered super admin: fb07b1e4-6f6f-4568-a9f6-beaf09bacccf
12:30:06.905 [main] INFO  c.nova.link.auth.PermissionManager - Super admin session created for UUID fb07b1e4-6f6f-4568-a9f6-beaf09bacccf, expires at 1765085406905
12:30:06.905 [main] DEBUG c.nova.link.database.MemoryProvider - Saved mute for player 47c117f4-2af2-4bd8-a974-aef55baeb63c in channel test-channel
12:30:06.905 [main] INFO  com.nova.link.mute.MuteManager - Player 47c117f4-2af2-4bd8-a974-aef55baeb63c muted in channel test-channel by fb07b1e4-6f6f-4568-a9f6-beaf09bacccf for 1013 ms. Reason: Test mute
12:30:06.905 [main] INFO  c.nova.link.database.MemoryProvider - MemoryProvider initialized - data will not persist across restarts
12:30:06.905 [main] INFO  c.nova.link.channel.ChannelManager - Created channel: test-channel (scope=SERVER, client=test-client)
12:30:06.905 [main] INFO  c.nova.link.auth.PermissionManager - Registered super admin: e45dd5ea-f248-4d5b-8d6c-700801daee9b
12:30:06.905 [main] INFO  c.nova.link.auth.PermissionManager - Super admin session created for UUID e45dd5ea-f248-4d5b-8d6c-700801daee9b, expires at 1765085406905
12:30:06.905 [main] DEBUG c.nova.link.database.MemoryProvider - Saved mute for player 783fe0b8-ae43-4ca4-9328-08f9385382a1 in channel test-channel
12:30:06.905 [main] INFO  com.nova.link.mute.MuteManager - Player 783fe0b8-ae43-4ca4-9328-08f9385382a1 muted in channel test-channel by e45dd5ea-f248-4d5b-8d6c-700801daee9b for 3104 ms. Reason: Test mute
12:30:06.905 [main] INFO  c.nova.link.database.MemoryProvider - MemoryProvider initialized - data will not persist across restarts
12:30:06.905 [main] INFO  c.nova.link.channel.ChannelManager - Created channel: test-channel (scope=SERVER, client=test-client)
12:30:06.905 [main] INFO  c.nova.link.auth.PermissionManager - Registered super admin: 834c0b8b-5f9e-42d1-9e4e-7fb451f5d4da
12:30:06.905 [main] INFO  c.nova.link.auth.PermissionManager - Super admin session created for UUID 834c0b8b-5f9e-42d1-9e4e-7fb451f5d4da, expires at 1765085406905
12:30:06.905 [main] DEBUG c.nova.link.database.MemoryProvider - Saved mute for player f329960e-3906-4b16-af37-8de987a117e7 in channel test-channel
12:30:06.905 [main] INFO  com.nova.link.mute.MuteManager - Player f329960e-3906-4b16-af37-8de987a117e7 muted in channel test-channel by 834c0b8b-5f9e-42d1-9e4e-7fb451f5d4da for 1027 ms. Reason: Test mute
12:30:06.905 [main] INFO  c.nova.link.database.MemoryProvider - MemoryProvider initialized - data will not persist across restarts
12:30:06.905 [main] INFO  c.nova.link.channel.ChannelManager - Created channel: test-channel (scope=SERVER, client=test-client)
12:30:06.906 [main] INFO  c.nova.link.auth.PermissionManager - Registered super admin: 2f4d9088-e78f-4635-ab5b-a63bed3baf67
12:30:06.906 [main] INFO  c.nova.link.auth.PermissionManager - Super admin session created for UUID 2f4d9088-e78f-4635-ab5b-a63bed3baf67, expires at 1765085406906
12:30:06.906 [main] DEBUG c.nova.link.database.MemoryProvider - Saved mute for player dd74ae67-7840-497d-bc1a-2c63ff06edd3 in channel test-channel
12:30:06.906 [main] INFO  com.nova.link.mute.MuteManager - Player dd74ae67-7840-497d-bc1a-2c63ff06edd3 muted in channel test-channel by 2f4d9088-e78f-4635-ab5b-a63bed3baf67 for 53472 ms. Reason: Test mute
12:30:06.906 [main] INFO  c.nova.link.database.MemoryProvider - MemoryProvider initialized - data will not persist across restarts
12:30:06.906 [main] INFO  c.nova.link.channel.ChannelManager - Created channel: test-channel (scope=SERVER, client=test-client)
12:30:06.906 [main] INFO  c.nova.link.auth.PermissionManager - Registered super admin: e2261be7-7dce-4bd3-8319-f3b1c0f34801
12:30:06.906 [main] INFO  c.nova.link.auth.PermissionManager - Super admin session created for UUID e2261be7-7dce-4bd3-8319-f3b1c0f34801, expires at 1765085406906
12:30:06.906 [main] DEBUG c.nova.link.database.MemoryProvider - Saved mute for player 8ed0d7b2-d20f-4ce4-bbbb-4bbf4c7969b8 in channel test-channel
12:30:06.906 [main] INFO  com.nova.link.mute.MuteManager - Player 8ed0d7b2-d20f-4ce4-bbbb-4bbf4c7969b8 muted in channel test-channel by e2261be7-7dce-4bd3-8319-f3b1c0f34801 for 1292 ms. Reason: Test mute
12:30:06.906 [main] INFO  c.nova.link.database.MemoryProvider - MemoryProvider initialized - data will not persist across restarts
12:30:06.906 [main] INFO  c.nova.link.channel.ChannelManager - Created channel: test-channel (scope=SERVER, client=test-client)
12:30:06.906 [main] INFO  c.nova.link.auth.PermissionManager - Registered super admin: 5c748538-c3a1-4f21-93bf-4afed34e978c
12:30:06.906 [main] INFO  c.nova.link.auth.PermissionManager - Super admin session created for UUID 5c748538-c3a1-4f21-93bf-4afed34e978c, expires at 1765085406906
12:30:06.906 [main] DEBUG c.nova.link.database.MemoryProvider - Saved mute for player 21531494-5c8f-4823-890b-7fd5172bc4b5 in channel test-channel
12:30:06.906 [main] INFO  com.nova.link.mute.MuteManager - Player 21531494-5c8f-4823-890b-7fd5172bc4b5 muted in channel test-channel by 5c748538-c3a1-4f21-93bf-4afed34e978c for 572650 ms. Reason: Test mute
12:30:06.906 [main] INFO  c.nova.link.database.MemoryProvider - MemoryProvider initialized - data will not persist across restarts
12:30:06.906 [main] INFO  c.nova.link.channel.ChannelManager - Created channel: test-channel (scope=SERVER, client=test-client)
12:30:06.906 [main] INFO  c.nova.link.auth.PermissionManager - Registered super admin: d94d3f05-7f62-4b3b-9bec-d40bb2b2d845
12:30:06.906 [main] INFO  c.nova.link.auth.PermissionManager - Super admin session created for UUID d94d3f05-7f62-4b3b-9bec-d40bb2b2d845, expires at 1765085406906
12:30:06.906 [main] DEBUG c.nova.link.database.MemoryProvider - Saved mute for player 7b3446e0-8db8-4cfd-b50c-1e0d1f99b3d9 in channel test-channel
12:30:06.906 [main] INFO  com.nova.link.mute.MuteManager - Player 7b3446e0-8db8-4cfd-b50c-1e0d1f99b3d9 muted in channel test-channel by d94d3f05-7f62-4b3b-9bec-d40bb2b2d845 for 1011 ms. Reason: Test mute
12:30:06.906 [main] INFO  c.nova.link.database.MemoryProvider - MemoryProvider initialized - data will not persist across restarts
12:30:06.906 [main] INFO  c.nova.link.channel.ChannelManager - Created channel: test-channel (scope=SERVER, client=test-client)
12:30:06.906 [main] INFO  c.nova.link.auth.PermissionManager - Registered super admin: 729d5b0d-2a84-490c-bbd2-748a472fb6ac
12:30:06.906 [main] INFO  c.nova.link.auth.PermissionManager - Super admin session created for UUID 729d5b0d-2a84-490c-bbd2-748a472fb6ac, expires at 1765085406906
12:30:06.906 [main] DEBUG c.nova.link.database.MemoryProvider - Saved mute for player 6a283fc1-2bde-401e-b882-e0658f50f36b in channel test-channel
12:30:06.906 [main] INFO  com.nova.link.mute.MuteManager - Player 6a283fc1-2bde-401e-b882-e0658f50f36b muted in channel test-channel by 729d5b0d-2a84-490c-bbd2-748a472fb6ac for 3659 ms. Reason: Test mute
12:30:06.906 [main] INFO  c.nova.link.database.MemoryProvider - MemoryProvider initialized - data will not persist across restarts
12:30:06.906 [main] INFO  c.nova.link.channel.ChannelManager - Created channel: test-channel (scope=SERVER, client=test-client)
12:30:06.906 [main] INFO  c.nova.link.auth.PermissionManager - Registered super admin: c244b8bb-cd75-4c14-9043-ef3b3c2044d4
12:30:06.906 [main] INFO  c.nova.link.auth.PermissionManager - Super admin session created for UUID c244b8bb-cd75-4c14-9043-ef3b3c2044d4, expires at 1765085406906
12:30:06.906 [main] DEBUG c.nova.link.database.MemoryProvider - Saved mute for player 660c1e5b-1b0b-491a-ba67-ebb80716dfb3 in channel test-channel
12:30:06.906 [main] INFO  com.nova.link.mute.MuteManager - Player 660c1e5b-1b0b-491a-ba67-ebb80716dfb3 muted in channel test-channel by c244b8bb-cd75-4c14-9043-ef3b3c2044d4 for 1959880 ms. Reason: Test mute
12:30:06.906 [main] INFO  c.nova.link.database.MemoryProvider - MemoryProvider initialized - data will not persist across restarts
12:30:06.906 [main] INFO  c.nova.link.channel.ChannelManager - Created channel: test-channel (scope=SERVER, client=test-client)
12:30:06.906 [main] INFO  c.nova.link.auth.PermissionManager - Registered super admin: c08d03c1-61d8-450f-b361-c22acb53f323
12:30:06.906 [main] INFO  c.nova.link.auth.PermissionManager - Super admin session created for UUID c08d03c1-61d8-450f-b361-c22acb53f323, expires at 1765085406906
12:30:06.906 [main] DEBUG c.nova.link.database.MemoryProvider - Saved mute for player 748360b6-d6e5-44d0-9453-2b73992858b2 in channel test-channel
12:30:06.906 [main] INFO  com.nova.link.mute.MuteManager - Player 748360b6-d6e5-44d0-9453-2b73992858b2 muted in channel test-channel by c08d03c1-61d8-450f-b361-c22acb53f323 for 1007 ms. Reason: Test mute
12:30:06.906 [main] INFO  c.nova.link.database.MemoryProvider - MemoryProvider initialized - data will not persist across restarts
12:30:06.907 [main] INFO  c.nova.link.channel.ChannelManager - Created channel: test-channel (scope=SERVER, client=test-client)
12:30:06.907 [main] INFO  c.nova.link.auth.PermissionManager - Registered super admin: 11e1e943-4153-44fd-99f4-7de426bc2285
12:30:06.907 [main] INFO  c.nova.link.auth.PermissionManager - Super admin session created for UUID 11e1e943-4153-44fd-99f4-7de426bc2285, expires at 1765085406907
12:30:06.907 [main] DEBUG c.nova.link.database.MemoryProvider - Saved mute for player e0ba44e7-4a89-44b1-98b6-7b205a7efb77 in channel test-channel
12:30:06.907 [main] INFO  com.nova.link.mute.MuteManager - Player e0ba44e7-4a89-44b1-98b6-7b205a7efb77 muted in channel test-channel by 11e1e943-4153-44fd-99f4-7de426bc2285 for 1097 ms. Reason: Test mute
12:30:06.907 [main] INFO  c.nova.link.database.MemoryProvider - MemoryProvider initialized - data will not persist across restarts
12:30:06.907 [main] INFO  c.nova.link.channel.ChannelManager - Created channel: test-channel (scope=SERVER, client=test-client)
12:30:06.907 [main] INFO  c.nova.link.auth.PermissionManager - Registered super admin: 17a053e4-b42a-4394-b5cf-3ceda809788d
12:30:06.907 [main] INFO  c.nova.link.auth.PermissionManager - Super admin session created for UUID 17a053e4-b42a-4394-b5cf-3ceda809788d, expires at 1765085406907
12:30:06.907 [main] DEBUG c.nova.link.database.MemoryProvider - Saved mute for player 76cc0dab-c902-41a3-acef-22dd48a77b5c in channel test-channel
12:30:06.907 [main] INFO  com.nova.link.mute.MuteManager - Player 76cc0dab-c902-41a3-acef-22dd48a77b5c muted in channel test-channel by 17a053e4-b42a-4394-b5cf-3ceda809788d for 4106 ms. Reason: Test mute
12:30:06.907 [main] INFO  c.nova.link.database.MemoryProvider - MemoryProvider initialized - data will not persist across restarts
12:30:06.907 [main] INFO  c.nova.link.channel.ChannelManager - Created channel: test-channel (scope=SERVER, client=test-client)
12:30:06.907 [main] INFO  c.nova.link.auth.PermissionManager - Registered super admin: 9d5d2b9e-24d4-4353-88f7-0856754da736
12:30:06.907 [main] INFO  c.nova.link.auth.PermissionManager - Super admin session created for UUID 9d5d2b9e-24d4-4353-88f7-0856754da736, expires at 1765085406907
12:30:06.907 [main] DEBUG c.nova.link.database.MemoryProvider - Saved mute for player 9071a400-0ea4-4b6f-abaf-5cce66771977 in channel test-channel
12:30:06.907 [main] INFO  com.nova.link.mute.MuteManager - Player 9071a400-0ea4-4b6f-abaf-5cce66771977 muted in channel test-channel by 9d5d2b9e-24d4-4353-88f7-0856754da736 for 12088 ms. Reason: Test mute
12:30:06.907 [main] INFO  c.nova.link.database.MemoryProvider - MemoryProvider initialized - data will not persist across restarts
12:30:06.907 [main] INFO  c.nova.link.channel.ChannelManager - Created channel: test-channel (scope=SERVER, client=test-client)
12:30:06.907 [main] INFO  c.nova.link.auth.PermissionManager - Registered super admin: 2cd8379a-2f1f-4ca1-83fc-ccc18add49dd
12:30:06.907 [main] INFO  c.nova.link.auth.PermissionManager - Super admin session created for UUID 2cd8379a-2f1f-4ca1-83fc-ccc18add49dd, expires at 1765085406907
12:30:06.907 [main] DEBUG c.nova.link.database.MemoryProvider - Saved mute for player a26a8ef2-d545-45ca-8b28-7f2c78ce3947 in channel test-channel
12:30:06.907 [main] INFO  com.nova.link.mute.MuteManager - Player a26a8ef2-d545-45ca-8b28-7f2c78ce3947 muted in channel test-channel by 2cd8379a-2f1f-4ca1-83fc-ccc18add49dd for 1093 ms. Reason: Test mute
12:30:06.907 [main] INFO  c.nova.link.database.MemoryProvider - MemoryProvider initialized - data will not persist across restarts
12:30:06.907 [main] INFO  c.nova.link.channel.ChannelManager - Created channel: test-channel (scope=SERVER, client=test-client)
12:30:06.907 [main] INFO  c.nova.link.auth.PermissionManager - Registered super admin: 8c2a33e9-6463-4a26-ac03-64d8ca3f4f2f
12:30:06.907 [main] INFO  c.nova.link.auth.PermissionManager - Super admin session created for UUID 8c2a33e9-6463-4a26-ac03-64d8ca3f4f2f, expires at 1765085406907
12:30:06.907 [main] DEBUG c.nova.link.database.MemoryProvider - Saved mute for player 599f06af-df48-464a-85fd-4b34312fa051 in channel test-channel
12:30:06.907 [main] INFO  com.nova.link.mute.MuteManager - Player 599f06af-df48-464a-85fd-4b34312fa051 muted in channel test-channel by 8c2a33e9-6463-4a26-ac03-64d8ca3f4f2f for 11101 ms. Reason: Test mute
12:30:06.907 [main] INFO  c.nova.link.database.MemoryProvider - MemoryProvider initialized - data will not persist across restarts
12:30:06.907 [main] INFO  c.nova.link.channel.ChannelManager - Created channel: test-channel (scope=SERVER, client=test-client)
12:30:06.907 [main] INFO  c.nova.link.auth.PermissionManager - Registered super admin: a3bb837b-9c20-48f8-ae86-070411a31358
12:30:06.907 [main] INFO  c.nova.link.auth.PermissionManager - Super admin session created for UUID a3bb837b-9c20-48f8-ae86-070411a31358, expires at 1765085406907
12:30:06.907 [main] DEBUG c.nova.link.database.MemoryProvider - Saved mute for player 557f3128-fabd-4280-8729-d1a304f5446a in channel test-channel
12:30:06.907 [main] INFO  com.nova.link.mute.MuteManager - Player 557f3128-fabd-4280-8729-d1a304f5446a muted in channel test-channel by a3bb837b-9c20-48f8-ae86-070411a31358 for 1020 ms. Reason: Test mute
12:30:06.907 [main] INFO  c.nova.link.database.MemoryProvider - MemoryProvider initialized - data will not persist across restarts
12:30:06.907 [main] INFO  c.nova.link.channel.ChannelManager - Created channel: test-channel (scope=SERVER, client=test-client)
12:30:06.907 [main] INFO  c.nova.link.auth.PermissionManager - Registered super admin: d3bea251-a68a-4e36-b653-7bdd692fca9c
12:30:06.907 [main] INFO  c.nova.link.auth.PermissionManager - Super admin session created for UUID d3bea251-a68a-4e36-b653-7bdd692fca9c, expires at 1765085406907
12:30:06.907 [main] DEBUG c.nova.link.database.MemoryProvider - Saved mute for player e865e48a-26c7-4e0f-a19d-ff0d4687f124 in channel test-channel
12:30:06.907 [main] INFO  com.nova.link.mute.MuteManager - Player e865e48a-26c7-4e0f-a19d-ff0d4687f124 muted in channel test-channel by d3bea251-a68a-4e36-b653-7bdd692fca9c for 1000 ms. Reason: Test mute
12:30:06.907 [main] INFO  c.nova.link.database.MemoryProvider - MemoryProvider initialized - data will not persist across restarts
12:30:06.907 [main] INFO  c.nova.link.channel.ChannelManager - Created channel: test-channel (scope=SERVER, client=test-client)
12:30:06.907 [main] INFO  c.nova.link.auth.PermissionManager - Registered super admin: 1e0526e0-ce59-4854-a71a-fe2faeb938cb
12:30:06.907 [main] INFO  c.nova.link.auth.PermissionManager - Super admin session created for UUID 1e0526e0-ce59-4854-a71a-fe2faeb938cb, expires at 1765085406907
12:30:06.907 [main] DEBUG c.nova.link.database.MemoryProvider - Saved mute for player 481fafe9-3778-4bb6-beea-2887d14a0cd5 in channel test-channel
12:30:06.907 [main] INFO  com.nova.link.mute.MuteManager - Player 481fafe9-3778-4bb6-beea-2887d14a0cd5 muted in channel test-channel by 1e0526e0-ce59-4854-a71a-fe2faeb938cb for 1209 ms. Reason: Test mute
12:30:06.907 [main] INFO  c.nova.link.database.MemoryProvider - MemoryProvider initialized - data will not persist across restarts
12:30:06.907 [main] INFO  c.nova.link.channel.ChannelManager - Created channel: test-channel (scope=SERVER, client=test-client)
12:30:06.907 [main] INFO  c.nova.link.auth.PermissionManager - Registered super admin: 5a5e1902-c6d9-4519-8117-87dab5d79488
12:30:06.907 [main] INFO  c.nova.link.auth.PermissionManager - Super admin session created for UUID 5a5e1902-c6d9-4519-8117-87dab5d79488, expires at 1765085406907
12:30:06.907 [main] DEBUG c.nova.link.database.MemoryProvider - Saved mute for player a94f4042-2fdf-455b-ac20-1a8ef597d88b in channel test-channel
12:30:06.907 [main] INFO  com.nova.link.mute.MuteManager - Player a94f4042-2fdf-455b-ac20-1a8ef597d88b muted in channel test-channel by 5a5e1902-c6d9-4519-8117-87dab5d79488 for 1029 ms. Reason: Test mute
12:30:06.907 [main] INFO  c.nova.link.database.MemoryProvider - MemoryProvider initialized - data will not persist across restarts
12:30:06.907 [main] INFO  c.nova.link.channel.ChannelManager - Created channel: test-channel (scope=SERVER, client=test-client)
12:30:06.907 [main] INFO  c.nova.link.auth.PermissionManager - Registered super admin: d3e546e2-33a6-4ca5-afb5-d398198cc1a7
12:30:06.907 [main] INFO  c.nova.link.auth.PermissionManager - Super admin session created for UUID d3e546e2-33a6-4ca5-afb5-d398198cc1a7, expires at 1765085406907
12:30:06.907 [main] DEBUG c.nova.link.database.MemoryProvider - Saved mute for player 35450119-fbc9-42d2-87c8-155e3ced3b90 in channel test-channel
12:30:06.907 [main] INFO  com.nova.link.mute.MuteManager - Player 35450119-fbc9-42d2-87c8-155e3ced3b90 muted in channel test-channel by d3e546e2-33a6-4ca5-afb5-d398198cc1a7 for 3338 ms. Reason: Test mute
12:30:06.907 [main] INFO  c.nova.link.database.MemoryProvider - MemoryProvider initialized - data will not persist across restarts
12:30:06.907 [main] INFO  c.nova.link.channel.ChannelManager - Created channel: test-channel (scope=SERVER, client=test-client)
12:30:06.907 [main] INFO  c.nova.link.auth.PermissionManager - Registered super admin: 53b2612c-46e1-4260-a3f5-7e9879ee8f8b
12:30:06.907 [main] INFO  c.nova.link.auth.PermissionManager - Super admin session created for UUID 53b2612c-46e1-4260-a3f5-7e9879ee8f8b, expires at 1765085406907
12:30:06.907 [main] DEBUG c.nova.link.database.MemoryProvider - Saved mute for player 20af6392-9982-44a7-9efb-559dd3757f01 in channel test-channel
12:30:06.907 [main] INFO  com.nova.link.mute.MuteManager - Player 20af6392-9982-44a7-9efb-559dd3757f01 muted in channel test-channel by 53b2612c-46e1-4260-a3f5-7e9879ee8f8b for 1001 ms. Reason: Test mute
12:30:06.908 [main] INFO  c.nova.link.database.MemoryProvider - MemoryProvider initialized - data will not persist across restarts
12:30:06.908 [main] INFO  c.nova.link.channel.ChannelManager - Created channel: test-channel (scope=SERVER, client=test-client)
12:30:06.908 [main] INFO  c.nova.link.auth.PermissionManager - Registered super admin: c2b8aeb2-11c1-480a-935a-67f8ccde5c69
12:30:06.908 [main] INFO  c.nova.link.auth.PermissionManager - Super admin session created for UUID c2b8aeb2-11c1-480a-935a-67f8ccde5c69, expires at 1765085406908
12:30:06.908 [main] DEBUG c.nova.link.database.MemoryProvider - Saved mute for player ef6b3329-2e08-4416-8f8a-908cbaec90a9 in channel test-channel
12:30:06.908 [main] INFO  com.nova.link.mute.MuteManager - Player ef6b3329-2e08-4416-8f8a-908cbaec90a9 muted in channel test-channel by c2b8aeb2-11c1-480a-935a-67f8ccde5c69 for 3921 ms. Reason: Test mute
12:30:06.908 [main] INFO  c.nova.link.database.MemoryProvider - MemoryProvider initialized - data will not persist across restarts
12:30:06.908 [main] INFO  c.nova.link.channel.ChannelManager - Created channel: test-channel (scope=SERVER, client=test-client)
12:30:06.908 [main] INFO  c.nova.link.auth.PermissionManager - Registered super admin: fcff3241-a585-4edf-b566-61329f3d4058
12:30:06.908 [main] INFO  c.nova.link.auth.PermissionManager - Super admin session created for UUID fcff3241-a585-4edf-b566-61329f3d4058, expires at 1765085406908
12:30:06.908 [main] DEBUG c.nova.link.database.MemoryProvider - Saved mute for player bef4dad7-746c-400b-9e07-c79206f904f2 in channel test-channel
12:30:06.908 [main] INFO  com.nova.link.mute.MuteManager - Player bef4dad7-746c-400b-9e07-c79206f904f2 muted in channel test-channel by fcff3241-a585-4edf-b566-61329f3d4058 for 2589545 ms. Reason: Test mute
12:30:06.908 [main] INFO  c.nova.link.database.MemoryProvider - MemoryProvider initialized - data will not persist across restarts
12:30:06.908 [main] INFO  c.nova.link.channel.ChannelManager - Created channel: test-channel (scope=SERVER, client=test-client)
12:30:06.908 [main] INFO  c.nova.link.auth.PermissionManager - Registered super admin: b5b30d7a-d7fc-468e-bb86-9e13b78c8adb
12:30:06.908 [main] INFO  c.nova.link.auth.PermissionManager - Super admin session created for UUID b5b30d7a-d7fc-468e-bb86-9e13b78c8adb, expires at 1765085406908
12:30:06.908 [main] DEBUG c.nova.link.database.MemoryProvider - Saved mute for player 149d7e76-3e76-45d0-b5f5-709cae7ab6bd in channel test-channel
12:30:06.908 [main] INFO  com.nova.link.mute.MuteManager - Player 149d7e76-3e76-45d0-b5f5-709cae7ab6bd muted in channel test-channel by b5b30d7a-d7fc-468e-bb86-9e13b78c8adb for 1427 ms. Reason: Test mute
12:30:06.908 [main] INFO  c.nova.link.database.MemoryProvider - MemoryProvider initialized - data will not persist across restarts
12:30:06.908 [main] INFO  c.nova.link.channel.ChannelManager - Created channel: test-channel (scope=SERVER, client=test-client)
12:30:06.908 [main] INFO  c.nova.link.auth.PermissionManager - Registered super admin: b6fb3a76-9a22-4658-9c41-b5b7b53f9c1c
12:30:06.908 [main] INFO  c.nova.link.auth.PermissionManager - Super admin session created for UUID b6fb3a76-9a22-4658-9c41-b5b7b53f9c1c, expires at 1765085406908
12:30:06.908 [main] DEBUG c.nova.link.database.MemoryProvider - Saved mute for player e44ba02f-de9f-4699-8030-43bc5e9f98f2 in channel test-channel
12:30:06.908 [main] INFO  com.nova.link.mute.MuteManager - Player e44ba02f-de9f-4699-8030-43bc5e9f98f2 muted in channel test-channel by b6fb3a76-9a22-4658-9c41-b5b7b53f9c1c for 3600000 ms. Reason: Test mute
12:30:06.908 [main] INFO  c.nova.link.database.MemoryProvider - MemoryProvider initialized - data will not persist across restarts
12:30:06.908 [main] INFO  c.nova.link.channel.ChannelManager - Created channel: test-channel (scope=SERVER, client=test-client)
12:30:06.908 [main] INFO  c.nova.link.auth.PermissionManager - Registered super admin: 68b8c2c8-2a1b-4886-a97e-7153985b43e9
12:30:06.908 [main] INFO  c.nova.link.auth.PermissionManager - Super admin session created for UUID 68b8c2c8-2a1b-4886-a97e-7153985b43e9, expires at 1765085406908
12:30:06.908 [main] DEBUG c.nova.link.database.MemoryProvider - Saved mute for player a39b3012-6095-407a-b757-075e64899b6c in channel test-channel
12:30:06.908 [main] INFO  com.nova.link.mute.MuteManager - Player a39b3012-6095-407a-b757-075e64899b6c muted in channel test-channel by 68b8c2c8-2a1b-4886-a97e-7153985b43e9 for 3549 ms. Reason: Test mute
12:30:06.908 [main] INFO  c.nova.link.database.MemoryProvider - MemoryProvider initialized - data will not persist across restarts
12:30:06.908 [main] INFO  c.nova.link.channel.ChannelManager - Created channel: test-channel (scope=SERVER, client=test-client)
12:30:06.908 [main] INFO  c.nova.link.auth.PermissionManager - Registered super admin: 45289680-608f-4427-b886-8a7c9bf418e0
12:30:06.908 [main] INFO  c.nova.link.auth.PermissionManager - Super admin session created for UUID 45289680-608f-4427-b886-8a7c9bf418e0, expires at 1765085406908
12:30:06.908 [main] DEBUG c.nova.link.database.MemoryProvider - Saved mute for player 21da4b65-b01f-4a72-9897-4b8f7d72431b in channel test-channel
12:30:06.908 [main] INFO  com.nova.link.mute.MuteManager - Player 21da4b65-b01f-4a72-9897-4b8f7d72431b muted in channel test-channel by 45289680-608f-4427-b886-8a7c9bf418e0 for 15287 ms. Reason: Test mute
12:30:06.908 [main] INFO  c.nova.link.database.MemoryProvider - MemoryProvider initialized - data will not persist across restarts
12:30:06.908 [main] INFO  c.nova.link.channel.ChannelManager - Created channel: test-channel (scope=SERVER, client=test-client)
12:30:06.908 [main] INFO  c.nova.link.auth.PermissionManager - Registered super admin: 7429287e-4139-4562-8161-25f6265ee5fe
12:30:06.908 [main] INFO  c.nova.link.auth.PermissionManager - Super admin session created for UUID 7429287e-4139-4562-8161-25f6265ee5fe, expires at 1765085406908
12:30:06.908 [main] DEBUG c.nova.link.database.MemoryProvider - Saved mute for player 3c8eb973-2174-45e9-8883-22a8dc877f0b in channel test-channel
12:30:06.908 [main] INFO  com.nova.link.mute.MuteManager - Player 3c8eb973-2174-45e9-8883-22a8dc877f0b muted in channel test-channel by 7429287e-4139-4562-8161-25f6265ee5fe for 1303 ms. Reason: Test mute
12:30:06.908 [main] INFO  c.nova.link.database.MemoryProvider - MemoryProvider initialized - data will not persist across restarts
12:30:06.908 [main] INFO  c.nova.link.channel.ChannelManager - Created channel: test-channel (scope=SERVER, client=test-client)
12:30:06.908 [main] INFO  c.nova.link.auth.PermissionManager - Registered super admin: 7ca7fc5c-4688-4052-8cf0-c33a6026da17
12:30:06.908 [main] INFO  c.nova.link.auth.PermissionManager - Super admin session created for UUID 7ca7fc5c-4688-4052-8cf0-c33a6026da17, expires at 1765085406908
12:30:06.908 [main] DEBUG c.nova.link.database.MemoryProvider - Saved mute for player 6450ad6e-b4a3-4551-8905-d3aa8eaf52ee in channel test-channel
12:30:06.908 [main] INFO  com.nova.link.mute.MuteManager - Player 6450ad6e-b4a3-4551-8905-d3aa8eaf52ee muted in channel test-channel by 7ca7fc5c-4688-4052-8cf0-c33a6026da17 for 1121 ms. Reason: Test mute
12:30:06.908 [main] INFO  c.nova.link.database.MemoryProvider - MemoryProvider initialized - data will not persist across restarts
12:30:06.908 [main] INFO  c.nova.link.channel.ChannelManager - Created channel: test-channel (scope=SERVER, client=test-client)
12:30:06.908 [main] INFO  c.nova.link.auth.PermissionManager - Registered super admin: 0d4b53e8-eac9-4fc3-a3df-20ec1a9cafb5
12:30:06.908 [main] INFO  c.nova.link.auth.PermissionManager - Super admin session created for UUID 0d4b53e8-eac9-4fc3-a3df-20ec1a9cafb5, expires at 1765085406908
12:30:06.908 [main] DEBUG c.nova.link.database.MemoryProvider - Saved mute for player a723ac98-b639-4b7c-ba67-6f8c86f2e42d in channel test-channel
12:30:06.908 [main] INFO  com.nova.link.mute.MuteManager - Player a723ac98-b639-4b7c-ba67-6f8c86f2e42d muted in channel test-channel by 0d4b53e8-eac9-4fc3-a3df-20ec1a9cafb5 for 1003 ms. Reason: Test mute
12:30:06.908 [main] INFO  c.nova.link.database.MemoryProvider - MemoryProvider initialized - data will not persist across restarts
12:30:06.908 [main] INFO  c.nova.link.channel.ChannelManager - Created channel: test-channel (scope=SERVER, client=test-client)
12:30:06.908 [main] INFO  c.nova.link.auth.PermissionManager - Registered super admin: 1a42fd19-a341-4ec5-98c9-422916b656ca
12:30:06.908 [main] INFO  c.nova.link.auth.PermissionManager - Super admin session created for UUID 1a42fd19-a341-4ec5-98c9-422916b656ca, expires at 1765085406908
12:30:06.908 [main] DEBUG c.nova.link.database.MemoryProvider - Saved mute for player 73d3e696-11d6-4a06-ac0b-303f2904f86d in channel test-channel
12:30:06.908 [main] INFO  com.nova.link.mute.MuteManager - Player 73d3e696-11d6-4a06-ac0b-303f2904f86d muted in channel test-channel by 1a42fd19-a341-4ec5-98c9-422916b656ca for 66191 ms. Reason: Test mute
12:30:06.908 [main] INFO  c.nova.link.database.MemoryProvider - MemoryProvider initialized - data will not persist across restarts
12:30:06.908 [main] INFO  c.nova.link.channel.ChannelManager - Created channel: test-channel (scope=SERVER, client=test-client)
12:30:06.908 [main] INFO  c.nova.link.auth.PermissionManager - Registered super admin: 0f03a207-aee1-43b0-be00-591e8831138d
12:30:06.908 [main] INFO  c.nova.link.auth.PermissionManager - Super admin session created for UUID 0f03a207-aee1-43b0-be00-591e8831138d, expires at 1765085406908
12:30:06.908 [main] DEBUG c.nova.link.database.MemoryProvider - Saved mute for player 714599bb-9542-42ff-969c-c433f69487ae in channel test-channel
12:30:06.908 [main] INFO  com.nova.link.mute.MuteManager - Player 714599bb-9542-42ff-969c-c433f69487ae muted in channel test-channel by 0f03a207-aee1-43b0-be00-591e8831138d for 1706192 ms. Reason: Test mute
12:30:06.908 [main] INFO  c.nova.link.database.MemoryProvider - MemoryProvider initialized - data will not persist across restarts
12:30:06.909 [main] INFO  c.nova.link.channel.ChannelManager - Created channel: test-channel (scope=SERVER, client=test-client)
12:30:06.909 [main] INFO  c.nova.link.auth.PermissionManager - Registered super admin: 91db46e3-211f-446f-b197-bad3fe1d5ea7
12:30:06.909 [main] INFO  c.nova.link.auth.PermissionManager - Super admin session created for UUID 91db46e3-211f-446f-b197-bad3fe1d5ea7, expires at 1765085406909
12:30:06.909 [main] DEBUG c.nova.link.database.MemoryProvider - Saved mute for player 8fa25b85-3f16-43f7-a26a-6845cb0c587f in channel test-channel
12:30:06.909 [main] INFO  com.nova.link.mute.MuteManager - Player 8fa25b85-3f16-43f7-a26a-6845cb0c587f muted in channel test-channel by 91db46e3-211f-446f-b197-bad3fe1d5ea7 for 1141944 ms. Reason: Test mute
12:30:06.909 [main] INFO  c.nova.link.database.MemoryProvider - MemoryProvider initialized - data will not persist across restarts
12:30:06.909 [main] INFO  c.nova.link.channel.ChannelManager - Created channel: test-channel (scope=SERVER, client=test-client)
12:30:06.909 [main] INFO  c.nova.link.auth.PermissionManager - Registered super admin: 59eaf292-112d-4887-a136-cb45ea6a3cb6
12:30:06.909 [main] INFO  c.nova.link.auth.PermissionManager - Super admin session created for UUID 59eaf292-112d-4887-a136-cb45ea6a3cb6, expires at 1765085406909
12:30:06.909 [main] DEBUG c.nova.link.database.MemoryProvider - Saved mute for player 028cbdc8-bd89-479f-9914-2f2b5f3232d9 in channel test-channel
12:30:06.909 [main] INFO  com.nova.link.mute.MuteManager - Player 028cbdc8-bd89-479f-9914-2f2b5f3232d9 muted in channel test-channel by 59eaf292-112d-4887-a136-cb45ea6a3cb6 for 1618 ms. Reason: Test mute
12:30:06.909 [main] INFO  c.nova.link.database.MemoryProvider - MemoryProvider initialized - data will not persist across restarts
12:30:06.909 [main] INFO  c.nova.link.channel.ChannelManager - Created channel: test-channel (scope=SERVER, client=test-client)
12:30:06.909 [main] INFO  c.nova.link.auth.PermissionManager - Registered super admin: e68a2808-bc0c-43aa-a631-a07c23129f6e
12:30:06.909 [main] INFO  c.nova.link.auth.PermissionManager - Super admin session created for UUID e68a2808-bc0c-43aa-a631-a07c23129f6e, expires at 1765085406909
12:30:06.909 [main] DEBUG c.nova.link.database.MemoryProvider - Saved mute for player 28b156cb-701d-4eb3-a294-6724c38fa33c in channel test-channel
12:30:06.909 [main] INFO  com.nova.link.mute.MuteManager - Player 28b156cb-701d-4eb3-a294-6724c38fa33c muted in channel test-channel by e68a2808-bc0c-43aa-a631-a07c23129f6e for 1062 ms. Reason: Test mute
12:30:06.909 [main] INFO  c.nova.link.database.MemoryProvider - MemoryProvider initialized - data will not persist across restarts
12:30:06.909 [main] INFO  c.nova.link.channel.ChannelManager - Created channel: test-channel (scope=SERVER, client=test-client)
12:30:06.909 [main] INFO  c.nova.link.auth.PermissionManager - Registered super admin: 726016fa-0474-4803-85ae-3216f35a35d4
12:30:06.909 [main] INFO  c.nova.link.auth.PermissionManager - Super admin session created for UUID 726016fa-0474-4803-85ae-3216f35a35d4, expires at 1765085406909
12:30:06.909 [main] DEBUG c.nova.link.database.MemoryProvider - Saved mute for player 96d75116-16b0-45d9-b4c2-a021f5bbb8a9 in channel test-channel
12:30:06.909 [main] INFO  com.nova.link.mute.MuteManager - Player 96d75116-16b0-45d9-b4c2-a021f5bbb8a9 muted in channel test-channel by 726016fa-0474-4803-85ae-3216f35a35d4 for 1098 ms. Reason: Test mute
12:30:06.909 [main] INFO  c.nova.link.database.MemoryProvider - MemoryProvider initialized - data will not persist across restarts
12:30:06.909 [main] INFO  c.nova.link.channel.ChannelManager - Created channel: test-channel (scope=SERVER, client=test-client)
12:30:06.909 [main] INFO  c.nova.link.auth.PermissionManager - Registered super admin: c81135ac-c681-466f-b4fa-44664b9b5e41
12:30:06.909 [main] INFO  c.nova.link.auth.PermissionManager - Super admin session created for UUID c81135ac-c681-466f-b4fa-44664b9b5e41, expires at 1765085406909
12:30:06.909 [main] DEBUG c.nova.link.database.MemoryProvider - Saved mute for player 622e43b0-ac60-4a18-9caa-9f6bd788f40c in channel test-channel
12:30:06.909 [main] INFO  com.nova.link.mute.MuteManager - Player 622e43b0-ac60-4a18-9caa-9f6bd788f40c muted in channel test-channel by c81135ac-c681-466f-b4fa-44664b9b5e41 for 1568609 ms. Reason: Test mute
12:30:06.909 [main] INFO  c.nova.link.database.MemoryProvider - MemoryProvider initialized - data will not persist across restarts
12:30:06.909 [main] INFO  c.nova.link.channel.ChannelManager - Created channel: test-channel (scope=SERVER, client=test-client)
12:30:06.909 [main] INFO  c.nova.link.auth.PermissionManager - Registered super admin: 6f103d85-ec6a-46d2-80d4-f808540879b1
12:30:06.909 [main] INFO  c.nova.link.auth.PermissionManager - Super admin session created for UUID 6f103d85-ec6a-46d2-80d4-f808540879b1, expires at 1765085406909
12:30:06.909 [main] DEBUG c.nova.link.database.MemoryProvider - Saved mute for player 802a64e7-32b1-4954-9bdb-781d8e083825 in channel test-channel
12:30:06.909 [main] INFO  com.nova.link.mute.MuteManager - Player 802a64e7-32b1-4954-9bdb-781d8e083825 muted in channel test-channel by 6f103d85-ec6a-46d2-80d4-f808540879b1 for 1387 ms. Reason: Test mute
12:30:06.909 [main] INFO  c.nova.link.database.MemoryProvider - MemoryProvider initialized - data will not persist across restarts
12:30:06.909 [main] INFO  c.nova.link.channel.ChannelManager - Created channel: test-channel (scope=SERVER, client=test-client)
12:30:06.909 [main] INFO  c.nova.link.auth.PermissionManager - Registered super admin: a69e6750-db40-48b7-8fb6-3e445b5ffcb1
12:30:06.909 [main] INFO  c.nova.link.auth.PermissionManager - Super admin session created for UUID a69e6750-db40-48b7-8fb6-3e445b5ffcb1, expires at 1765085406909
12:30:06.909 [main] DEBUG c.nova.link.database.MemoryProvider - Saved mute for player 8b8ee8ae-93ce-43ce-877f-f68762769c77 in channel test-channel
12:30:06.909 [main] INFO  com.nova.link.mute.MuteManager - Player 8b8ee8ae-93ce-43ce-877f-f68762769c77 muted in channel test-channel by a69e6750-db40-48b7-8fb6-3e445b5ffcb1 for 2436 ms. Reason: Test mute
12:30:06.909 [main] INFO  c.nova.link.database.MemoryProvider - MemoryProvider initialized - data will not persist across restarts
12:30:06.909 [main] INFO  c.nova.link.channel.ChannelManager - Created channel: test-channel (scope=SERVER, client=test-client)
12:30:06.909 [main] INFO  c.nova.link.auth.PermissionManager - Registered super admin: 5cbf2335-360f-41b3-bf14-f73f344f0fde
12:30:06.909 [main] INFO  c.nova.link.auth.PermissionManager - Super admin session created for UUID 5cbf2335-360f-41b3-bf14-f73f344f0fde, expires at 1765085406909
12:30:06.909 [main] DEBUG c.nova.link.database.MemoryProvider - Saved mute for player da1ff799-627f-484a-a8f5-ec4ea251dd0f in channel test-channel
12:30:06.909 [main] INFO  com.nova.link.mute.MuteManager - Player da1ff799-627f-484a-a8f5-ec4ea251dd0f muted in channel test-channel by 5cbf2335-360f-41b3-bf14-f73f344f0fde for 1051 ms. Reason: Test mute
12:30:06.909 [main] INFO  c.nova.link.database.MemoryProvider - MemoryProvider initialized - data will not persist across restarts
12:30:06.909 [main] INFO  c.nova.link.channel.ChannelManager - Created channel: test-channel (scope=SERVER, client=test-client)
12:30:06.909 [main] INFO  c.nova.link.auth.PermissionManager - Registered super admin: 29fe033a-c285-4da8-a418-d3126c2a1e29
12:30:06.909 [main] INFO  c.nova.link.auth.PermissionManager - Super admin session created for UUID 29fe033a-c285-4da8-a418-d3126c2a1e29, expires at 1765085406909
12:30:06.909 [main] DEBUG c.nova.link.database.MemoryProvider - Saved mute for player a1b362a9-d236-49cc-926c-2dd5778a0f83 in channel test-channel
12:30:06.909 [main] INFO  com.nova.link.mute.MuteManager - Player a1b362a9-d236-49cc-926c-2dd5778a0f83 muted in channel test-channel by 29fe033a-c285-4da8-a418-d3126c2a1e29 for 1119 ms. Reason: Test mute
12:30:06.909 [main] INFO  c.nova.link.database.MemoryProvider - MemoryProvider initialized - data will not persist across restarts
12:30:06.909 [main] INFO  c.nova.link.channel.ChannelManager - Created channel: test-channel (scope=SERVER, client=test-client)
12:30:06.909 [main] INFO  c.nova.link.auth.PermissionManager - Registered super admin: cbb66f62-dcc6-414b-bbec-3fb54c12a647
12:30:06.909 [main] INFO  c.nova.link.auth.PermissionManager - Super admin session created for UUID cbb66f62-dcc6-414b-bbec-3fb54c12a647, expires at 1765085406909
12:30:06.909 [main] DEBUG c.nova.link.database.MemoryProvider - Saved mute for player 75f7aab2-bb74-4f2e-9f7c-506a0f73b653 in channel test-channel
12:30:06.909 [main] INFO  com.nova.link.mute.MuteManager - Player 75f7aab2-bb74-4f2e-9f7c-506a0f73b653 muted in channel test-channel by cbb66f62-dcc6-414b-bbec-3fb54c12a647 for 1548 ms. Reason: Test mute
12:30:06.909 [main] INFO  c.nova.link.database.MemoryProvider - MemoryProvider initialized - data will not persist across restarts
12:30:06.909 [main] INFO  c.nova.link.channel.ChannelManager - Created channel: test-channel (scope=SERVER, client=test-client)
12:30:06.909 [main] INFO  c.nova.link.auth.PermissionManager - Registered super admin: 6227c486-388f-4095-bba2-99511053e1f2
12:30:06.909 [main] INFO  c.nova.link.auth.PermissionManager - Super admin session created for UUID 6227c486-388f-4095-bba2-99511053e1f2, expires at 1765085406909
12:30:06.909 [main] DEBUG c.nova.link.database.MemoryProvider - Saved mute for player 52e82c53-8cb2-46f7-a07e-282962ea414d in channel test-channel
12:30:06.909 [main] INFO  com.nova.link.mute.MuteManager - Player 52e82c53-8cb2-46f7-a07e-282962ea414d muted in channel test-channel by 6227c486-388f-4095-bba2-99511053e1f2 for 1117 ms. Reason: Test mute
12:30:06.909 [main] INFO  c.nova.link.database.MemoryProvider - MemoryProvider initialized - data will not persist across restarts
12:30:06.909 [main] INFO  c.nova.link.channel.ChannelManager - Created channel: test-channel (scope=SERVER, client=test-client)
12:30:06.909 [main] INFO  c.nova.link.auth.PermissionManager - Registered super admin: af9d5bfd-9c54-436e-8603-f09f921c9983
12:30:06.909 [main] INFO  c.nova.link.auth.PermissionManager - Super admin session created for UUID af9d5bfd-9c54-436e-8603-f09f921c9983, expires at 1765085406909
12:30:06.909 [main] DEBUG c.nova.link.database.MemoryProvider - Saved mute for player 790e2a36-70b6-4490-85b0-57e3c8e791fa in channel test-channel
12:30:06.909 [main] INFO  com.nova.link.mute.MuteManager - Player 790e2a36-70b6-4490-85b0-57e3c8e791fa muted in channel test-channel by af9d5bfd-9c54-436e-8603-f09f921c9983 for 563686 ms. Reason: Test mute
12:30:06.909 [main] INFO  c.nova.link.database.MemoryProvider - MemoryProvider initialized - data will not persist across restarts
12:30:06.909 [main] INFO  c.nova.link.channel.ChannelManager - Created channel: test-channel (scope=SERVER, client=test-client)
12:30:06.909 [main] INFO  c.nova.link.auth.PermissionManager - Registered super admin: b71d8ff0-b526-4b1d-9cfe-0c5c9d243d5a
12:30:06.909 [main] INFO  c.nova.link.auth.PermissionManager - Super admin session created for UUID b71d8ff0-b526-4b1d-9cfe-0c5c9d243d5a, expires at 1765085406909
12:30:06.909 [main] DEBUG c.nova.link.database.MemoryProvider - Saved mute for player a89fdaeb-2581-4597-9c39-e5891f22f853 in channel test-channel
12:30:06.909 [main] INFO  com.nova.link.mute.MuteManager - Player a89fdaeb-2581-4597-9c39-e5891f22f853 muted in channel test-channel by b71d8ff0-b526-4b1d-9cfe-0c5c9d243d5a for 3740 ms. Reason: Test mute
12:30:06.909 [main] INFO  c.nova.link.database.MemoryProvider - MemoryProvider initialized - data will not persist across restarts
12:30:06.909 [main] INFO  c.nova.link.channel.ChannelManager - Created channel: test-channel (scope=SERVER, client=test-client)
12:30:06.909 [main] INFO  c.nova.link.auth.PermissionManager - Registered super admin: 34d574c5-0997-44b1-bec9-e6eaf9eac4ef
12:30:06.909 [main] INFO  c.nova.link.auth.PermissionManager - Super admin session created for UUID 34d574c5-0997-44b1-bec9-e6eaf9eac4ef, expires at 1765085406909
12:30:06.909 [main] DEBUG c.nova.link.database.MemoryProvider - Saved mute for player d9045728-3bc9-4610-8fe2-b6f9921b514d in channel test-channel
12:30:06.909 [main] INFO  com.nova.link.mute.MuteManager - Player d9045728-3bc9-4610-8fe2-b6f9921b514d muted in channel test-channel by 34d574c5-0997-44b1-bec9-e6eaf9eac4ef for 1021 ms. Reason: Test mute
12:30:06.909 [main] INFO  c.nova.link.database.MemoryProvider - MemoryProvider initialized - data will not persist across restarts
12:30:06.910 [main] INFO  c.nova.link.channel.ChannelManager - Created channel: test-channel (scope=SERVER, client=test-client)
12:30:06.910 [main] INFO  c.nova.link.auth.PermissionManager - Registered super admin: 47f08631-5d34-4650-82ab-9066e96cfefa
12:30:06.910 [main] INFO  c.nova.link.auth.PermissionManager - Super admin session created for UUID 47f08631-5d34-4650-82ab-9066e96cfefa, expires at 1765085406910
12:30:06.910 [main] DEBUG c.nova.link.database.MemoryProvider - Saved mute for player dfed0534-d0ad-4064-8bf6-7d078d9cb3ad in channel test-channel
12:30:06.910 [main] INFO  com.nova.link.mute.MuteManager - Player dfed0534-d0ad-4064-8bf6-7d078d9cb3ad muted in channel test-channel by 47f08631-5d34-4650-82ab-9066e96cfefa for 575751 ms. Reason: Test mute
12:30:06.910 [main] INFO  c.nova.link.database.MemoryProvider - MemoryProvider initialized - data will not persist across restarts
12:30:06.910 [main] INFO  c.nova.link.channel.ChannelManager - Created channel: test-channel (scope=SERVER, client=test-client)
12:30:06.910 [main] INFO  c.nova.link.auth.PermissionManager - Registered super admin: 0d1f5aa6-b02d-4fa2-b757-f8dc0b6bbfb6
12:30:06.910 [main] INFO  c.nova.link.auth.PermissionManager - Super admin session created for UUID 0d1f5aa6-b02d-4fa2-b757-f8dc0b6bbfb6, expires at 1765085406910
12:30:06.910 [main] DEBUG c.nova.link.database.MemoryProvider - Saved mute for player c67f2065-079a-4a5b-aef2-3b30b3fafae7 in channel test-channel
12:30:06.910 [main] INFO  com.nova.link.mute.MuteManager - Player c67f2065-079a-4a5b-aef2-3b30b3fafae7 muted in channel test-channel by 0d1f5aa6-b02d-4fa2-b757-f8dc0b6bbfb6 for 1129 ms. Reason: Test mute
12:30:06.910 [main] INFO  c.nova.link.database.MemoryProvider - MemoryProvider initialized - data will not persist across restarts
12:30:06.910 [main] INFO  c.nova.link.channel.ChannelManager - Created channel: test-channel (scope=SERVER, client=test-client)
12:30:06.910 [main] INFO  c.nova.link.auth.PermissionManager - Registered super admin: cd146d04-faa7-4487-ad3a-f1d822313a87
12:30:06.910 [main] INFO  c.nova.link.auth.PermissionManager - Super admin session created for UUID cd146d04-faa7-4487-ad3a-f1d822313a87, expires at 1765085406910
12:30:06.910 [main] DEBUG c.nova.link.database.MemoryProvider - Saved mute for player c6f6147a-11d7-4bbc-86fd-bd0017f13d62 in channel test-channel
12:30:06.910 [main] INFO  com.nova.link.mute.MuteManager - Player c6f6147a-11d7-4bbc-86fd-bd0017f13d62 muted in channel test-channel by cd146d04-faa7-4487-ad3a-f1d822313a87 for 1004 ms. Reason: Test mute
12:30:06.910 [main] INFO  c.nova.link.database.MemoryProvider - MemoryProvider initialized - data will not persist across restarts
12:30:06.910 [main] INFO  c.nova.link.channel.ChannelManager - Created channel: test-channel (scope=SERVER, client=test-client)
12:30:06.910 [main] INFO  c.nova.link.auth.PermissionManager - Registered super admin: c6921007-db48-4d81-8390-4a687e0aa358
12:30:06.910 [main] INFO  c.nova.link.auth.PermissionManager - Super admin session created for UUID c6921007-db48-4d81-8390-4a687e0aa358, expires at 1765085406910
12:30:06.910 [main] DEBUG c.nova.link.database.MemoryProvider - Saved mute for player 60fdf058-6916-4b87-89d5-cf794452434a in channel test-channel
12:30:06.910 [main] INFO  com.nova.link.mute.MuteManager - Player 60fdf058-6916-4b87-89d5-cf794452434a muted in channel test-channel by c6921007-db48-4d81-8390-4a687e0aa358 for 1068 ms. Reason: Test mute
12:30:06.910 [main] INFO  c.nova.link.database.MemoryProvider - MemoryProvider initialized - data will not persist across restarts
12:30:06.910 [main] INFO  c.nova.link.channel.ChannelManager - Created channel: test-channel (scope=SERVER, client=test-client)
12:30:06.910 [main] INFO  c.nova.link.auth.PermissionManager - Registered super admin: 007ffd37-ec1d-4594-89e0-7a52085c57fa
12:30:06.910 [main] INFO  c.nova.link.auth.PermissionManager - Super admin session created for UUID 007ffd37-ec1d-4594-89e0-7a52085c57fa, expires at 1765085406910
12:30:06.910 [main] DEBUG c.nova.link.database.MemoryProvider - Saved mute for player c8011794-bdd9-49b3-a351-1b5184c5d476 in channel test-channel
12:30:06.910 [main] INFO  com.nova.link.mute.MuteManager - Player c8011794-bdd9-49b3-a351-1b5184c5d476 muted in channel test-channel by 007ffd37-ec1d-4594-89e0-7a52085c57fa for 1089 ms. Reason: Test mute
12:30:06.910 [main] INFO  c.nova.link.database.MemoryProvider - MemoryProvider initialized - data will not persist across restarts
12:30:06.910 [main] INFO  c.nova.link.channel.ChannelManager - Created channel: test-channel (scope=SERVER, client=test-client)
12:30:06.910 [main] INFO  c.nova.link.auth.PermissionManager - Registered super admin: 9c2a2c46-91b9-4a53-8331-cfbb7886d0c8
12:30:06.910 [main] INFO  c.nova.link.auth.PermissionManager - Super admin session created for UUID 9c2a2c46-91b9-4a53-8331-cfbb7886d0c8, expires at 1765085406910
12:30:06.910 [main] DEBUG c.nova.link.database.MemoryProvider - Saved mute for player 7fc76fda-74d7-46b5-8132-d113ee1acd88 in channel test-channel
12:30:06.910 [main] INFO  com.nova.link.mute.MuteManager - Player 7fc76fda-74d7-46b5-8132-d113ee1acd88 muted in channel test-channel by 9c2a2c46-91b9-4a53-8331-cfbb7886d0c8 for 1760203 ms. Reason: Test mute
12:30:06.910 [main] INFO  c.nova.link.database.MemoryProvider - MemoryProvider initialized - data will not persist across restarts
12:30:06.910 [main] INFO  c.nova.link.channel.ChannelManager - Created channel: test-channel (scope=SERVER, client=test-client)
12:30:06.910 [main] INFO  c.nova.link.auth.PermissionManager - Registered super admin: e612d054-de88-47f0-ba2b-45b34e9389f7
12:30:06.910 [main] INFO  c.nova.link.auth.PermissionManager - Super admin session created for UUID e612d054-de88-47f0-ba2b-45b34e9389f7, expires at 1765085406910
12:30:06.910 [main] DEBUG c.nova.link.database.MemoryProvider - Saved mute for player f71d2a5f-c944-4622-a8f1-5febf0891f21 in channel test-channel
12:30:06.910 [main] INFO  com.nova.link.mute.MuteManager - Player f71d2a5f-c944-4622-a8f1-5febf0891f21 muted in channel test-channel by e612d054-de88-47f0-ba2b-45b34e9389f7 for 1043 ms. Reason: Test mute
12:30:06.910 [main] INFO  c.nova.link.database.MemoryProvider - MemoryProvider initialized - data will not persist across restarts
12:30:06.910 [main] INFO  c.nova.link.channel.ChannelManager - Created channel: test-channel (scope=SERVER, client=test-client)
12:30:06.910 [main] INFO  c.nova.link.auth.PermissionManager - Registered super admin: 96d76507-3f8d-4e3d-847a-39170443bef9
12:30:06.910 [main] INFO  c.nova.link.auth.PermissionManager - Super admin session created for UUID 96d76507-3f8d-4e3d-847a-39170443bef9, expires at 1765085406910
12:30:06.910 [main] DEBUG c.nova.link.database.MemoryProvider - Saved mute for player 9e6b35a1-b636-400b-a571-babe04486ed7 in channel test-channel
12:30:06.910 [main] INFO  com.nova.link.mute.MuteManager - Player 9e6b35a1-b636-400b-a571-babe04486ed7 muted in channel test-channel by 96d76507-3f8d-4e3d-847a-39170443bef9 for 244836 ms. Reason: Test mute
12:30:06.910 [main] INFO  c.nova.link.database.MemoryProvider - MemoryProvider initialized - data will not persist across restarts
12:30:06.910 [main] INFO  c.nova.link.channel.ChannelManager - Created channel: test-channel (scope=SERVER, client=test-client)
12:30:06.910 [main] INFO  c.nova.link.auth.PermissionManager - Registered super admin: f8010370-d00c-48d0-9085-bbb2a43e4c8f
12:30:06.910 [main] INFO  c.nova.link.auth.PermissionManager - Super admin session created for UUID f8010370-d00c-48d0-9085-bbb2a43e4c8f, expires at 1765085406910
12:30:06.910 [main] DEBUG c.nova.link.database.MemoryProvider - Saved mute for player 254dd1d4-168f-4feb-8006-9a1f14849315 in channel test-channel
12:30:06.910 [main] INFO  com.nova.link.mute.MuteManager - Player 254dd1d4-168f-4feb-8006-9a1f14849315 muted in channel test-channel by f8010370-d00c-48d0-9085-bbb2a43e4c8f for 200184 ms. Reason: Test mute
12:30:06.910 [main] INFO  c.nova.link.database.MemoryProvider - MemoryProvider initialized - data will not persist across restarts
12:30:06.910 [main] INFO  c.nova.link.channel.ChannelManager - Created channel: test-channel (scope=SERVER, client=test-client)
12:30:06.910 [main] INFO  c.nova.link.auth.PermissionManager - Registered super admin: bae903b5-bf1d-471c-8d4a-176f504cd19b
12:30:06.910 [main] INFO  c.nova.link.auth.PermissionManager - Super admin session created for UUID bae903b5-bf1d-471c-8d4a-176f504cd19b, expires at 1765085406910
12:30:06.910 [main] DEBUG c.nova.link.database.MemoryProvider - Saved mute for player 233740e5-a83a-4327-97c4-d8fe55d1023d in channel test-channel
12:30:06.910 [main] INFO  com.nova.link.mute.MuteManager - Player 233740e5-a83a-4327-97c4-d8fe55d1023d muted in channel test-channel by bae903b5-bf1d-471c-8d4a-176f504cd19b for 1338 ms. Reason: Test mute
12:30:06.910 [main] INFO  c.nova.link.database.MemoryProvider - MemoryProvider initialized - data will not persist across restarts
12:30:06.910 [main] INFO  c.nova.link.channel.ChannelManager - Created channel: test-channel (scope=SERVER, client=test-client)
12:30:06.910 [main] INFO  c.nova.link.auth.PermissionManager - Registered super admin: f7228d0d-62c8-469f-9a9b-c5732143226e
12:30:06.910 [main] INFO  c.nova.link.auth.PermissionManager - Super admin session created for UUID f7228d0d-62c8-469f-9a9b-c5732143226e, expires at 1765085406910
12:30:06.910 [main] DEBUG c.nova.link.database.MemoryProvider - Saved mute for player eaf0f3aa-483f-49b9-97e6-adffa1111382 in channel test-channel
12:30:06.910 [main] INFO  com.nova.link.mute.MuteManager - Player eaf0f3aa-483f-49b9-97e6-adffa1111382 muted in channel test-channel by f7228d0d-62c8-469f-9a9b-c5732143226e for 1000 ms. Reason: Test mute
12:30:06.910 [main] INFO  c.nova.link.database.MemoryProvider - MemoryProvider initialized - data will not persist across restarts
12:30:06.910 [main] INFO  c.nova.link.channel.ChannelManager - Created channel: test-channel (scope=SERVER, client=test-client)
12:30:06.910 [main] INFO  c.nova.link.auth.PermissionManager - Registered super admin: 05a7cdd4-524c-4073-ab58-6d37390bf785
12:30:06.910 [main] INFO  c.nova.link.auth.PermissionManager - Super admin session created for UUID 05a7cdd4-524c-4073-ab58-6d37390bf785, expires at 1765085406910
12:30:06.910 [main] DEBUG c.nova.link.database.MemoryProvider - Saved mute for player 20d0ee3c-6e1a-41d6-afb6-b64f4d3ca261 in channel test-channel
12:30:06.910 [main] INFO  com.nova.link.mute.MuteManager - Player 20d0ee3c-6e1a-41d6-afb6-b64f4d3ca261 muted in channel test-channel by 05a7cdd4-524c-4073-ab58-6d37390bf785 for 3600000 ms. Reason: Test mute
12:30:06.910 [main] INFO  c.nova.link.database.MemoryProvider - MemoryProvider initialized - data will not persist across restarts
12:30:06.910 [main] INFO  c.nova.link.channel.ChannelManager - Created channel: test-channel (scope=SERVER, client=test-client)
12:30:06.910 [main] INFO  c.nova.link.auth.PermissionManager - Registered super admin: 54caa6ad-37dd-4f42-b0d4-dd5cc03146c1
12:30:06.910 [main] INFO  c.nova.link.auth.PermissionManager - Super admin session created for UUID 54caa6ad-37dd-4f42-b0d4-dd5cc03146c1, expires at 1765085406910
12:30:06.910 [main] DEBUG c.nova.link.database.MemoryProvider - Saved mute for player 2ab16361-1efc-4a04-97eb-9a03fb840c49 in channel test-channel
12:30:06.910 [main] INFO  com.nova.link.mute.MuteManager - Player 2ab16361-1efc-4a04-97eb-9a03fb840c49 muted in channel test-channel by 54caa6ad-37dd-4f42-b0d4-dd5cc03146c1 for 24304 ms. Reason: Test mute
12:30:06.910 [main] INFO  c.nova.link.database.MemoryProvider - MemoryProvider initialized - data will not persist across restarts
12:30:06.910 [main] INFO  c.nova.link.channel.ChannelManager - Created channel: test-channel (scope=SERVER, client=test-client)
12:30:06.910 [main] INFO  c.nova.link.auth.PermissionManager - Registered super admin: 7c8c36d2-05e9-4bf1-8e91-1d1022f897a8
12:30:06.910 [main] INFO  c.nova.link.auth.PermissionManager - Super admin session created for UUID 7c8c36d2-05e9-4bf1-8e91-1d1022f897a8, expires at 1765085406910
12:30:06.910 [main] DEBUG c.nova.link.database.MemoryProvider - Saved mute for player 28a1896f-54b2-4f60-aa08-e9a0860cd331 in channel test-channel
12:30:06.910 [main] INFO  com.nova.link.mute.MuteManager - Player 28a1896f-54b2-4f60-aa08-e9a0860cd331 muted in channel test-channel by 7c8c36d2-05e9-4bf1-8e91-1d1022f897a8 for 2419 ms. Reason: Test mute
12:30:06.910 [main] INFO  c.nova.link.database.MemoryProvider - MemoryProvider initialized - data will not persist across restarts
12:30:06.910 [main] INFO  c.nova.link.channel.ChannelManager - Created channel: test-channel (scope=SERVER, client=test-client)
12:30:06.910 [main] INFO  c.nova.link.auth.PermissionManager - Registered super admin: 85fe4204-0985-45fd-85d8-334b1acaec29
12:30:06.910 [main] INFO  c.nova.link.auth.PermissionManager - Super admin session created for UUID 85fe4204-0985-45fd-85d8-334b1acaec29, expires at 1765085406910
12:30:06.910 [main] DEBUG c.nova.link.database.MemoryProvider - Saved mute for player 42b243f8-f22a-4f9d-818d-171862b4cc7f in channel test-channel
12:30:06.911 [main] INFO  com.nova.link.mute.MuteManager - Player 42b243f8-f22a-4f9d-818d-171862b4cc7f muted in channel test-channel by 85fe4204-0985-45fd-85d8-334b1acaec29 for 5157 ms. Reason: Test mute
12:30:06.911 [main] INFO  c.nova.link.database.MemoryProvider - MemoryProvider initialized - data will not persist across restarts
12:30:06.911 [main] INFO  c.nova.link.channel.ChannelManager - Created channel: test-channel (scope=SERVER, client=test-client)
12:30:06.911 [main] INFO  c.nova.link.auth.PermissionManager - Registered super admin: ab302e81-5e0c-4e37-b1ca-e739906c9bd2
12:30:06.911 [main] INFO  c.nova.link.auth.PermissionManager - Super admin session created for UUID ab302e81-5e0c-4e37-b1ca-e739906c9bd2, expires at 1765085406911
12:30:06.911 [main] DEBUG c.nova.link.database.MemoryProvider - Saved mute for player 8aa7ab22-9722-4b05-adc3-3905a66beb98 in channel test-channel
12:30:06.911 [main] INFO  com.nova.link.mute.MuteManager - Player 8aa7ab22-9722-4b05-adc3-3905a66beb98 muted in channel test-channel by ab302e81-5e0c-4e37-b1ca-e739906c9bd2 for 317141 ms. Reason: Test mute
12:30:06.911 [main] INFO  c.nova.link.database.MemoryProvider - MemoryProvider initialized - data will not persist across restarts
12:30:06.911 [main] INFO  c.nova.link.channel.ChannelManager - Created channel: test-channel (scope=SERVER, client=test-client)
12:30:06.911 [main] INFO  c.nova.link.auth.PermissionManager - Registered super admin: d0f39cd4-0d90-4620-bf57-b955abb19325
12:30:06.911 [main] INFO  c.nova.link.auth.PermissionManager - Super admin session created for UUID d0f39cd4-0d90-4620-bf57-b955abb19325, expires at 1765085406911
12:30:06.911 [main] DEBUG c.nova.link.database.MemoryProvider - Saved mute for player 33a89e45-8075-4475-b647-b1b040e1d11b in channel test-channel
12:30:06.911 [main] INFO  com.nova.link.mute.MuteManager - Player 33a89e45-8075-4475-b647-b1b040e1d11b muted in channel test-channel by d0f39cd4-0d90-4620-bf57-b955abb19325 for 3170864 ms. Reason: Test mute
12:30:06.911 [main] INFO  c.nova.link.database.MemoryProvider - MemoryProvider initialized - data will not persist across restarts
12:30:06.911 [main] INFO  c.nova.link.channel.ChannelManager - Created channel: test-channel (scope=SERVER, client=test-client)
12:30:06.911 [main] INFO  c.nova.link.auth.PermissionManager - Registered super admin: b7de15c6-95be-4ba4-bed5-fbd33ea66bb6
12:30:06.911 [main] INFO  c.nova.link.auth.PermissionManager - Super admin session created for UUID b7de15c6-95be-4ba4-bed5-fbd33ea66bb6, expires at 1765085406911
12:30:06.911 [main] DEBUG c.nova.link.database.MemoryProvider - Saved mute for player 345713e8-7664-4408-9b33-1a41ced77616 in channel test-channel
12:30:06.911 [main] INFO  com.nova.link.mute.MuteManager - Player 345713e8-7664-4408-9b33-1a41ced77616 muted in channel test-channel by b7de15c6-95be-4ba4-bed5-fbd33ea66bb6 for 563419 ms. Reason: Test mute
12:30:06.911 [main] INFO  c.nova.link.database.MemoryProvider - MemoryProvider initialized - data will not persist across restarts
12:30:06.911 [main] INFO  c.nova.link.channel.ChannelManager - Created channel: test-channel (scope=SERVER, client=test-client)
12:30:06.911 [main] INFO  c.nova.link.auth.PermissionManager - Registered super admin: 8018183b-1c69-4f92-a010-481b9a5647c6
12:30:06.911 [main] INFO  c.nova.link.auth.PermissionManager - Super admin session created for UUID 8018183b-1c69-4f92-a010-481b9a5647c6, expires at 1765085406911
12:30:06.911 [main] DEBUG c.nova.link.database.MemoryProvider - Saved mute for player 02363737-82b7-43dc-9905-fb54d6be2f91 in channel test-channel
12:30:06.911 [main] INFO  com.nova.link.mute.MuteManager - Player 02363737-82b7-43dc-9905-fb54d6be2f91 muted in channel test-channel by 8018183b-1c69-4f92-a010-481b9a5647c6 for 1086 ms. Reason: Test mute
12:30:06.911 [main] INFO  c.nova.link.database.MemoryProvider - MemoryProvider initialized - data will not persist across restarts
12:30:06.911 [main] INFO  c.nova.link.channel.ChannelManager - Created channel: test-channel (scope=SERVER, client=test-client)
12:30:06.911 [main] INFO  c.nova.link.auth.PermissionManager - Registered super admin: bef4409d-8eb8-4799-8d05-2e7d3eccb4c6
12:30:06.911 [main] INFO  c.nova.link.auth.PermissionManager - Super admin session created for UUID bef4409d-8eb8-4799-8d05-2e7d3eccb4c6, expires at 1765085406911
12:30:06.911 [main] DEBUG c.nova.link.database.MemoryProvider - Saved mute for player 85bb9664-6ae4-487c-9060-328578fb505f in channel test-channel
12:30:06.911 [main] INFO  com.nova.link.mute.MuteManager - Player 85bb9664-6ae4-487c-9060-328578fb505f muted in channel test-channel by bef4409d-8eb8-4799-8d05-2e7d3eccb4c6 for 1213 ms. Reason: Test mute
12:30:06.911 [main] INFO  c.nova.link.database.MemoryProvider - MemoryProvider initialized - data will not persist across restarts
12:30:06.911 [main] INFO  c.nova.link.channel.ChannelManager - Created channel: test-channel (scope=SERVER, client=test-client)
12:30:06.911 [main] INFO  c.nova.link.auth.PermissionManager - Registered super admin: 24b7318f-2ad9-4354-9053-d7c1d21a88e5
12:30:06.911 [main] INFO  c.nova.link.auth.PermissionManager - Super admin session created for UUID 24b7318f-2ad9-4354-9053-d7c1d21a88e5, expires at 1765085406911
12:30:06.911 [main] DEBUG c.nova.link.database.MemoryProvider - Saved mute for player 5ec0e6ef-2307-494b-80d6-e793f0e276b7 in channel test-channel
12:30:06.911 [main] INFO  com.nova.link.mute.MuteManager - Player 5ec0e6ef-2307-494b-80d6-e793f0e276b7 muted in channel test-channel by 24b7318f-2ad9-4354-9053-d7c1d21a88e5 for 1042 ms. Reason: Test mute
12:30:06.911 [main] INFO  c.nova.link.database.MemoryProvider - MemoryProvider initialized - data will not persist across restarts
12:30:06.911 [main] INFO  c.nova.link.channel.ChannelManager - Created channel: test-channel (scope=SERVER, client=test-client)
12:30:06.911 [main] INFO  c.nova.link.auth.PermissionManager - Registered super admin: 44c45e26-ed4c-411c-afd5-3a9c21f69c7a
12:30:06.911 [main] INFO  c.nova.link.auth.PermissionManager - Super admin session created for UUID 44c45e26-ed4c-411c-afd5-3a9c21f69c7a, expires at 1765085406911
12:30:06.911 [main] DEBUG c.nova.link.database.MemoryProvider - Saved mute for player e662a517-06bd-4b97-b75a-aeed6f016c65 in channel test-channel
12:30:06.911 [main] INFO  com.nova.link.mute.MuteManager - Player e662a517-06bd-4b97-b75a-aeed6f016c65 muted in channel test-channel by 44c45e26-ed4c-411c-afd5-3a9c21f69c7a for 1034 ms. Reason: Test mute
12:30:06.911 [main] INFO  c.nova.link.database.MemoryProvider - MemoryProvider initialized - data will not persist across restarts
12:30:06.911 [main] INFO  c.nova.link.channel.ChannelManager - Created channel: test-channel (scope=SERVER, client=test-client)
12:30:06.911 [main] INFO  c.nova.link.auth.PermissionManager - Registered super admin: c859eb1e-ed60-47fb-9c92-beae69ff06a0
12:30:06.911 [main] INFO  c.nova.link.auth.PermissionManager - Super admin session created for UUID c859eb1e-ed60-47fb-9c92-beae69ff06a0, expires at 1765085406911
12:30:06.911 [main] DEBUG c.nova.link.database.MemoryProvider - Saved mute for player a85666df-8b62-44e3-b6e0-27309d4ddb66 in channel test-channel
12:30:06.911 [main] INFO  com.nova.link.mute.MuteManager - Player a85666df-8b62-44e3-b6e0-27309d4ddb66 muted in channel test-channel by c859eb1e-ed60-47fb-9c92-beae69ff06a0 for 39151 ms. Reason: Test mute
12:30:06.911 [main] INFO  c.nova.link.database.MemoryProvider - MemoryProvider initialized - data will not persist across restarts
12:30:06.911 [main] INFO  c.nova.link.channel.ChannelManager - Created channel: test-channel (scope=SERVER, client=test-client)
12:30:06.911 [main] INFO  c.nova.link.auth.PermissionManager - Registered super admin: 5bf32c19-6ae8-4788-81bf-70056c9fad95
12:30:06.911 [main] INFO  c.nova.link.auth.PermissionManager - Super admin session created for UUID 5bf32c19-6ae8-4788-81bf-70056c9fad95, expires at 1765085406911
12:30:06.911 [main] DEBUG c.nova.link.database.MemoryProvider - Saved mute for player 51ab70d8-6cb9-4472-95a9-463034c19aed in channel test-channel
12:30:06.911 [main] INFO  com.nova.link.mute.MuteManager - Player 51ab70d8-6cb9-4472-95a9-463034c19aed muted in channel test-channel by 5bf32c19-6ae8-4788-81bf-70056c9fad95 for 2349 ms. Reason: Test mute
12:30:06.911 [main] INFO  c.nova.link.database.MemoryProvider - MemoryProvider initialized - data will not persist across restarts
12:30:06.911 [main] INFO  c.nova.link.channel.ChannelManager - Created channel: test-channel (scope=SERVER, client=test-client)
12:30:06.911 [main] INFO  c.nova.link.auth.PermissionManager - Registered super admin: 311be789-ab7a-407c-ada2-b2a74de30134
12:30:06.911 [main] INFO  c.nova.link.auth.PermissionManager - Super admin session created for UUID 311be789-ab7a-407c-ada2-b2a74de30134, expires at 1765085406911
12:30:06.911 [main] DEBUG c.nova.link.database.MemoryProvider - Saved mute for player 23232b76-1324-443b-8b33-5958320ec83a in channel test-channel
12:30:06.911 [main] INFO  com.nova.link.mute.MuteManager - Player 23232b76-1324-443b-8b33-5958320ec83a muted in channel test-channel by 311be789-ab7a-407c-ada2-b2a74de30134 for 1599426 ms. Reason: Test mute
12:30:06.911 [main] INFO  c.nova.link.database.MemoryProvider - MemoryProvider initialized - data will not persist across restarts
12:30:06.911 [main] INFO  c.nova.link.channel.ChannelManager - Created channel: test-channel (scope=SERVER, client=test-client)
12:30:06.911 [main] INFO  c.nova.link.auth.PermissionManager - Registered super admin: 38965c36-5b9c-4d5e-82b6-ff0902a9d176
12:30:06.911 [main] INFO  c.nova.link.auth.PermissionManager - Super admin session created for UUID 38965c36-5b9c-4d5e-82b6-ff0902a9d176, expires at 1765085406911
12:30:06.911 [main] DEBUG c.nova.link.database.MemoryProvider - Saved mute for player 33653ac5-8501-420f-ad26-f9a3e3c71e09 in channel test-channel
12:30:06.911 [main] INFO  com.nova.link.mute.MuteManager - Player 33653ac5-8501-420f-ad26-f9a3e3c71e09 muted in channel test-channel by 38965c36-5b9c-4d5e-82b6-ff0902a9d176 for 304968 ms. Reason: Test mute
12:30:06.911 [main] INFO  c.nova.link.database.MemoryProvider - MemoryProvider initialized - data will not persist across restarts
12:30:06.911 [main] INFO  c.nova.link.channel.ChannelManager - Created channel: test-channel (scope=SERVER, client=test-client)
12:30:06.911 [main] INFO  c.nova.link.auth.PermissionManager - Registered super admin: 41a2359e-7e08-4951-97ba-276147129841
12:30:06.911 [main] INFO  c.nova.link.auth.PermissionManager - Super admin session created for UUID 41a2359e-7e08-4951-97ba-276147129841, expires at 1765085406911
12:30:06.911 [main] DEBUG c.nova.link.database.MemoryProvider - Saved mute for player a2bd17b3-338a-4ed5-9caa-09a83f65e020 in channel test-channel
12:30:06.911 [main] INFO  com.nova.link.mute.MuteManager - Player a2bd17b3-338a-4ed5-9caa-09a83f65e020 muted in channel test-channel by 41a2359e-7e08-4951-97ba-276147129841 for 1008 ms. Reason: Test mute
12:30:06.911 [main] INFO  c.nova.link.database.MemoryProvider - MemoryProvider initialized - data will not persist across restarts
12:30:06.911 [main] INFO  c.nova.link.channel.ChannelManager - Created channel: test-channel (scope=SERVER, client=test-client)
12:30:06.911 [main] INFO  c.nova.link.auth.PermissionManager - Registered super admin: c7a7a7de-4db7-41d8-83ef-3020412e55a3
12:30:06.911 [main] INFO  c.nova.link.auth.PermissionManager - Super admin session created for UUID c7a7a7de-4db7-41d8-83ef-3020412e55a3, expires at 1765085406911
12:30:06.911 [main] DEBUG c.nova.link.database.MemoryProvider - Saved mute for player d704eb69-ffcf-4242-b091-a32ae0bd4dd2 in channel test-channel
12:30:06.911 [main] INFO  com.nova.link.mute.MuteManager - Player d704eb69-ffcf-4242-b091-a32ae0bd4dd2 muted in channel test-channel by c7a7a7de-4db7-41d8-83ef-3020412e55a3 for 580413 ms. Reason: Test mute
12:30:06.911 [main] INFO  c.nova.link.database.MemoryProvider - MemoryProvider initialized - data will not persist across restarts
12:30:06.911 [main] INFO  c.nova.link.channel.ChannelManager - Created channel: test-channel (scope=SERVER, client=test-client)
12:30:06.911 [main] INFO  c.nova.link.auth.PermissionManager - Registered super admin: 84f7cdf4-3293-4d3b-afe6-e6d4fce4713e
12:30:06.911 [main] INFO  c.nova.link.auth.PermissionManager - Super admin session created for UUID 84f7cdf4-3293-4d3b-afe6-e6d4fce4713e, expires at 1765085406911
12:30:06.911 [main] DEBUG c.nova.link.database.MemoryProvider - Saved mute for player 16e952d6-7fac-45d1-a340-e0578264bd07 in channel test-channel
12:30:06.911 [main] INFO  com.nova.link.mute.MuteManager - Player 16e952d6-7fac-45d1-a340-e0578264bd07 muted in channel test-channel by 84f7cdf4-3293-4d3b-afe6-e6d4fce4713e for 3027501 ms. Reason: Test mute
12:30:06.911 [main] INFO  c.nova.link.database.MemoryProvider - MemoryProvider initialized - data will not persist across restarts
12:30:06.911 [main] INFO  c.nova.link.channel.ChannelManager - Created channel: test-channel (scope=SERVER, client=test-client)
12:30:06.911 [main] INFO  c.nova.link.auth.PermissionManager - Registered super admin: 346f2055-14cd-4b9a-9087-f5a4ac47c732
12:30:06.911 [main] INFO  c.nova.link.auth.PermissionManager - Super admin session created for UUID 346f2055-14cd-4b9a-9087-f5a4ac47c732, expires at 1765085406911
12:30:06.911 [main] DEBUG c.nova.link.database.MemoryProvider - Saved mute for player 0e7d6e13-9494-437b-8036-14821433a47d in channel test-channel
12:30:06.911 [main] INFO  com.nova.link.mute.MuteManager - Player 0e7d6e13-9494-437b-8036-14821433a47d muted in channel test-channel by 346f2055-14cd-4b9a-9087-f5a4ac47c732 for 32008 ms. Reason: Test mute
12:30:06.911 [main] INFO  c.nova.link.database.MemoryProvider - MemoryProvider initialized - data will not persist across restarts
12:30:06.911 [main] INFO  c.nova.link.channel.ChannelManager - Created channel: test-channel (scope=SERVER, client=test-client)
12:30:06.911 [main] INFO  c.nova.link.auth.PermissionManager - Registered super admin: 8b82781d-8709-4600-a47a-e0d622f08168
12:30:06.911 [main] INFO  c.nova.link.auth.PermissionManager - Super admin session created for UUID 8b82781d-8709-4600-a47a-e0d622f08168, expires at 1765085406911
12:30:06.911 [main] DEBUG c.nova.link.database.MemoryProvider - Saved mute for player 7c4cba0a-1c52-4519-8ba6-dcfe26a89886 in channel test-channel
12:30:06.911 [main] INFO  com.nova.link.mute.MuteManager - Player 7c4cba0a-1c52-4519-8ba6-dcfe26a89886 muted in channel test-channel by 8b82781d-8709-4600-a47a-e0d622f08168 for 27407 ms. Reason: Test mute
12:30:06.911 [main] INFO  c.nova.link.database.MemoryProvider - MemoryProvider initialized - data will not persist across restarts
12:30:06.911 [main] INFO  c.nova.link.channel.ChannelManager - Created channel: test-channel (scope=SERVER, client=test-client)
12:30:06.911 [main] INFO  c.nova.link.auth.PermissionManager - Registered super admin: 7ed30946-41b9-4ab7-99fd-79915cd8b191
12:30:06.911 [main] INFO  c.nova.link.auth.PermissionManager - Super admin session created for UUID 7ed30946-41b9-4ab7-99fd-79915cd8b191, expires at 1765085406911
12:30:06.911 [main] DEBUG c.nova.link.database.MemoryProvider - Saved mute for player 0863bfc7-0197-4fd4-a310-39f98bb2564c in channel test-channel
12:30:06.911 [main] INFO  com.nova.link.mute.MuteManager - Player 0863bfc7-0197-4fd4-a310-39f98bb2564c muted in channel test-channel by 7ed30946-41b9-4ab7-99fd-79915cd8b191 for 1001 ms. Reason: Test mute
12:30:06.911 [main] INFO  c.nova.link.database.MemoryProvider - MemoryProvider initialized - data will not persist across restarts
12:30:06.911 [main] INFO  c.nova.link.channel.ChannelManager - Created channel: test-channel (scope=SERVER, client=test-client)
12:30:06.911 [main] INFO  c.nova.link.auth.PermissionManager - Registered super admin: 9df07f9c-c458-408f-85ee-0942bd7e67a4
12:30:06.912 [main] INFO  c.nova.link.auth.PermissionManager - Super admin session created for UUID 9df07f9c-c458-408f-85ee-0942bd7e67a4, expires at 1765085406912
12:30:06.912 [main] DEBUG c.nova.link.database.MemoryProvider - Saved mute for player 7160ee37-56e1-476f-8b35-c422177513c6 in channel test-channel
12:30:06.912 [main] INFO  com.nova.link.mute.MuteManager - Player 7160ee37-56e1-476f-8b35-c422177513c6 muted in channel test-channel by 9df07f9c-c458-408f-85ee-0942bd7e67a4 for 1702 ms. Reason: Test mute
12:30:06.912 [main] INFO  c.nova.link.database.MemoryProvider - MemoryProvider initialized - data will not persist across restarts
12:30:06.912 [main] INFO  c.nova.link.channel.ChannelManager - Created channel: test-channel (scope=SERVER, client=test-client)
12:30:06.912 [main] INFO  c.nova.link.auth.PermissionManager - Registered super admin: adce76d4-1741-43be-af98-87e18da6ff67
12:30:06.912 [main] INFO  c.nova.link.auth.PermissionManager - Super admin session created for UUID adce76d4-1741-43be-af98-87e18da6ff67, expires at 1765085406912
12:30:06.912 [main] DEBUG c.nova.link.database.MemoryProvider - Saved mute for player 4993e848-e41d-41ed-9aa4-c995a267866f in channel test-channel
12:30:06.912 [main] INFO  com.nova.link.mute.MuteManager - Player 4993e848-e41d-41ed-9aa4-c995a267866f muted in channel test-channel by adce76d4-1741-43be-af98-87e18da6ff67 for 1703 ms. Reason: Test mute
12:30:06.912 [main] INFO  c.nova.link.database.MemoryProvider - MemoryProvider initialized - data will not persist across restarts
12:30:06.912 [main] INFO  c.nova.link.channel.ChannelManager - Created channel: test-channel (scope=SERVER, client=test-client)
12:30:06.912 [main] INFO  c.nova.link.auth.PermissionManager - Registered super admin: 7622fe45-95d1-4692-8cc4-23734c567864
12:30:06.912 [main] INFO  c.nova.link.auth.PermissionManager - Super admin session created for UUID 7622fe45-95d1-4692-8cc4-23734c567864, expires at 1765085406912
12:30:06.912 [main] DEBUG c.nova.link.database.MemoryProvider - Saved mute for player dba6c9d9-731b-48e0-a1e2-b3aa3fc1f08d in channel test-channel
12:30:06.912 [main] INFO  com.nova.link.mute.MuteManager - Player dba6c9d9-731b-48e0-a1e2-b3aa3fc1f08d muted in channel test-channel by 7622fe45-95d1-4692-8cc4-23734c567864 for 3599999 ms. Reason: Test mute
12:30:06.912 [main] INFO  c.nova.link.database.MemoryProvider - MemoryProvider initialized - data will not persist across restarts
12:30:06.912 [main] INFO  c.nova.link.channel.ChannelManager - Created channel: test-channel (scope=SERVER, client=test-client)
12:30:06.912 [main] INFO  c.nova.link.auth.PermissionManager - Registered super admin: 6e6bd20a-3500-4395-b396-78811843f9e6
12:30:06.912 [main] INFO  c.nova.link.auth.PermissionManager - Super admin session created for UUID 6e6bd20a-3500-4395-b396-78811843f9e6, expires at 1765085406912
12:30:06.912 [main] DEBUG c.nova.link.database.MemoryProvider - Saved mute for player b6eccaae-e1e6-4eb9-9152-642f1cb7ff23 in channel test-channel
12:30:06.912 [main] INFO  com.nova.link.mute.MuteManager - Player b6eccaae-e1e6-4eb9-9152-642f1cb7ff23 muted in channel test-channel by 6e6bd20a-3500-4395-b396-78811843f9e6 for 2719 ms. Reason: Test mute
12:30:06.912 [main] INFO  c.nova.link.database.MemoryProvider - MemoryProvider initialized - data will not persist across restarts
12:30:06.912 [main] INFO  c.nova.link.channel.ChannelManager - Created channel: test-channel (scope=SERVER, client=test-client)
12:30:06.912 [main] INFO  c.nova.link.auth.PermissionManager - Registered super admin: b891ed21-deef-40c8-9977-3f553db6c1db
12:30:06.913 [main] INFO  c.nova.link.auth.PermissionManager - Super admin session created for UUID b891ed21-deef-40c8-9977-3f553db6c1db, expires at 1765085406913
12:30:06.913 [main] DEBUG c.nova.link.database.MemoryProvider - Saved mute for player c1ad57b9-0abb-49a9-a0be-cefcc5204314 in channel test-channel
12:30:06.913 [main] INFO  com.nova.link.mute.MuteManager - Player c1ad57b9-0abb-49a9-a0be-cefcc5204314 muted in channel test-channel by b891ed21-deef-40c8-9977-3f553db6c1db for 3600000 ms. Reason: Test mute
12:30:06.913 [main] INFO  c.nova.link.database.MemoryProvider - MemoryProvider initialized - data will not persist across restarts
12:30:06.913 [main] INFO  c.nova.link.channel.ChannelManager - Created channel: test-channel (scope=SERVER, client=test-client)
12:30:06.913 [main] INFO  c.nova.link.auth.PermissionManager - Registered super admin: 710d252d-0b13-4680-a36d-d27cc527d4a5
12:30:06.913 [main] INFO  c.nova.link.auth.PermissionManager - Super admin session created for UUID 710d252d-0b13-4680-a36d-d27cc527d4a5, expires at 1765085406913
12:30:06.913 [main] DEBUG c.nova.link.database.MemoryProvider - Saved mute for player 88fe7cf0-a53e-4006-a7c9-f757820f7542 in channel test-channel
12:30:06.913 [main] INFO  com.nova.link.mute.MuteManager - Player 88fe7cf0-a53e-4006-a7c9-f757820f7542 muted in channel test-channel by 710d252d-0b13-4680-a36d-d27cc527d4a5 for 27440 ms. Reason: Test mute
12:30:06.913 [main] INFO  c.nova.link.database.MemoryProvider - MemoryProvider initialized - data will not persist across restarts
12:30:06.913 [main] INFO  c.nova.link.channel.ChannelManager - Created channel: test-channel (scope=SERVER, client=test-client)
12:30:06.913 [main] INFO  c.nova.link.auth.PermissionManager - Registered super admin: 1b459546-c249-4bac-8702-8030b32b09ad
[...]
12:30:07.013 [main] INFO  c.nova.link.database.MemoryProvider - MemoryProvider initialized - data will not persist across restarts
12:30:07.013 [main] INFO  c.nova.link.channel.ChannelManager - Created channel: test-channel (scope=SERVER, client=test-client)
12:30:07.013 [main] INFO  c.nova.link.database.MemoryProvider - MemoryProvider initialized - data will not persist across restarts
12:30:07.013 [main] INFO  c.nova.link.channel.ChannelManager - Created channel: test-channel (scope=SERVER, client=test-client)
12:30:07.013 [main] INFO  c.nova.link.database.MemoryProvider - MemoryProvider initialized - data will not persist across restarts
12:30:07.013 [main] INFO  c.nova.link.channel.ChannelManager - Created channel: test-channel (scope=SERVER, client=test-client)
12:30:07.013 [main] INFO  c.nova.link.database.MemoryProvider - MemoryProvider initialized - data will not persist across restarts
12:30:07.013 [main] INFO  c.nova.link.channel.ChannelManager - Created channel: test-channel (scope=SERVER, client=test-client)
12:30:07.013 [main] INFO  c.nova.link.database.MemoryProvider - MemoryProvider initialized - data will not persist across restarts
12:30:07.013 [main] INFO  c.nova.link.channel.ChannelManager - Created channel: test-channel (scope=SERVER, client=test-client)
12:30:07.013 [main] INFO  c.nova.link.database.MemoryProvider - MemoryProvider initialized - data will not persist across restarts
12:30:07.013 [main] INFO  c.nova.link.channel.ChannelManager - Created channel: test-channel (scope=SERVER, client=test-client)
12:30:07.013 [main] INFO  c.nova.link.database.MemoryProvider - MemoryProvider initialized - data will not persist across restarts
12:30:07.013 [main] INFO  c.nova.link.channel.ChannelManager - Created channel: test-channel (scope=SERVER, client=test-client)
12:30:07.013 [main] INFO  c.nova.link.database.MemoryProvider - MemoryProvider initialized - data will not persist across restarts
12:30:07.013 [main] INFO  c.nova.link.channel.ChannelManager - Created channel: test-channel (scope=SERVER, client=test-client)
12:30:07.013 [main] INFO  c.nova.link.database.MemoryProvider - MemoryProvider initialized - data will not persist across restarts
12:30:07.013 [main] INFO  c.nova.link.channel.ChannelManager - Created channel: test-channel (scope=SERVER, client=test-client)
12:30:07.013 [main] INFO  c.nova.link.database.MemoryProvider - MemoryProvider initialized - data will not persist across restarts
12:30:07.013 [main] INFO  c.nova.link.channel.ChannelManager - Created channel: test-channel (scope=SERVER, client=test-client)
12:30:07.013 [main] INFO  c.nova.link.database.MemoryProvider - MemoryProvider initialized - data will not persist across restarts
12:30:07.013 [main] INFO  c.nova.link.channel.ChannelManager - Created channel: test-channel (scope=SERVER, client=test-client)
12:30:07.013 [main] INFO  c.nova.link.database.MemoryProvider - MemoryProvider initialized - data will not persist across restarts
12:30:07.013 [main] INFO  c.nova.link.channel.ChannelManager - Created channel: test-channel (scope=SERVER, client=test-client)
12:30:07.013 [main] INFO  c.nova.link.database.MemoryProvider - MemoryProvider initialized - data will not persist across restarts
12:30:07.013 [main] INFO  c.nova.link.channel.ChannelManager - Created channel: test-channel (scope=SERVER, client=test-client)
12:30:07.013 [main] INFO  c.nova.link.database.MemoryProvider - MemoryProvider initialized - data will not persist across restarts
12:30:07.013 [main] INFO  c.nova.link.channel.ChannelManager - Created channel: test-channel (scope=SERVER, client=test-client)
12:30:07.013 [main] INFO  c.nova.link.database.MemoryProvider - MemoryProvider initialized - data will not persist across restarts
12:30:07.013 [main] INFO  c.nova.link.channel.ChannelManager - Created channel: test-channel (scope=SERVER, client=test-client)
12:30:07.013 [main] INFO  c.nova.link.database.MemoryProvider - MemoryProvider initialized - data will not persist across restarts
12:30:07.013 [main] INFO  c.nova.link.channel.ChannelManager - Created channel: test-channel (scope=SERVER, client=test-client)
12:30:07.013 [main] INFO  c.nova.link.database.MemoryProvider - MemoryProvider initialized - data will not persist across restarts
12:30:07.013 [main] INFO  c.nova.link.channel.ChannelManager - Created channel: test-channel (scope=SERVER, client=test-client)
12:30:07.013 [main] INFO  c.nova.link.database.MemoryProvider - MemoryProvider initialized - data will not persist across restarts
12:30:07.013 [main] INFO  c.nova.link.channel.ChannelManager - Created channel: test-channel (scope=SERVER, client=test-client)
12:30:07.013 [main] INFO  c.nova.link.database.MemoryProvider - MemoryProvider initialized - data will not persist across restarts
12:30:07.013 [main] INFO  c.nova.link.channel.ChannelManager - Created channel: test-channel (scope=SERVER, client=test-client)
12:30:07.013 [main] INFO  c.nova.link.database.MemoryProvider - MemoryProvider initialized - data will not persist across restarts
12:30:07.013 [main] INFO  c.nova.link.channel.ChannelManager - Created channel: test-channel (scope=SERVER, client=test-client)
12:30:07.013 [main] INFO  c.nova.link.database.MemoryProvider - MemoryProvider initialized - data will not persist across restarts
12:30:07.013 [main] INFO  c.nova.link.channel.ChannelManager - Created channel: test-channel (scope=SERVER, client=test-client)
12:30:07.013 [main] INFO  c.nova.link.database.MemoryProvider - MemoryProvider initialized - data will not persist across restarts
12:30:07.013 [main] INFO  c.nova.link.channel.ChannelManager - Created channel: test-channel (scope=SERVER, client=test-client)
12:30:07.013 [main] INFO  c.nova.link.database.MemoryProvider - MemoryProvider initialized - data will not persist across restarts
12:30:07.013 [main] INFO  c.nova.link.channel.ChannelManager - Created channel: test-channel (scope=SERVER, client=test-client)
12:30:07.013 [main] INFO  c.nova.link.database.MemoryProvider - MemoryProvider initialized - data will not persist across restarts
12:30:07.013 [main] INFO  c.nova.link.channel.ChannelManager - Created channel: test-channel (scope=SERVER, client=test-client)
12:30:07.013 [main] INFO  c.nova.link.database.MemoryProvider - MemoryProvider initialized - data will not persist across restarts
12:30:07.013 [main] INFO  c.nova.link.channel.ChannelManager - Created channel: test-channel (scope=SERVER, client=test-client)
12:30:07.013 [main] INFO  c.nova.link.database.MemoryProvider - MemoryProvider initialized - data will not persist across restarts
12:30:07.013 [main] INFO  c.nova.link.channel.ChannelManager - Created channel: test-channel (scope=SERVER, client=test-client)
12:30:07.013 [main] INFO  c.nova.link.database.MemoryProvider - MemoryProvider initialized - data will not persist across restarts
12:30:07.013 [main] INFO  c.nova.link.channel.ChannelManager - Created channel: test-channel (scope=SERVER, client=test-client)
12:30:07.013 [main] INFO  c.nova.link.database.MemoryProvider - MemoryProvider initialized - data will not persist across restarts
12:30:07.013 [main] INFO  c.nova.link.channel.ChannelManager - Created channel: test-channel (scope=SERVER, client=test-client)
12:30:07.013 [main] INFO  c.nova.link.database.MemoryProvider - MemoryProvider initialized - data will not persist across restarts
12:30:07.013 [main] INFO  c.nova.link.channel.ChannelManager - Created channel: test-channel (scope=SERVER, client=test-client)
12:30:07.013 [main] INFO  c.nova.link.database.MemoryProvider - MemoryProvider initialized - data will not persist across restarts
12:30:07.013 [main] INFO  c.nova.link.channel.ChannelManager - Created channel: test-channel (scope=SERVER, client=test-client)
12:30:07.013 [main] INFO  c.nova.link.database.MemoryProvider - MemoryProvider initialized - data will not persist across restarts
12:30:07.013 [main] INFO  c.nova.link.channel.ChannelManager - Created channel: test-channel (scope=SERVER, client=test-client)
12:30:07.013 [main] INFO  c.nova.link.database.MemoryProvider - MemoryProvider initialized - data will not persist across restarts
12:30:07.013 [main] INFO  c.nova.link.channel.ChannelManager - Created channel: test-channel (scope=SERVER, client=test-client)
12:30:07.013 [main] INFO  c.nova.link.database.MemoryProvider - MemoryProvider initialized - data will not persist across restarts
12:30:07.013 [main] INFO  c.nova.link.channel.ChannelManager - Created channel: test-channel (scope=SERVER, client=test-client)
12:30:07.013 [main] INFO  c.nova.link.database.MemoryProvider - MemoryProvider initialized - data will not persist across restarts
12:30:07.013 [main] INFO  c.nova.link.channel.ChannelManager - Created channel: test-channel (scope=SERVER, client=test-client)
12:30:07.013 [main] INFO  c.nova.link.database.MemoryProvider - MemoryProvider initialized - data will not persist across restarts
12:30:07.013 [main] INFO  c.nova.link.channel.ChannelManager - Created channel: test-channel (scope=SERVER, client=test-client)
12:30:07.013 [main] INFO  c.nova.link.database.MemoryProvider - MemoryProvider initialized - data will not persist across restarts
12:30:07.013 [main] INFO  c.nova.link.channel.ChannelManager - Created channel: test-channel (scope=SERVER, client=test-client)
12:30:07.013 [main] INFO  c.nova.link.database.MemoryProvider - MemoryProvider initialized - data will not persist across restarts
12:30:07.014 [main] INFO  c.nova.link.channel.ChannelManager - Created channel: test-channel (scope=SERVER, client=test-client)
12:30:07.014 [main] INFO  c.nova.link.database.MemoryProvider - MemoryProvider initialized - data will not persist across restarts
12:30:07.014 [main] INFO  c.nova.link.channel.ChannelManager - Created channel: test-channel (scope=SERVER, client=test-client)
12:30:07.014 [main] INFO  c.nova.link.database.MemoryProvider - MemoryProvider initialized - data will not persist across restarts
12:30:07.014 [main] INFO  c.nova.link.channel.ChannelManager - Created channel: test-channel (scope=SERVER, client=test-client)
12:30:07.014 [main] INFO  c.nova.link.database.MemoryProvider - MemoryProvider initialized - data will not persist across restarts
12:30:07.014 [main] INFO  c.nova.link.channel.ChannelManager - Created channel: test-channel (scope=SERVER, client=test-client)
12:30:07.014 [main] INFO  c.nova.link.database.MemoryProvider - MemoryProvider initialized - data will not persist across restarts
12:30:07.014 [main] INFO  c.nova.link.channel.ChannelManager - Created channel: test-channel (scope=SERVER, client=test-client)
12:30:07.014 [main] INFO  c.nova.link.database.MemoryProvider - MemoryProvider initialized - data will not persist across restarts
12:30:07.014 [main] INFO  c.nova.link.channel.ChannelManager - Created channel: test-channel (scope=SERVER, client=test-client)
12:30:07.014 [main] INFO  c.nova.link.database.MemoryProvider - MemoryProvider initialized - data will not persist across restarts
12:30:07.014 [main] INFO  c.nova.link.channel.ChannelManager - Created channel: test-channel (scope=SERVER, client=test-client)
12:30:07.014 [main] INFO  c.nova.link.database.MemoryProvider - MemoryProvider initialized - data will not persist across restarts
12:30:07.014 [main] INFO  c.nova.link.channel.ChannelManager - Created channel: test-channel (scope=SERVER, client=test-client)
12:30:07.014 [main] INFO  c.nova.link.database.MemoryProvider - MemoryProvider initialized - data will not persist across restarts
12:30:07.014 [main] INFO  c.nova.link.channel.ChannelManager - Created channel: test-channel (scope=SERVER, client=test-client)
12:30:07.014 [main] INFO  c.nova.link.database.MemoryProvider - MemoryProvider initialized - data will not persist across restarts
12:30:07.014 [main] INFO  c.nova.link.channel.ChannelManager - Created channel: test-channel (scope=SERVER, client=test-client)
12:30:07.014 [main] INFO  c.nova.link.database.MemoryProvider - MemoryProvider initialized - data will not persist across restarts
12:30:07.014 [main] INFO  c.nova.link.channel.ChannelManager - Created channel: test-channel (scope=SERVER, client=test-client)
12:30:07.014 [main] INFO  c.nova.link.database.MemoryProvider - MemoryProvider initialized - data will not persist across restarts
12:30:07.014 [main] INFO  c.nova.link.channel.ChannelManager - Created channel: test-channel (scope=SERVER, client=test-client)
12:30:07.014 [main] INFO  c.nova.link.database.MemoryProvider - MemoryProvider initialized - data will not persist across restarts
12:30:07.014 [main] INFO  c.nova.link.channel.ChannelManager - Created channel: test-channel (scope=SERVER, client=test-client)
12:30:07.014 [main] INFO  c.nova.link.database.MemoryProvider - MemoryProvider initialized - data will not persist across restarts
12:30:07.014 [main] INFO  c.nova.link.channel.ChannelManager - Created channel: test-channel (scope=SERVER, client=test-client)
12:30:07.014 [main] INFO  c.nova.link.database.MemoryProvider - MemoryProvider initialized - data will not persist across restarts
12:30:07.014 [main] INFO  c.nova.link.channel.ChannelManager - Created channel: test-channel (scope=SERVER, client=test-client)
12:30:07.014 [main] INFO  c.nova.link.database.MemoryProvider - MemoryProvider initialized - data will not persist across restarts
12:30:07.014 [main] INFO  c.nova.link.channel.ChannelManager - Created channel: test-channel (scope=SERVER, client=test-client)
12:30:07.014 [main] INFO  c.nova.link.database.MemoryProvider - MemoryProvider initialized - data will not persist across restarts
12:30:07.014 [main] INFO  c.nova.link.channel.ChannelManager - Created channel: test-channel (scope=SERVER, client=test-client)
12:30:07.014 [main] INFO  c.nova.link.database.MemoryProvider - MemoryProvider initialized - data will not persist across restarts
12:30:07.014 [main] INFO  c.nova.link.channel.ChannelManager - Created channel: test-channel (scope=SERVER, client=test-client)
12:30:07.014 [main] INFO  c.nova.link.database.MemoryProvider - MemoryProvider initialized - data will not persist across restarts
12:30:07.014 [main] INFO  c.nova.link.channel.ChannelManager - Created channel: test-channel (scope=SERVER, client=test-client)
12:30:07.014 [main] INFO  c.nova.link.database.MemoryProvider - MemoryProvider initialized - data will not persist across restarts
12:30:07.014 [main] INFO  c.nova.link.channel.ChannelManager - Created channel: test-channel (scope=SERVER, client=test-client)
12:30:07.014 [main] INFO  c.nova.link.database.MemoryProvider - MemoryProvider initialized - data will not persist across restarts
12:30:07.014 [main] INFO  c.nova.link.channel.ChannelManager - Created channel: test-channel (scope=SERVER, client=test-client)
12:30:07.014 [main] INFO  c.nova.link.database.MemoryProvider - MemoryProvider initialized - data will not persist across restarts
12:30:07.014 [main] INFO  c.nova.link.channel.ChannelManager - Created channel: test-channel (scope=SERVER, client=test-client)
12:30:07.014 [main] INFO  c.nova.link.database.MemoryProvider - MemoryProvider initialized - data will not persist across restarts
12:30:07.014 [main] INFO  c.nova.link.channel.ChannelManager - Created channel: test-channel (scope=SERVER, client=test-client)
12:30:07.014 [main] INFO  c.nova.link.database.MemoryProvider - MemoryProvider initialized - data will not persist across restarts
12:30:07.014 [main] INFO  c.nova.link.channel.ChannelManager - Created channel: test-channel (scope=SERVER, client=test-client)
12:30:07.014 [main] INFO  c.nova.link.database.MemoryProvider - MemoryProvider initialized - data will not persist across restarts
12:30:07.014 [main] INFO  c.nova.link.channel.ChannelManager - Created channel: test-channel (scope=SERVER, client=test-client)
12:30:07.014 [main] INFO  c.nova.link.database.MemoryProvider - MemoryProvider initialized - data will not persist across restarts
12:30:07.014 [main] INFO  c.nova.link.channel.ChannelManager - Created channel: test-channel (scope=SERVER, client=test-client)
12:30:07.014 [main] INFO  c.nova.link.database.MemoryProvider - MemoryProvider initialized - data will not persist across restarts
12:30:07.014 [main] INFO  c.nova.link.channel.ChannelManager - Created channel: test-channel (scope=SERVER, client=test-client)
12:30:07.015 [main] INFO  c.nova.link.database.MemoryProvider - MemoryProvider initialized - data will not persist across restarts
12:30:07.015 [main] INFO  c.nova.link.channel.ChannelManager - Created channel: test-channel (scope=SERVER, client=test-client)
12:30:07.015 [main] INFO  c.nova.link.database.MemoryProvider - MemoryProvider initialized - data will not persist across restarts
12:30:07.015 [main] INFO  c.nova.link.channel.ChannelManager - Created channel: test-channel (scope=SERVER, client=test-client)
12:30:07.015 [main] INFO  c.nova.link.database.MemoryProvider - MemoryProvider initialized - data will not persist across restarts
12:30:07.015 [main] INFO  c.nova.link.channel.ChannelManager - Created channel: test-channel (scope=SERVER, client=test-client)
12:30:07.015 [main] INFO  c.nova.link.database.MemoryProvider - MemoryProvider initialized - data will not persist across restarts
12:30:07.015 [main] INFO  c.nova.link.channel.ChannelManager - Created channel: test-channel (scope=SERVER, client=test-client)
12:30:07.015 [main] INFO  c.nova.link.database.MemoryProvider - MemoryProvider initialized - data will not persist across restarts
12:30:07.015 [main] INFO  c.nova.link.channel.ChannelManager - Created channel: test-channel (scope=SERVER, client=test-client)
12:30:07.015 [main] INFO  c.nova.link.database.MemoryProvider - MemoryProvider initialized - data will not persist across restarts
12:30:07.015 [main] INFO  c.nova.link.channel.ChannelManager - Created channel: test-channel (scope=SERVER, client=test-client)
12:30:07.015 [main] INFO  c.nova.link.database.MemoryProvider - MemoryProvider initialized - data will not persist across restarts
12:30:07.015 [main] INFO  c.nova.link.channel.ChannelManager - Created channel: test-channel (scope=SERVER, client=test-client)
12:30:07.015 [main] INFO  c.nova.link.database.MemoryProvider - MemoryProvider initialized - data will not persist across restarts
12:30:07.015 [main] INFO  c.nova.link.channel.ChannelManager - Created channel: test-channel (scope=SERVER, client=test-client)
12:30:07.015 [main] INFO  c.nova.link.database.MemoryProvider - MemoryProvider initialized - data will not persist across restarts
12:30:07.015 [main] INFO  c.nova.link.channel.ChannelManager - Created channel: test-channel (scope=SERVER, client=test-client)
12:30:07.015 [main] INFO  c.nova.link.database.MemoryProvider - MemoryProvider initialized - data will not persist across restarts
12:30:07.015 [main] INFO  c.nova.link.channel.ChannelManager - Created channel: test-channel (scope=SERVER, client=test-client)
12:30:07.015 [main] INFO  c.nova.link.database.MemoryProvider - MemoryProvider initialized - data will not persist across restarts
12:30:07.015 [main] INFO  c.nova.link.channel.ChannelManager - Created channel: test-channel (scope=SERVER, client=test-client)
12:30:07.015 [main] INFO  c.nova.link.database.MemoryProvider - MemoryProvider initialized - data will not persist across restarts
12:30:07.015 [main] INFO  c.nova.link.channel.ChannelManager - Created channel: test-channel (scope=SERVER, client=test-client)
12:30:07.015 [main] INFO  c.nova.link.database.MemoryProvider - MemoryProvider initialized - data will not persist across restarts
12:30:07.015 [main] INFO  c.nova.link.channel.ChannelManager - Created channel: test-channel (scope=SERVER, client=test-client)
12:30:07.015 [main] INFO  c.nova.link.database.MemoryProvider - MemoryProvider initialized - data will not persist across restarts
12:30:07.015 [main] INFO  c.nova.link.channel.ChannelManager - Created channel: test-channel (scope=SERVER, client=test-client)
]]></system-out>
  </testcase>
</testsuite>